2021-12-26 02:47:10,941 - root - INFO - Namespace(agg_type='sum', batch_size=128, curvature=1.0, data_dir='/cache/chenyankai/LKGR_final/data/', data_name='book', dropout=0.0, gpu_id=0, kg_file='kg_final.txt', l2_weight=5e-07, lr=0.001, n_epochs=10, n_layer=1, node_dim=64, sample_size=8, saved_dir='logs/book/Dim64/', seed=2021)
2021-12-26 02:47:10,941 - root - INFO - Run-exp-TopK_recommendation
2021-12-26 02:47:10,941 - root - INFO - train_1.txt
2021-12-26 02:47:17,789 - root - INFO - n_users:           17860
2021-12-26 02:47:17,789 - root - INFO - n_items:           14967
2021-12-26 02:47:17,789 - root - INFO - n_entities:         77903
2021-12-26 02:47:17,789 - root - INFO - n_users_entities:   95763
2021-12-26 02:47:17,789 - root - INFO - n_relations:        25
2021-12-26 02:48:18,296 - root - INFO - Epoch 1  Loss: 0.6261  Train-Time: 56.033s  Eval-Time: 1.030s 
2021-12-26 02:48:18,296 - root - INFO - Eval P:[0.0500 0.0180 0.0110 0.0080 0.0050 0.0037 ] | R:[0.0293 0.0510 0.0710 0.0869 0.1159 0.1665 ] | NDCG: [0.0500 0.0476 0.0524 0.0575 0.0652 0.0746 ]
2021-12-26 02:48:18,296 - root - INFO - Test P:[0.0300 0.0140 0.0120 0.0075 0.0044 0.0030 ] | R:0.0250 0.0500 0.0762 0.0912 0.1214 0.1643 ] | NDCG:0.0300 0.0400 0.0493 0.0538 0.0611 0.0687 ]
2021-12-26 02:48:18,297 - root - INFO - 
2021-12-26 02:49:14,775 - root - INFO - Epoch 2  Loss: 0.4659  Train-Time: 55.455s  Eval-Time: 0.947s 
2021-12-26 02:49:14,775 - root - INFO - Eval P:[0.0500 0.0260 0.0140 0.0085 0.0050 0.0031 ] | R:[0.0375 0.0892 0.0992 0.1212 0.1732 0.1940 ] | NDCG: [0.0500 0.0681 0.0708 0.0766 0.0875 0.0919 ]
2021-12-26 02:49:14,775 - root - INFO - Test P:[0.0500 0.0160 0.0100 0.0070 0.0038 0.0030 ] | R:0.0310 0.0493 0.0568 0.0601 0.0811 0.1385 ] | NDCG:0.0500 0.0488 0.0509 0.0529 0.0577 0.0683 ]
2021-12-26 02:49:14,775 - root - INFO - 
2021-12-26 02:50:10,939 - root - INFO - Epoch 3  Loss: 0.2624  Train-Time: 55.048s  Eval-Time: 1.038s 
2021-12-26 02:50:10,939 - root - INFO - Eval P:[0.0300 0.0200 0.0120 0.0060 0.0046 0.0033 ] | R:[0.0125 0.0638 0.0691 0.0691 0.1357 0.1744 ] | NDCG: [0.0300 0.0439 0.0444 0.0441 0.0584 0.0660 ]
2021-12-26 02:50:10,939 - root - INFO - Test P:[0.0100 0.0200 0.0100 0.0065 0.0034 0.0024 ] | R:0.0100 0.0600 0.0600 0.0742 0.1092 0.1318 ] | NDCG:0.0100 0.0445 0.0439 0.0478 0.0555 0.0603 ]
2021-12-26 02:50:10,939 - root - INFO - 
2021-12-26 02:51:07,353 - root - INFO - Epoch 4  Loss: 0.1074  Train-Time: 55.387s  Eval-Time: 0.948s 
2021-12-26 02:51:07,353 - root - INFO - Eval P:[0.0100 0.0160 0.0110 0.0060 0.0034 0.0024 ] | R:[0.0100 0.0581 0.0696 0.0796 0.1128 0.1448 ] | NDCG: [0.0100 0.0381 0.0421 0.0444 0.0516 0.0577 ]
2021-12-26 02:51:07,353 - root - INFO - Test P:[0.0000 0.0140 0.0080 0.0050 0.0030 0.0020 ] | R:0.0000 0.0333 0.0433 0.0545 0.0786 0.0989 ] | NDCG:0.0000 0.0221 0.0250 0.0280 0.0342 0.0383 ]
2021-12-26 02:51:07,353 - root - INFO - 
2021-12-26 02:52:03,923 - root - INFO - Epoch 5  Loss: 0.0439  Train-Time: 55.494s  Eval-Time: 0.998s 
2021-12-26 02:52:03,924 - root - INFO - Eval P:[0.0100 0.0160 0.0140 0.0070 0.0036 0.0020 ] | R:[0.0100 0.0650 0.1103 0.1103 0.1453 0.1603 ] | NDCG: [0.0100 0.0409 0.0573 0.0573 0.0641 0.0666 ]
2021-12-26 02:52:03,924 - root - INFO - Test P:[0.0100 0.0160 0.0100 0.0050 0.0032 0.0020 ] | R:0.0050 0.0325 0.0431 0.0431 0.0655 0.0838 ] | NDCG:0.0100 0.0260 0.0282 0.0275 0.0332 0.0368 ]
2021-12-26 02:52:03,924 - root - INFO - 
2021-12-26 02:52:58,964 - root - INFO - Epoch 6  Loss: 0.0202  Train-Time: 53.986s  Eval-Time: 0.977s 
2021-12-26 02:52:58,965 - root - INFO - Eval P:[0.0100 0.0160 0.0130 0.0070 0.0036 0.0027 ] | R:[0.0100 0.0413 0.0602 0.0612 0.0787 0.1118 ] | NDCG: [0.0100 0.0282 0.0354 0.0360 0.0399 0.0464 ]
2021-12-26 02:52:58,965 - root - INFO - Test P:[0.0100 0.0200 0.0110 0.0055 0.0030 0.0019 ] | R:0.0006 0.0648 0.0673 0.0673 0.1006 0.1184 ] | NDCG:0.0100 0.0396 0.0397 0.0391 0.0460 0.0494 ]
2021-12-26 02:52:58,965 - root - INFO - 
2021-12-26 02:53:53,133 - root - INFO - Epoch 7  Loss: 0.0097  Train-Time: 53.089s  Eval-Time: 0.998s 
2021-12-26 02:53:53,133 - root - INFO - Eval P:[0.0100 0.0140 0.0130 0.0070 0.0036 0.0020 ] | R:[0.0100 0.0600 0.1083 0.1091 0.1366 0.1474 ] | NDCG: [0.0100 0.0361 0.0530 0.0535 0.0594 0.0612 ]
2021-12-26 02:53:53,133 - root - INFO - Test P:[0.0000 0.0120 0.0060 0.0030 0.0022 0.0016 ] | R:0.0000 0.0248 0.0248 0.0248 0.0478 0.0695 ] | NDCG:0.0000 0.0171 0.0159 0.0152 0.0203 0.0247 ]
2021-12-26 02:53:53,133 - root - INFO - 
2021-12-26 02:54:46,989 - root - INFO - Epoch 8  Loss: 0.0054  Train-Time: 52.827s  Eval-Time: 0.953s 
2021-12-26 02:54:46,989 - root - INFO - Eval P:[0.0100 0.0260 0.0160 0.0080 0.0046 0.0026 ] | R:[0.0100 0.0742 0.0947 0.0947 0.1227 0.1352 ] | NDCG: [0.0100 0.0488 0.0548 0.0545 0.0614 0.0640 ]
2021-12-26 02:54:46,989 - root - INFO - Test P:[0.0100 0.0180 0.0140 0.0080 0.0040 0.0028 ] | R:0.0020 0.0670 0.0888 0.0917 0.1152 0.1302 ] | NDCG:0.0100 0.0398 0.0488 0.0500 0.0547 0.0585 ]
2021-12-26 02:54:46,989 - root - INFO - 
2021-12-26 02:55:41,000 - root - INFO - Epoch 9  Loss: 0.0036  Train-Time: 52.925s  Eval-Time: 1.007s 
2021-12-26 02:55:41,000 - root - INFO - Eval P:[0.0100 0.0140 0.0090 0.0050 0.0038 0.0023 ] | R:[0.0025 0.0550 0.0617 0.0717 0.1123 0.1262 ] | NDCG: [0.0100 0.0301 0.0333 0.0360 0.0453 0.0478 ]
2021-12-26 02:55:41,000 - root - INFO - Test P:[0.0000 0.0100 0.0070 0.0040 0.0020 0.0019 ] | R:0.0000 0.0271 0.0321 0.0421 0.0479 0.0729 ] | NDCG:0.0000 0.0158 0.0183 0.0204 0.0216 0.0268 ]
2021-12-26 02:55:41,000 - root - INFO - 
2021-12-26 02:56:34,807 - root - INFO - Epoch 10  Loss: 0.0028  Train-Time: 52.771s  Eval-Time: 0.957s 
2021-12-26 02:56:34,807 - root - INFO - Eval P:[0.0200 0.0240 0.0130 0.0075 0.0040 0.0024 ] | R:[0.0050 0.0887 0.0902 0.1035 0.1348 0.1473 ] | NDCG: [0.0200 0.0502 0.0505 0.0545 0.0611 0.0637 ]
2021-12-26 02:56:34,807 - root - INFO - Test P:[0.0200 0.0160 0.0090 0.0050 0.0032 0.0018 ] | R:0.0200 0.0571 0.0671 0.0721 0.0990 0.1074 ] | NDCG:0.0200 0.0408 0.0439 0.0454 0.0517 0.0533 ]
2021-12-26 02:56:34,807 - root - INFO - 
2021-12-26 02:56:34,807 - root - INFO - Total: 6343026 
2021-12-26 02:56:34,865 - root - INFO - 
2021-12-26 02:56:34,865 - root - INFO - Top@k Evaluation
2021-12-26 02:56:34,865 - root - INFO - Top@1:  Best epoch: 2   corresponding Test R: 0.0310    corresponding Test NDCG: 0.0500
2021-12-26 02:56:34,865 - root - INFO - Top@5:  Best epoch: 2   corresponding Test R: 0.0493    corresponding Test NDCG: 0.0488
2021-12-26 02:56:34,865 - root - INFO - Top@10:  Best epoch: 5   corresponding Test R: 0.0431    corresponding Test NDCG: 0.0282
2021-12-26 02:56:34,865 - root - INFO - Top@20:  Best epoch: 2   corresponding Test R: 0.0601    corresponding Test NDCG: 0.0529
2021-12-26 02:56:34,865 - root - INFO - Top@50:  Best epoch: 2   corresponding Test R: 0.0811    corresponding Test NDCG: 0.0577
2021-12-26 02:56:34,865 - root - INFO - Top@100:  Best epoch: 2   corresponding Test R: 0.1385    corresponding Test NDCG: 0.0683
2021-12-26 02:56:34,865 - root - INFO - --------------------------------
2021-12-26 02:56:34,865 - root - INFO - 
2021-12-26 02:56:34,865 - root - INFO - train_2.txt
2021-12-26 02:56:38,363 - root - INFO - n_users:           17860
2021-12-26 02:56:38,364 - root - INFO - n_items:           14967
2021-12-26 02:56:38,364 - root - INFO - n_entities:         77903
2021-12-26 02:56:38,364 - root - INFO - n_users_entities:   95763
2021-12-26 02:56:38,364 - root - INFO - n_relations:        25
2021-12-26 02:57:36,222 - root - INFO - Epoch 1  Loss: 0.6258  Train-Time: 53.542s  Eval-Time: 0.967s 
2021-12-26 02:57:36,222 - root - INFO - Eval P:[0.0700 0.0200 0.0140 0.0090 0.0052 0.0043 ] | R:[0.0445 0.0628 0.0711 0.0897 0.1164 0.1472 ] | NDCG: [0.0700 0.0597 0.0626 0.0671 0.0732 0.0809 ]
2021-12-26 02:57:36,222 - root - INFO - Test P:[0.0700 0.0260 0.0170 0.0130 0.0082 0.0057 ] | R:0.0601 0.0698 0.0713 0.0887 0.1307 0.1504 ] | NDCG:0.0700 0.0749 0.0742 0.0784 0.0869 0.0902 ]
2021-12-26 02:57:36,222 - root - INFO - 
2021-12-26 02:58:30,249 - root - INFO - Epoch 2  Loss: 0.4729  Train-Time: 53.000s  Eval-Time: 0.951s 
2021-12-26 02:58:30,249 - root - INFO - Eval P:[0.0400 0.0160 0.0090 0.0080 0.0044 0.0038 ] | R:[0.0400 0.0720 0.0745 0.1219 0.1570 0.2006 ] | NDCG: [0.0400 0.0569 0.0583 0.0704 0.0780 0.0877 ]
2021-12-26 02:58:30,249 - root - INFO - Test P:[0.0800 0.0220 0.0150 0.0105 0.0070 0.0041 ] | R:0.0517 0.0643 0.0761 0.1161 0.1566 0.1716 ] | NDCG:0.0800 0.0695 0.0728 0.0821 0.0903 0.0922 ]
2021-12-26 02:58:30,249 - root - INFO - 
2021-12-26 02:59:24,273 - root - INFO - Epoch 3  Loss: 0.2584  Train-Time: 52.926s  Eval-Time: 1.022s 
2021-12-26 02:59:24,274 - root - INFO - Eval P:[0.0400 0.0120 0.0120 0.0065 0.0040 0.0027 ] | R:[0.0312 0.0413 0.0743 0.0777 0.1186 0.1580 ] | NDCG: [0.0400 0.0388 0.0496 0.0506 0.0599 0.0670 ]
2021-12-26 02:59:24,274 - root - INFO - Test P:[0.0300 0.0180 0.0110 0.0065 0.0040 0.0024 ] | R:0.0250 0.0549 0.0591 0.0707 0.1116 0.1207 ] | NDCG:0.0300 0.0439 0.0458 0.0490 0.0582 0.0606 ]
2021-12-26 02:59:24,274 - root - INFO - 
2021-12-26 03:00:17,598 - root - INFO - Epoch 4  Loss: 0.0956  Train-Time: 52.300s  Eval-Time: 0.948s 
2021-12-26 03:00:17,598 - root - INFO - Eval P:[0.0100 0.0180 0.0120 0.0070 0.0042 0.0024 ] | R:[0.0100 0.0672 0.0778 0.0883 0.1314 0.1357 ] | NDCG: [0.0100 0.0423 0.0469 0.0493 0.0588 0.0602 ]
2021-12-26 03:00:17,598 - root - INFO - Test P:[0.0100 0.0120 0.0070 0.0040 0.0036 0.0026 ] | R:0.0100 0.0377 0.0385 0.0393 0.0732 0.0933 ] | NDCG:0.0100 0.0295 0.0294 0.0299 0.0383 0.0427 ]
2021-12-26 03:00:17,598 - root - INFO - 
2021-12-26 03:01:11,126 - root - INFO - Epoch 5  Loss: 0.0372  Train-Time: 52.457s  Eval-Time: 0.991s 
2021-12-26 03:01:11,126 - root - INFO - Eval P:[0.0000 0.0180 0.0100 0.0050 0.0026 0.0017 ] | R:[0.0000 0.0489 0.0589 0.0589 0.0734 0.0804 ] | NDCG: [0.0000 0.0311 0.0338 0.0336 0.0369 0.0387 ]
2021-12-26 03:01:11,126 - root - INFO - Test P:[0.0500 0.0180 0.0110 0.0065 0.0034 0.0024 ] | R:0.0277 0.0677 0.0810 0.1010 0.1168 0.1457 ] | NDCG:0.0500 0.0530 0.0567 0.0618 0.0660 0.0719 ]
2021-12-26 03:01:11,126 - root - INFO - 
2021-12-26 03:02:04,474 - root - INFO - Epoch 6  Loss: 0.0163  Train-Time: 52.327s  Eval-Time: 0.943s 
2021-12-26 03:02:04,474 - root - INFO - Eval P:[0.0200 0.0220 0.0120 0.0065 0.0032 0.0023 ] | R:[0.0125 0.0706 0.0756 0.0759 0.0879 0.1180 ] | NDCG: [0.0200 0.0524 0.0536 0.0539 0.0567 0.0623 ]
2021-12-26 03:02:04,474 - root - INFO - Test P:[0.0200 0.0120 0.0080 0.0050 0.0036 0.0023 ] | R:0.0125 0.0263 0.0375 0.0482 0.1007 0.1192 ] | NDCG:0.0200 0.0262 0.0289 0.0318 0.0431 0.0468 ]
2021-12-26 03:02:04,474 - root - INFO - 
2021-12-26 03:02:58,848 - root - INFO - Epoch 7  Loss: 0.0078  Train-Time: 53.307s  Eval-Time: 0.990s 
2021-12-26 03:02:58,848 - root - INFO - Eval P:[0.0200 0.0140 0.0080 0.0045 0.0034 0.0026 ] | R:[0.0200 0.0570 0.0670 0.0703 0.0970 0.1353 ] | NDCG: [0.0200 0.0408 0.0441 0.0453 0.0523 0.0596 ]
2021-12-26 03:02:58,848 - root - INFO - Test P:[0.0200 0.0200 0.0110 0.0060 0.0032 0.0020 ] | R:0.0075 0.0650 0.0658 0.0683 0.0842 0.1125 ] | NDCG:0.0200 0.0454 0.0455 0.0464 0.0503 0.0553 ]
2021-12-26 03:02:58,848 - root - INFO - 
2021-12-26 03:03:52,518 - root - INFO - Epoch 8  Loss: 0.0047  Train-Time: 52.632s  Eval-Time: 0.962s 
2021-12-26 03:03:52,518 - root - INFO - Eval P:[0.0000 0.0140 0.0080 0.0045 0.0034 0.0023 ] | R:[0.0000 0.0575 0.0675 0.0775 0.1206 0.1342 ] | NDCG: [0.0000 0.0323 0.0356 0.0383 0.0479 0.0510 ]
2021-12-26 03:03:52,518 - root - INFO - Test P:[0.0200 0.0180 0.0110 0.0060 0.0042 0.0025 ] | R:0.0105 0.0477 0.0581 0.0631 0.1043 0.1230 ] | NDCG:0.0200 0.0384 0.0407 0.0414 0.0506 0.0541 ]
2021-12-26 03:03:52,518 - root - INFO - 
2021-12-26 03:04:48,453 - root - INFO - Epoch 9  Loss: 0.0032  Train-Time: 54.861s  Eval-Time: 0.994s 
2021-12-26 03:04:48,453 - root - INFO - Eval P:[0.0000 0.0200 0.0120 0.0060 0.0030 0.0023 ] | R:[0.0000 0.0654 0.0804 0.0804 0.1013 0.1292 ] | NDCG: [0.0000 0.0438 0.0480 0.0472 0.0508 0.0565 ]
2021-12-26 03:04:48,453 - root - INFO - Test P:[0.0100 0.0180 0.0100 0.0060 0.0036 0.0025 ] | R:0.0100 0.0583 0.0595 0.0599 0.1061 0.1178 ] | NDCG:0.0100 0.0404 0.0395 0.0399 0.0488 0.0518 ]
2021-12-26 03:04:48,453 - root - INFO - 
2021-12-26 03:05:41,770 - root - INFO - Epoch 10  Loss: 0.0023  Train-Time: 52.293s  Eval-Time: 0.946s 
2021-12-26 03:05:41,771 - root - INFO - Eval P:[0.0300 0.0200 0.0110 0.0065 0.0038 0.0021 ] | R:[0.0225 0.0725 0.0733 0.0773 0.1147 0.1185 ] | NDCG: [0.0300 0.0531 0.0535 0.0551 0.0630 0.0639 ]
2021-12-26 03:05:41,771 - root - INFO - Test P:[0.0000 0.0100 0.0070 0.0035 0.0028 0.0017 ] | R:0.0000 0.0420 0.0483 0.0483 0.0895 0.0963 ] | NDCG:0.0000 0.0252 0.0282 0.0282 0.0375 0.0392 ]
2021-12-26 03:05:41,771 - root - INFO - 
2021-12-26 03:05:41,771 - root - INFO - Total: 6343026 
2021-12-26 03:05:41,825 - root - INFO - 
2021-12-26 03:05:41,826 - root - INFO - Top@k Evaluation
2021-12-26 03:05:41,826 - root - INFO - Top@1:  Best epoch: 1   corresponding Test R: 0.0601    corresponding Test NDCG: 0.0700
2021-12-26 03:05:41,826 - root - INFO - Top@5:  Best epoch: 10   corresponding Test R: 0.0420    corresponding Test NDCG: 0.0252
2021-12-26 03:05:41,826 - root - INFO - Top@10:  Best epoch: 9   corresponding Test R: 0.0595    corresponding Test NDCG: 0.0395
2021-12-26 03:05:41,826 - root - INFO - Top@20:  Best epoch: 2   corresponding Test R: 0.1161    corresponding Test NDCG: 0.0821
2021-12-26 03:05:41,826 - root - INFO - Top@50:  Best epoch: 2   corresponding Test R: 0.1566    corresponding Test NDCG: 0.0903
2021-12-26 03:05:41,826 - root - INFO - Top@100:  Best epoch: 2   corresponding Test R: 0.1716    corresponding Test NDCG: 0.0922
2021-12-26 03:05:41,826 - root - INFO - --------------------------------
2021-12-26 03:05:41,826 - root - INFO - 
2021-12-26 03:05:41,826 - root - INFO - train_3.txt
2021-12-26 03:05:45,346 - root - INFO - n_users:           17860
2021-12-26 03:05:45,346 - root - INFO - n_items:           14967
2021-12-26 03:05:45,346 - root - INFO - n_entities:         77903
2021-12-26 03:05:45,346 - root - INFO - n_users_entities:   95763
2021-12-26 03:05:45,346 - root - INFO - n_relations:        25
2021-12-26 03:06:41,638 - root - INFO - Epoch 1  Loss: 0.6255  Train-Time: 52.072s  Eval-Time: 0.950s 
2021-12-26 03:06:41,638 - root - INFO - Eval P:[0.0600 0.0200 0.0130 0.0100 0.0062 0.0045 ] | R:[0.0283 0.0594 0.0747 0.1207 0.1648 0.2374 ] | NDCG: [0.0600 0.0518 0.0573 0.0699 0.0804 0.0932 ]
2021-12-26 03:06:41,639 - root - INFO - Test P:[0.0700 0.0180 0.0120 0.0090 0.0044 0.0035 ] | R:0.0548 0.0662 0.0845 0.1136 0.1296 0.1718 ] | NDCG:0.0700 0.0634 0.0694 0.0778 0.0819 0.0910 ]
2021-12-26 03:06:41,639 - root - INFO - 
2021-12-26 03:07:35,512 - root - INFO - Epoch 2  Loss: 0.4646  Train-Time: 52.824s  Eval-Time: 0.973s 
2021-12-26 03:07:35,512 - root - INFO - Eval P:[0.0700 0.0160 0.0090 0.0070 0.0044 0.0027 ] | R:[0.0433 0.0533 0.0633 0.0892 0.1331 0.1514 ] | NDCG: [0.0700 0.0532 0.0557 0.0631 0.0729 0.0769 ]
2021-12-26 03:07:35,512 - root - INFO - Test P:[0.0600 0.0180 0.0100 0.0070 0.0040 0.0032 ] | R:0.0533 0.0581 0.0681 0.0964 0.1261 0.1840 ] | NDCG:0.0600 0.0602 0.0622 0.0696 0.0761 0.0871 ]
2021-12-26 03:07:35,512 - root - INFO - 
2021-12-26 03:08:29,047 - root - INFO - Epoch 3  Loss: 0.2625  Train-Time: 52.478s  Eval-Time: 0.982s 
2021-12-26 03:08:29,047 - root - INFO - Eval P:[0.0600 0.0260 0.0160 0.0085 0.0054 0.0034 ] | R:[0.0308 0.0755 0.0882 0.0982 0.1361 0.1580 ] | NDCG: [0.0600 0.0685 0.0714 0.0736 0.0828 0.0877 ]
2021-12-26 03:08:29,047 - root - INFO - Test P:[0.0200 0.0220 0.0140 0.0085 0.0050 0.0029 ] | R:0.0133 0.0618 0.0868 0.1043 0.1524 0.1616 ] | NDCG:0.0200 0.0490 0.0568 0.0613 0.0720 0.0743 ]
2021-12-26 03:08:29,047 - root - INFO - 
2021-12-26 03:09:23,039 - root - INFO - Epoch 4  Loss: 0.1068  Train-Time: 52.964s  Eval-Time: 0.951s 
2021-12-26 03:09:23,039 - root - INFO - Eval P:[0.0100 0.0080 0.0050 0.0035 0.0030 0.0021 ] | R:[0.0050 0.0108 0.0133 0.0267 0.0640 0.0873 ] | NDCG: [0.0100 0.0121 0.0125 0.0163 0.0247 0.0293 ]
2021-12-26 03:09:23,039 - root - INFO - Test P:[0.0200 0.0220 0.0120 0.0070 0.0036 0.0022 ] | R:0.0042 0.0673 0.0685 0.0712 0.1017 0.1139 ] | NDCG:0.0200 0.0455 0.0445 0.0456 0.0519 0.0542 ]
2021-12-26 03:09:23,039 - root - INFO - 
2021-12-26 03:10:16,963 - root - INFO - Epoch 5  Loss: 0.0428  Train-Time: 52.837s  Eval-Time: 1.013s 
2021-12-26 03:10:16,963 - root - INFO - Eval P:[0.0000 0.0100 0.0060 0.0035 0.0024 0.0017 ] | R:[0.0000 0.0225 0.0250 0.0350 0.0527 0.0694 ] | NDCG: [0.0000 0.0148 0.0145 0.0162 0.0203 0.0237 ]
2021-12-26 03:10:16,963 - root - INFO - Test P:[0.0100 0.0220 0.0150 0.0080 0.0034 0.0029 ] | R:0.0100 0.0721 0.0930 0.1030 0.1031 0.1500 ] | NDCG:0.0100 0.0507 0.0579 0.0593 0.0588 0.0681 ]
2021-12-26 03:10:16,963 - root - INFO - 
2021-12-26 03:11:10,570 - root - INFO - Epoch 6  Loss: 0.0193  Train-Time: 52.565s  Eval-Time: 0.967s 
2021-12-26 03:11:10,571 - root - INFO - Eval P:[0.0100 0.0260 0.0140 0.0080 0.0048 0.0032 ] | R:[0.0100 0.0825 0.0875 0.1075 0.1409 0.1599 ] | NDCG: [0.0100 0.0554 0.0574 0.0628 0.0707 0.0749 ]
2021-12-26 03:11:10,571 - root - INFO - Test P:[0.0000 0.0040 0.0040 0.0025 0.0022 0.0019 ] | R:0.0000 0.0043 0.0073 0.0077 0.0525 0.0909 ] | NDCG:0.0000 0.0042 0.0053 0.0056 0.0141 0.0213 ]
2021-12-26 03:11:10,571 - root - INFO - 
2021-12-26 03:12:04,745 - root - INFO - Epoch 7  Loss: 0.0092  Train-Time: 53.055s  Eval-Time: 1.044s 
2021-12-26 03:12:04,745 - root - INFO - Eval P:[0.0100 0.0120 0.0070 0.0040 0.0024 0.0015 ] | R:[0.0100 0.0393 0.0400 0.0415 0.0512 0.0720 ] | NDCG: [0.0100 0.0279 0.0280 0.0285 0.0313 0.0349 ]
2021-12-26 03:12:04,745 - root - INFO - Test P:[0.0000 0.0060 0.0090 0.0050 0.0026 0.0017 ] | R:0.0000 0.0183 0.0528 0.0628 0.0861 0.1128 ] | NDCG:0.0000 0.0111 0.0241 0.0265 0.0311 0.0360 ]
2021-12-26 03:12:04,745 - root - INFO - 
2021-12-26 03:12:58,168 - root - INFO - Epoch 8  Loss: 0.0048  Train-Time: 52.402s  Eval-Time: 0.946s 
2021-12-26 03:12:58,168 - root - INFO - Eval P:[0.0000 0.0100 0.0070 0.0045 0.0026 0.0017 ] | R:[0.0000 0.0375 0.0500 0.0633 0.0892 0.1192 ] | NDCG: [0.0000 0.0225 0.0268 0.0306 0.0359 0.0412 ]
2021-12-26 03:12:58,168 - root - INFO - Test P:[0.0000 0.0140 0.0120 0.0080 0.0044 0.0031 ] | R:0.0000 0.0535 0.0611 0.0828 0.1160 0.1558 ] | NDCG:0.0000 0.0258 0.0298 0.0354 0.0416 0.0489 ]
2021-12-26 03:12:58,168 - root - INFO - 
2021-12-26 03:13:52,335 - root - INFO - Epoch 9  Loss: 0.0032  Train-Time: 53.079s  Eval-Time: 1.012s 
2021-12-26 03:13:52,335 - root - INFO - Eval P:[0.0100 0.0280 0.0160 0.0090 0.0040 0.0027 ] | R:[0.0100 0.0865 0.0892 0.1025 0.1150 0.1304 ] | NDCG: [0.0100 0.0586 0.0576 0.0603 0.0626 0.0661 ]
2021-12-26 03:13:52,335 - root - INFO - Test P:[0.0200 0.0220 0.0130 0.0070 0.0032 0.0018 ] | R:0.0200 0.0777 0.0837 0.0870 0.1020 0.1047 ] | NDCG:0.0200 0.0563 0.0579 0.0591 0.0620 0.0628 ]
2021-12-26 03:13:52,335 - root - INFO - 
2021-12-26 03:14:46,298 - root - INFO - Epoch 10  Loss: 0.0024  Train-Time: 52.908s  Eval-Time: 0.978s 
2021-12-26 03:14:46,298 - root - INFO - Eval P:[0.0000 0.0080 0.0080 0.0055 0.0026 0.0022 ] | R:[0.0000 0.0067 0.0317 0.0492 0.0592 0.0731 ] | NDCG: [0.0000 0.0070 0.0151 0.0201 0.0225 0.0265 ]
2021-12-26 03:14:46,298 - root - INFO - Test P:[0.0000 0.0220 0.0110 0.0060 0.0030 0.0018 ] | R:0.0000 0.0671 0.0671 0.0691 0.0857 0.1007 ] | NDCG:0.0000 0.0423 0.0414 0.0418 0.0453 0.0483 ]
2021-12-26 03:14:46,298 - root - INFO - 
2021-12-26 03:14:46,298 - root - INFO - Total: 6343026 
2021-12-26 03:14:46,364 - root - INFO - 
2021-12-26 03:14:46,365 - root - INFO - Top@k Evaluation
2021-12-26 03:14:46,365 - root - INFO - Top@1:  Best epoch: 2   corresponding Test R: 0.0533    corresponding Test NDCG: 0.0600
2021-12-26 03:14:46,365 - root - INFO - Top@5:  Best epoch: 9   corresponding Test R: 0.0777    corresponding Test NDCG: 0.0563
2021-12-26 03:14:46,365 - root - INFO - Top@10:  Best epoch: 9   corresponding Test R: 0.0837    corresponding Test NDCG: 0.0579
2021-12-26 03:14:46,365 - root - INFO - Top@20:  Best epoch: 1   corresponding Test R: 0.1136    corresponding Test NDCG: 0.0778
2021-12-26 03:14:46,365 - root - INFO - Top@50:  Best epoch: 1   corresponding Test R: 0.1296    corresponding Test NDCG: 0.0819
2021-12-26 03:14:46,365 - root - INFO - Top@100:  Best epoch: 1   corresponding Test R: 0.1718    corresponding Test NDCG: 0.0910
2021-12-26 03:14:46,365 - root - INFO - --------------------------------
2021-12-26 03:14:46,365 - root - INFO - 
2021-12-26 03:14:46,365 - root - INFO - train_4.txt
2021-12-26 03:14:49,909 - root - INFO - n_users:           17860
2021-12-26 03:14:49,909 - root - INFO - n_items:           14967
2021-12-26 03:14:49,909 - root - INFO - n_entities:         77903
2021-12-26 03:14:49,909 - root - INFO - n_users_entities:   95763
2021-12-26 03:14:49,909 - root - INFO - n_relations:        25
2021-12-26 03:15:47,275 - root - INFO - Epoch 1  Loss: 0.6270  Train-Time: 53.027s  Eval-Time: 0.982s 
2021-12-26 03:15:47,275 - root - INFO - Eval P:[0.0500 0.0100 0.0080 0.0055 0.0034 0.0022 ] | R:[0.0400 0.0400 0.0567 0.0867 0.1392 0.1733 ] | NDCG: [0.0500 0.0423 0.0488 0.0563 0.0667 0.0729 ]
2021-12-26 03:15:47,276 - root - INFO - Test P:[0.0300 0.0080 0.0050 0.0025 0.0028 0.0016 ] | R:0.0250 0.0283 0.0383 0.0383 0.0873 0.1073 ] | NDCG:0.0300 0.0282 0.0313 0.0313 0.0426 0.0459 ]
2021-12-26 03:15:47,276 - root - INFO - 
2021-12-26 03:16:42,401 - root - INFO - Epoch 2  Loss: 0.4660  Train-Time: 54.060s  Eval-Time: 0.986s 
2021-12-26 03:16:42,402 - root - INFO - Eval P:[0.0400 0.0100 0.0080 0.0055 0.0048 0.0036 ] | R:[0.0218 0.0228 0.0278 0.0443 0.0900 0.1429 ] | NDCG: [0.0400 0.0289 0.0293 0.0335 0.0445 0.0548 ]
2021-12-26 03:16:42,402 - root - INFO - Test P:[0.0900 0.0220 0.0140 0.0080 0.0042 0.0026 ] | R:0.0551 0.0701 0.0871 0.0991 0.1186 0.1306 ] | NDCG:0.0900 0.0725 0.0785 0.0819 0.0868 0.0898 ]
2021-12-26 03:16:42,402 - root - INFO - 
2021-12-26 03:17:36,094 - root - INFO - Epoch 3  Loss: 0.2469  Train-Time: 52.591s  Eval-Time: 1.023s 
2021-12-26 03:17:36,094 - root - INFO - Eval P:[0.0800 0.0240 0.0140 0.0110 0.0058 0.0042 ] | R:[0.0401 0.0602 0.0802 0.1061 0.1278 0.1581 ] | NDCG: [0.0800 0.0620 0.0651 0.0721 0.0762 0.0817 ]
2021-12-26 03:17:36,094 - root - INFO - Test P:[0.0800 0.0220 0.0120 0.0090 0.0044 0.0031 ] | R:0.0430 0.0543 0.0544 0.0886 0.1053 0.1385 ] | NDCG:0.0800 0.0611 0.0586 0.0669 0.0695 0.0749 ]
2021-12-26 03:17:36,094 - root - INFO - 
2021-12-26 03:18:30,806 - root - INFO - Epoch 4  Loss: 0.0942  Train-Time: 53.670s  Eval-Time: 0.966s 
2021-12-26 03:18:30,806 - root - INFO - Eval P:[0.0200 0.0160 0.0110 0.0070 0.0038 0.0027 ] | R:[0.0200 0.0414 0.0552 0.0681 0.0950 0.1140 ] | NDCG: [0.0200 0.0345 0.0383 0.0416 0.0473 0.0519 ]
2021-12-26 03:18:30,806 - root - INFO - Test P:[0.0200 0.0220 0.0110 0.0070 0.0040 0.0028 ] | R:0.0070 0.0703 0.0703 0.1003 0.1197 0.1629 ] | NDCG:0.0200 0.0452 0.0452 0.0527 0.0575 0.0657 ]
2021-12-26 03:18:30,806 - root - INFO - 
2021-12-26 03:19:25,045 - root - INFO - Epoch 5  Loss: 0.0378  Train-Time: 53.143s  Eval-Time: 1.019s 
2021-12-26 03:19:25,045 - root - INFO - Eval P:[0.0200 0.0160 0.0080 0.0040 0.0024 0.0015 ] | R:[0.0107 0.0540 0.0540 0.0540 0.0604 0.0779 ] | NDCG: [0.0200 0.0364 0.0352 0.0348 0.0370 0.0403 ]
2021-12-26 03:19:25,045 - root - INFO - Test P:[0.0100 0.0120 0.0070 0.0045 0.0030 0.0024 ] | R:0.0033 0.0265 0.0275 0.0425 0.0835 0.1118 ] | NDCG:0.0100 0.0206 0.0197 0.0237 0.0319 0.0381 ]
2021-12-26 03:19:25,045 - root - INFO - 
2021-12-26 03:20:18,975 - root - INFO - Epoch 6  Loss: 0.0162  Train-Time: 52.896s  Eval-Time: 0.955s 
2021-12-26 03:20:18,975 - root - INFO - Eval P:[0.0300 0.0240 0.0130 0.0080 0.0046 0.0029 ] | R:[0.0158 0.0702 0.0719 0.0822 0.1228 0.1390 ] | NDCG: [0.0300 0.0491 0.0490 0.0516 0.0596 0.0627 ]
2021-12-26 03:20:18,975 - root - INFO - Test P:[0.0000 0.0140 0.0100 0.0060 0.0042 0.0027 ] | R:0.0000 0.0195 0.0347 0.0481 0.0863 0.1100 ] | NDCG:0.0000 0.0168 0.0214 0.0240 0.0322 0.0367 ]
2021-12-26 03:20:18,975 - root - INFO - 
2021-12-26 03:21:12,911 - root - INFO - Epoch 7  Loss: 0.0079  Train-Time: 52.848s  Eval-Time: 1.011s 
2021-12-26 03:21:12,911 - root - INFO - Eval P:[0.0200 0.0180 0.0120 0.0065 0.0036 0.0021 ] | R:[0.0117 0.0679 0.0796 0.0829 0.1049 0.1115 ] | NDCG: [0.0200 0.0431 0.0475 0.0485 0.0531 0.0546 ]
2021-12-26 03:21:12,911 - root - INFO - Test P:[0.0200 0.0220 0.0150 0.0080 0.0048 0.0032 ] | R:0.0107 0.0747 0.0976 0.1076 0.1535 0.1838 ] | NDCG:0.0200 0.0468 0.0532 0.0548 0.0643 0.0705 ]
2021-12-26 03:21:12,911 - root - INFO - 
2021-12-26 03:22:06,319 - root - INFO - Epoch 8  Loss: 0.0048  Train-Time: 52.358s  Eval-Time: 0.974s 
2021-12-26 03:22:06,320 - root - INFO - Eval P:[0.0300 0.0180 0.0090 0.0050 0.0040 0.0028 ] | R:[0.0300 0.0746 0.0746 0.0750 0.1170 0.1554 ] | NDCG: [0.0300 0.0533 0.0527 0.0531 0.0635 0.0706 ]
2021-12-26 03:22:06,320 - root - INFO - Test P:[0.0100 0.0180 0.0100 0.0055 0.0034 0.0023 ] | R:0.0033 0.0668 0.0702 0.0727 0.1090 0.1265 ] | NDCG:0.0100 0.0397 0.0406 0.0417 0.0495 0.0532 ]
2021-12-26 03:22:06,320 - root - INFO - 
2021-12-26 03:22:59,414 - root - INFO - Epoch 9  Loss: 0.0033  Train-Time: 52.028s  Eval-Time: 0.976s 
2021-12-26 03:22:59,415 - root - INFO - Eval P:[0.0100 0.0120 0.0080 0.0045 0.0024 0.0017 ] | R:[0.0100 0.0533 0.0565 0.0665 0.0750 0.0988 ] | NDCG: [0.0100 0.0302 0.0323 0.0346 0.0370 0.0415 ]
2021-12-26 03:22:59,415 - root - INFO - Test P:[0.0000 0.0140 0.0080 0.0045 0.0032 0.0026 ] | R:0.0000 0.0608 0.0658 0.0671 0.0964 0.1200 ] | NDCG:0.0000 0.0345 0.0357 0.0362 0.0435 0.0485 ]
2021-12-26 03:22:59,415 - root - INFO - 
2021-12-26 03:23:51,970 - root - INFO - Epoch 10  Loss: 0.0027  Train-Time: 51.508s  Eval-Time: 0.969s 
2021-12-26 03:23:51,970 - root - INFO - Eval P:[0.0300 0.0160 0.0100 0.0050 0.0036 0.0024 ] | R:[0.0233 0.0500 0.0534 0.0534 0.0985 0.1313 ] | NDCG: [0.0300 0.0437 0.0457 0.0457 0.0560 0.0622 ]
2021-12-26 03:23:51,970 - root - INFO - Test P:[0.0200 0.0080 0.0050 0.0035 0.0024 0.0017 ] | R:0.0133 0.0333 0.0433 0.0583 0.0770 0.0945 ] | NDCG:0.0200 0.0253 0.0289 0.0327 0.0374 0.0410 ]
2021-12-26 03:23:51,970 - root - INFO - 
2021-12-26 03:23:51,970 - root - INFO - Total: 6343026 
2021-12-26 03:23:52,024 - root - INFO - 
2021-12-26 03:23:52,025 - root - INFO - Top@k Evaluation
2021-12-26 03:23:52,025 - root - INFO - Top@1:  Best epoch: 3   corresponding Test R: 0.0430    corresponding Test NDCG: 0.0800
2021-12-26 03:23:52,025 - root - INFO - Top@5:  Best epoch: 8   corresponding Test R: 0.0668    corresponding Test NDCG: 0.0397
2021-12-26 03:23:52,025 - root - INFO - Top@10:  Best epoch: 3   corresponding Test R: 0.0544    corresponding Test NDCG: 0.0586
2021-12-26 03:23:52,025 - root - INFO - Top@20:  Best epoch: 3   corresponding Test R: 0.0886    corresponding Test NDCG: 0.0669
2021-12-26 03:23:52,025 - root - INFO - Top@50:  Best epoch: 1   corresponding Test R: 0.0873    corresponding Test NDCG: 0.0426
2021-12-26 03:23:52,025 - root - INFO - Top@100:  Best epoch: 1   corresponding Test R: 0.1073    corresponding Test NDCG: 0.0459
2021-12-26 03:23:52,025 - root - INFO - --------------------------------
2021-12-26 03:23:52,025 - root - INFO - 
2021-12-26 03:23:52,025 - root - INFO - train_5.txt
2021-12-26 03:23:55,514 - root - INFO - n_users:           17860
2021-12-26 03:23:55,514 - root - INFO - n_items:           14967
2021-12-26 03:23:55,514 - root - INFO - n_entities:         77903
2021-12-26 03:23:55,514 - root - INFO - n_users_entities:   95763
2021-12-26 03:23:55,515 - root - INFO - n_relations:        25
2021-12-26 03:24:51,489 - root - INFO - Epoch 1  Loss: 0.6256  Train-Time: 51.772s  Eval-Time: 0.953s 
2021-12-26 03:24:51,489 - root - INFO - Eval P:[0.0700 0.0200 0.0150 0.0085 0.0052 0.0036 ] | R:[0.0403 0.0537 0.0745 0.0854 0.1425 0.1928 ] | NDCG: [0.0700 0.0539 0.0622 0.0653 0.0774 0.0869 ]
2021-12-26 03:24:51,489 - root - INFO - Test P:[0.0600 0.0240 0.0130 0.0080 0.0056 0.0035 ] | R:0.0514 0.0856 0.0881 0.1026 0.1608 0.1984 ] | NDCG:0.0600 0.0753 0.0758 0.0803 0.0940 0.1011 ]
2021-12-26 03:24:51,489 - root - INFO - 
2021-12-26 03:25:44,657 - root - INFO - Epoch 2  Loss: 0.4656  Train-Time: 52.130s  Eval-Time: 0.963s 
2021-12-26 03:25:44,657 - root - INFO - Eval P:[0.0500 0.0160 0.0080 0.0065 0.0042 0.0030 ] | R:[0.0367 0.0523 0.0523 0.0906 0.1251 0.1887 ] | NDCG: [0.0500 0.0499 0.0489 0.0583 0.0662 0.0774 ]
2021-12-26 03:25:44,657 - root - INFO - Test P:[0.0500 0.0260 0.0130 0.0085 0.0050 0.0037 ] | R:0.0433 0.0649 0.0649 0.0904 0.1301 0.2028 ] | NDCG:0.0500 0.0627 0.0597 0.0653 0.0737 0.0865 ]
2021-12-26 03:25:44,657 - root - INFO - 
2021-12-26 03:26:37,389 - root - INFO - Epoch 3  Loss: 0.2643  Train-Time: 51.675s  Eval-Time: 0.981s 
2021-12-26 03:26:37,389 - root - INFO - Eval P:[0.0200 0.0100 0.0070 0.0050 0.0038 0.0032 ] | R:[0.0067 0.0181 0.0301 0.0454 0.0655 0.1193 ] | NDCG: [0.0200 0.0184 0.0227 0.0271 0.0327 0.0432 ]
2021-12-26 03:26:37,390 - root - INFO - Test P:[0.0400 0.0220 0.0110 0.0065 0.0044 0.0035 ] | R:0.0350 0.0813 0.0813 0.0938 0.1342 0.1718 ] | NDCG:0.0400 0.0642 0.0630 0.0659 0.0750 0.0823 ]
2021-12-26 03:26:37,390 - root - INFO - 
2021-12-26 03:27:30,176 - root - INFO - Epoch 4  Loss: 0.1124  Train-Time: 51.752s  Eval-Time: 0.958s 
2021-12-26 03:27:30,176 - root - INFO - Eval P:[0.0000 0.0200 0.0110 0.0065 0.0038 0.0023 ] | R:[0.0000 0.0803 0.0853 0.0890 0.1410 0.1677 ] | NDCG: [0.0000 0.0468 0.0488 0.0504 0.0605 0.0653 ]
2021-12-26 03:27:30,176 - root - INFO - Test P:[0.0000 0.0180 0.0100 0.0055 0.0036 0.0024 ] | R:0.0000 0.0424 0.0427 0.0442 0.0862 0.1131 ] | NDCG:0.0000 0.0278 0.0276 0.0278 0.0369 0.0416 ]
2021-12-26 03:27:30,176 - root - INFO - 
2021-12-26 03:28:22,447 - root - INFO - Epoch 5  Loss: 0.0472  Train-Time: 51.193s  Eval-Time: 1.002s 
2021-12-26 03:28:22,447 - root - INFO - Eval P:[0.0000 0.0180 0.0100 0.0050 0.0034 0.0019 ] | R:[0.0000 0.0587 0.0612 0.0612 0.0972 0.1027 ] | NDCG: [0.0000 0.0338 0.0351 0.0351 0.0432 0.0445 ]
2021-12-26 03:28:22,447 - root - INFO - Test P:[0.0000 0.0140 0.0080 0.0050 0.0022 0.0018 ] | R:0.0000 0.0545 0.0595 0.0795 0.0805 0.0922 ] | NDCG:0.0000 0.0277 0.0299 0.0347 0.0351 0.0384 ]
2021-12-26 03:28:22,448 - root - INFO - 
2021-12-26 03:29:15,274 - root - INFO - Epoch 6  Loss: 0.0212  Train-Time: 51.808s  Eval-Time: 0.943s 
2021-12-26 03:29:15,274 - root - INFO - Eval P:[0.0100 0.0160 0.0100 0.0055 0.0036 0.0025 ] | R:[0.0100 0.0667 0.0867 0.0917 0.1211 0.1441 ] | NDCG: [0.0100 0.0391 0.0461 0.0476 0.0545 0.0592 ]
2021-12-26 03:29:15,274 - root - INFO - Test P:[0.0000 0.0160 0.0090 0.0055 0.0038 0.0021 ] | R:0.0000 0.0537 0.0637 0.0753 0.1057 0.1257 ] | NDCG:0.0000 0.0297 0.0327 0.0360 0.0435 0.0465 ]
2021-12-26 03:29:15,274 - root - INFO - 
2021-12-26 03:30:08,757 - root - INFO - Epoch 7  Loss: 0.0101  Train-Time: 52.427s  Eval-Time: 0.980s 
2021-12-26 03:30:08,757 - root - INFO - Eval P:[0.0000 0.0120 0.0080 0.0045 0.0028 0.0021 ] | R:[0.0000 0.0354 0.0487 0.0587 0.0935 0.1270 ] | NDCG: [0.0000 0.0225 0.0264 0.0286 0.0357 0.0422 ]
2021-12-26 03:30:08,757 - root - INFO - Test P:[0.0200 0.0200 0.0130 0.0070 0.0046 0.0027 ] | R:0.0110 0.0824 0.1074 0.1108 0.1436 0.1563 ] | NDCG:0.0200 0.0527 0.0605 0.0617 0.0694 0.0720 ]
2021-12-26 03:30:08,757 - root - INFO - 
2021-12-26 03:31:02,035 - root - INFO - Epoch 8  Loss: 0.0056  Train-Time: 52.256s  Eval-Time: 0.945s 
2021-12-26 03:31:02,035 - root - INFO - Eval P:[0.0000 0.0120 0.0070 0.0045 0.0036 0.0028 ] | R:[0.0000 0.0367 0.0417 0.0475 0.0796 0.1162 ] | NDCG: [0.0000 0.0222 0.0240 0.0263 0.0340 0.0415 ]
2021-12-26 03:31:02,035 - root - INFO - Test P:[0.0000 0.0200 0.0110 0.0070 0.0038 0.0020 ] | R:0.0000 0.0767 0.0773 0.0931 0.1356 0.1406 ] | NDCG:0.0000 0.0427 0.0434 0.0478 0.0560 0.0569 ]
2021-12-26 03:31:02,035 - root - INFO - 
2021-12-26 03:31:55,162 - root - INFO - Epoch 9  Loss: 0.0035  Train-Time: 52.067s  Eval-Time: 0.985s 
2021-12-26 03:31:55,162 - root - INFO - Eval P:[0.0100 0.0200 0.0140 0.0075 0.0038 0.0026 ] | R:[0.0100 0.0883 0.1092 0.1125 0.1323 0.1441 ] | NDCG: [0.0100 0.0502 0.0582 0.0594 0.0640 0.0672 ]
2021-12-26 03:31:55,162 - root - INFO - Test P:[0.0000 0.0240 0.0150 0.0100 0.0056 0.0037 ] | R:0.0000 0.0643 0.0773 0.0954 0.1124 0.1449 ] | NDCG:0.0000 0.0370 0.0406 0.0455 0.0504 0.0574 ]
2021-12-26 03:31:55,162 - root - INFO - 
2021-12-26 03:32:47,953 - root - INFO - Epoch 10  Loss: 0.0026  Train-Time: 51.724s  Eval-Time: 0.992s 
2021-12-26 03:32:47,954 - root - INFO - Eval P:[0.0000 0.0100 0.0080 0.0045 0.0030 0.0022 ] | R:[0.0000 0.0264 0.0489 0.0589 0.0865 0.1255 ] | NDCG: [0.0000 0.0167 0.0238 0.0265 0.0334 0.0403 ]
2021-12-26 03:32:47,954 - root - INFO - Test P:[0.0400 0.0200 0.0120 0.0065 0.0034 0.0021 ] | R:0.0119 0.0403 0.0459 0.0466 0.0641 0.0862 ] | NDCG:0.0400 0.0396 0.0373 0.0360 0.0393 0.0429 ]
2021-12-26 03:32:47,954 - root - INFO - 
2021-12-26 03:32:47,954 - root - INFO - Total: 6343026 
2021-12-26 03:32:48,020 - root - INFO - 
2021-12-26 03:32:48,021 - root - INFO - Top@k Evaluation
2021-12-26 03:32:48,021 - root - INFO - Top@1:  Best epoch: 1   corresponding Test R: 0.0514    corresponding Test NDCG: 0.0600
2021-12-26 03:32:48,021 - root - INFO - Top@5:  Best epoch: 9   corresponding Test R: 0.0643    corresponding Test NDCG: 0.0370
2021-12-26 03:32:48,021 - root - INFO - Top@10:  Best epoch: 9   corresponding Test R: 0.0773    corresponding Test NDCG: 0.0406
2021-12-26 03:32:48,021 - root - INFO - Top@20:  Best epoch: 9   corresponding Test R: 0.0954    corresponding Test NDCG: 0.0455
2021-12-26 03:32:48,021 - root - INFO - Top@50:  Best epoch: 1   corresponding Test R: 0.1608    corresponding Test NDCG: 0.0940
2021-12-26 03:32:48,021 - root - INFO - Top@100:  Best epoch: 1   corresponding Test R: 0.1984    corresponding Test NDCG: 0.1011
2021-12-26 03:32:48,021 - root - INFO - --------------------------------
2021-12-26 03:32:48,021 - root - INFO - 
2021-12-26 03:32:48,021 - root - INFO - Top@1 recommendation:   Avg-best-R 0.0478 | Avg-best-NDCG: 0.0640 
2021-12-26 03:32:48,021 - root - INFO - Top@5 recommendation:   Avg-best-R 0.0600 | Avg-best-NDCG: 0.0414 
2021-12-26 03:32:48,021 - root - INFO - Top@10 recommendation:   Avg-best-R 0.0636 | Avg-best-NDCG: 0.0450 
2021-12-26 03:32:48,021 - root - INFO - Top@20 recommendation:   Avg-best-R 0.0948 | Avg-best-NDCG: 0.0650 
2021-12-26 03:32:48,022 - root - INFO - Top@50 recommendation:   Avg-best-R 0.1231 | Avg-best-NDCG: 0.0733 
2021-12-26 03:32:48,022 - root - INFO - Top@100 recommendation:   Avg-best-R 0.1575 | Avg-best-NDCG: 0.0797 
2021-12-26 03:32:48,022 - root - INFO - ********************************************************************************************
2021-12-26 03:32:48,022 - root - INFO - ********************************************************************************************
