2021-12-26 10:25:06,262 - root - INFO - Namespace(agg_type='concat', batch_size=4096, curvature=1.0, data_dir='/cache/chenyankai/LKGR_final/data/', data_name='dianping', dropout=0.0, gpu_id=0, kg_file='kg_final.txt', l2_weight=1e-07, lr=0.001, n_epochs=10, n_layer=1, node_dim=32, sample_size=4, saved_dir='logs/dianping/Dim32/', seed=2021)
2021-12-26 10:25:06,262 - root - INFO - Run-exp-TopK_recommendation
2021-12-26 10:25:06,262 - root - INFO - train_1.txt
2021-12-26 10:29:52,110 - root - INFO - n_users:           2298698
2021-12-26 10:29:52,110 - root - INFO - n_items:           1362
2021-12-26 10:29:52,110 - root - INFO - n_entities:         28115
2021-12-26 10:29:52,110 - root - INFO - n_users_entities:   2326813
2021-12-26 10:29:52,110 - root - INFO - n_relations:        7
2021-12-26 10:38:02,436 - root - INFO - Epoch 1  Loss: 0.4284  Train-Time: 346.829s  Eval-Time: 80.937s 
2021-12-26 10:38:02,437 - root - INFO - Eval P:[0.0500 0.0400 0.0300 0.0205 0.0146 0.0114 ] | R:[0.0270 0.1003 0.1448 0.1959 0.3219 0.4837 ] | NDCG: [0.0500 0.0796 0.0953 0.1108 0.1413 0.1737 ]
2021-12-26 10:38:02,437 - root - INFO - Test P:[0.0400 0.0340 0.0260 0.0270 0.0180 0.0135 ] | R:0.0193 0.0668 0.1087 0.2549 0.4149 0.5913 ] | NDCG:0.0400 0.0567 0.0706 0.1135 0.1526 0.1882 ]
2021-12-26 10:38:02,437 - root - INFO - 
2021-12-26 10:45:29,963 - root - INFO - Epoch 2  Loss: 0.3768  Train-Time: 348.625s  Eval-Time: 83.517s 
2021-12-26 10:45:29,964 - root - INFO - Eval P:[0.0300 0.0080 0.0180 0.0155 0.0150 0.0125 ] | R:[0.0053 0.0153 0.0827 0.1322 0.3317 0.5424 ] | NDCG: [0.0300 0.0165 0.0414 0.0568 0.1033 0.1454 ]
2021-12-26 10:45:29,964 - root - INFO - Test P:[0.0200 0.0100 0.0150 0.0165 0.0150 0.0125 ] | R:0.0106 0.0251 0.0717 0.1267 0.3068 0.5249 ] | NDCG:0.0200 0.0216 0.0380 0.0565 0.0993 0.1428 ]
2021-12-26 10:45:29,964 - root - INFO - 
2021-12-26 10:53:16,362 - root - INFO - Epoch 3  Loss: 0.3067  Train-Time: 346.174s  Eval-Time: 104.813s 
2021-12-26 10:53:16,362 - root - INFO - Eval P:[0.0100 0.0020 0.0080 0.0070 0.0074 0.0080 ] | R:[0.0100 0.0100 0.0452 0.0835 0.1741 0.3571 ] | NDCG: [0.0100 0.0100 0.0230 0.0340 0.0567 0.0925 ]
2021-12-26 10:53:16,363 - root - INFO - Test P:[0.0000 0.0080 0.0080 0.0080 0.0074 0.0071 ] | R:0.0000 0.0170 0.0437 0.1003 0.2253 0.4201 ] | NDCG:0.0000 0.0102 0.0191 0.0342 0.0611 0.0963 ]
2021-12-26 10:53:16,363 - root - INFO - 
2021-12-26 11:00:41,491 - root - INFO - Epoch 4  Loss: 0.2467  Train-Time: 338.629s  Eval-Time: 91.287s 
2021-12-26 11:00:41,492 - root - INFO - Eval P:[0.0100 0.0020 0.0050 0.0070 0.0090 0.0085 ] | R:[0.0020 0.0020 0.0102 0.0357 0.1796 0.3608 ] | NDCG: [0.0100 0.0034 0.0080 0.0165 0.0505 0.0854 ]
2021-12-26 11:00:41,492 - root - INFO - Test P:[0.0000 0.0020 0.0040 0.0050 0.0068 0.0073 ] | R:0.0000 0.0010 0.0035 0.0251 0.1550 0.3210 ] | NDCG:0.0000 0.0017 0.0033 0.0101 0.0401 0.0732 ]
2021-12-26 11:00:41,492 - root - INFO - 
2021-12-26 11:08:13,689 - root - INFO - Epoch 5  Loss: 0.2065  Train-Time: 348.525s  Eval-Time: 88.119s 
2021-12-26 11:08:13,690 - root - INFO - Eval P:[0.0000 0.0080 0.0090 0.0090 0.0076 0.0075 ] | R:[0.0000 0.0210 0.0585 0.0993 0.1615 0.3380 ] | NDCG: [0.0000 0.0142 0.0267 0.0385 0.0546 0.0880 ]
2021-12-26 11:08:13,690 - root - INFO - Test P:[0.0000 0.0040 0.0050 0.0075 0.0088 0.0081 ] | R:0.0000 0.0114 0.0191 0.0597 0.1826 0.3694 ] | NDCG:0.0000 0.0053 0.0086 0.0205 0.0504 0.0854 ]
2021-12-26 11:08:13,690 - root - INFO - 
2021-12-26 11:15:50,570 - root - INFO - Epoch 6  Loss: 0.1802  Train-Time: 340.475s  Eval-Time: 101.154s 
2021-12-26 11:15:50,570 - root - INFO - Eval P:[0.0000 0.0020 0.0030 0.0055 0.0100 0.0099 ] | R:[0.0000 0.0007 0.0157 0.0640 0.2026 0.3588 ] | NDCG: [0.0000 0.0017 0.0060 0.0188 0.0538 0.0863 ]
2021-12-26 11:15:50,570 - root - INFO - Test P:[0.0000 0.0020 0.0030 0.0095 0.0084 0.0090 ] | R:0.0000 0.0004 0.0028 0.0654 0.1875 0.3783 ] | NDCG:0.0000 0.0017 0.0027 0.0222 0.0502 0.0876 ]
2021-12-26 11:15:50,570 - root - INFO - 
2021-12-26 11:23:21,530 - root - INFO - Epoch 7  Loss: 0.1610  Train-Time: 343.213s  Eval-Time: 92.412s 
2021-12-26 11:23:21,530 - root - INFO - Eval P:[0.0000 0.0040 0.0060 0.0060 0.0058 0.0070 ] | R:[0.0000 0.0056 0.0323 0.0687 0.1314 0.3362 ] | NDCG: [0.0000 0.0053 0.0143 0.0245 0.0396 0.0781 ]
2021-12-26 11:23:21,530 - root - INFO - Test P:[0.0000 0.0020 0.0030 0.0065 0.0076 0.0077 ] | R:0.0000 0.0050 0.0250 0.0572 0.1392 0.3009 ] | NDCG:0.0000 0.0024 0.0084 0.0187 0.0396 0.0727 ]
2021-12-26 11:23:21,530 - root - INFO - 
2021-12-26 11:30:47,488 - root - INFO - Epoch 8  Loss: 0.1466  Train-Time: 346.461s  Eval-Time: 83.989s 
2021-12-26 11:30:47,488 - root - INFO - Eval P:[0.0000 0.0020 0.0020 0.0040 0.0062 0.0060 ] | R:[0.0000 0.0050 0.0150 0.0359 0.1749 0.3440 ] | NDCG: [0.0000 0.0024 0.0059 0.0131 0.0438 0.0750 ]
2021-12-26 11:30:47,488 - root - INFO - Test P:[0.0100 0.0060 0.0050 0.0060 0.0064 0.0077 ] | R:0.0014 0.0134 0.0334 0.0713 0.1672 0.3856 ] | NDCG:0.0100 0.0101 0.0160 0.0264 0.0496 0.0915 ]
2021-12-26 11:30:47,488 - root - INFO - 
2021-12-26 11:38:14,988 - root - INFO - Epoch 9  Loss: 0.1354  Train-Time: 341.119s  Eval-Time: 90.954s 
2021-12-26 11:38:14,988 - root - INFO - Eval P:[0.0000 0.0060 0.0080 0.0085 0.0082 0.0084 ] | R:[0.0000 0.0078 0.0416 0.0872 0.1700 0.3187 ] | NDCG: [0.0000 0.0073 0.0186 0.0317 0.0527 0.0825 ]
2021-12-26 11:38:14,989 - root - INFO - Test P:[0.0000 0.0020 0.0030 0.0060 0.0070 0.0059 ] | R:0.0000 0.0100 0.0233 0.0808 0.1778 0.2778 ] | NDCG:0.0000 0.0063 0.0114 0.0273 0.0509 0.0710 ]
2021-12-26 11:38:14,989 - root - INFO - 
2021-12-26 11:45:45,961 - root - INFO - Epoch 10  Loss: 0.1260  Train-Time: 347.972s  Eval-Time: 88.008s 
2021-12-26 11:45:45,962 - root - INFO - Eval P:[0.0000 0.0020 0.0030 0.0055 0.0052 0.0052 ] | R:[0.0000 0.0100 0.0175 0.0700 0.1699 0.2873 ] | NDCG: [0.0000 0.0050 0.0084 0.0228 0.0450 0.0676 ]
2021-12-26 11:45:45,962 - root - INFO - Test P:[0.0000 0.0020 0.0030 0.0080 0.0072 0.0082 ] | R:0.0000 0.0033 0.0061 0.0518 0.1479 0.3507 ] | NDCG:0.0000 0.0020 0.0038 0.0188 0.0412 0.0808 ]
2021-12-26 11:45:45,962 - root - INFO - 
2021-12-26 11:45:45,962 - root - INFO - Total: 76801264 
2021-12-26 11:45:52,638 - root - INFO - 
2021-12-26 11:45:52,640 - root - INFO - Top@k Evaluation
2021-12-26 11:45:52,640 - root - INFO - Top@1:  Best epoch: 1   corresponding Test R: 0.0193    corresponding Test NDCG: 0.0400
2021-12-26 11:45:52,640 - root - INFO - Top@5:  Best epoch: 1   corresponding Test R: 0.0668    corresponding Test NDCG: 0.0567
2021-12-26 11:45:52,640 - root - INFO - Top@10:  Best epoch: 1   corresponding Test R: 0.1087    corresponding Test NDCG: 0.0706
2021-12-26 11:45:52,640 - root - INFO - Top@20:  Best epoch: 1   corresponding Test R: 0.2549    corresponding Test NDCG: 0.1135
2021-12-26 11:45:52,640 - root - INFO - Top@50:  Best epoch: 2   corresponding Test R: 0.3068    corresponding Test NDCG: 0.0993
2021-12-26 11:45:52,640 - root - INFO - Top@100:  Best epoch: 2   corresponding Test R: 0.5249    corresponding Test NDCG: 0.1428
2021-12-26 11:45:52,640 - root - INFO - --------------------------------
2021-12-26 11:45:52,640 - root - INFO - 
2021-12-26 11:45:52,640 - root - INFO - train_2.txt
2021-12-26 11:50:36,113 - root - INFO - n_users:           2298698
2021-12-26 11:50:36,113 - root - INFO - n_items:           1362
2021-12-26 11:50:36,113 - root - INFO - n_entities:         28115
2021-12-26 11:50:36,114 - root - INFO - n_users_entities:   2326813
2021-12-26 11:50:36,114 - root - INFO - n_relations:        7
2021-12-26 11:58:42,498 - root - INFO - Epoch 1  Loss: 0.4283  Train-Time: 343.932s  Eval-Time: 79.844s 
2021-12-26 11:58:42,498 - root - INFO - Eval P:[0.0200 0.0360 0.0310 0.0240 0.0164 0.0124 ] | R:[0.0105 0.0777 0.1389 0.2009 0.3780 0.5261 ] | NDCG: [0.0200 0.0580 0.0794 0.0982 0.1397 0.1705 ]
2021-12-26 11:58:42,498 - root - INFO - Test P:[0.0300 0.0340 0.0340 0.0280 0.0192 0.0140 ] | R:0.0134 0.0790 0.1736 0.2613 0.4502 0.6534 ] | NDCG:0.0300 0.0566 0.0876 0.1146 0.1595 0.1987 ]
2021-12-26 11:58:42,498 - root - INFO - 
2021-12-26 12:06:05,066 - root - INFO - Epoch 2  Loss: 0.3771  Train-Time: 344.800s  Eval-Time: 82.477s 
2021-12-26 12:06:05,067 - root - INFO - Eval P:[0.0300 0.0340 0.0230 0.0220 0.0182 0.0139 ] | R:[0.0079 0.0784 0.1098 0.1790 0.3733 0.5644 ] | NDCG: [0.0300 0.0539 0.0625 0.0848 0.1321 0.1707 ]
2021-12-26 12:06:05,067 - root - INFO - Test P:[0.0100 0.0120 0.0180 0.0180 0.0150 0.0108 ] | R:0.0100 0.0400 0.0886 0.1546 0.3726 0.5301 ] | NDCG:0.0100 0.0241 0.0437 0.0646 0.1137 0.1435 ]
2021-12-26 12:06:05,067 - root - INFO - 
2021-12-26 12:13:27,663 - root - INFO - Epoch 3  Loss: 0.3080  Train-Time: 341.942s  Eval-Time: 85.202s 
2021-12-26 12:13:27,664 - root - INFO - Eval P:[0.0000 0.0060 0.0070 0.0075 0.0076 0.0080 ] | R:[0.0000 0.0103 0.0409 0.0659 0.1591 0.3852 ] | NDCG: [0.0000 0.0064 0.0161 0.0242 0.0469 0.0891 ]
2021-12-26 12:13:27,664 - root - INFO - Test P:[0.0200 0.0160 0.0130 0.0105 0.0088 0.0101 ] | R:0.0109 0.0375 0.0501 0.0860 0.1833 0.4264 ] | NDCG:0.0200 0.0298 0.0329 0.0436 0.0669 0.1142 ]
2021-12-26 12:13:27,664 - root - INFO - 
2021-12-26 12:20:49,024 - root - INFO - Epoch 4  Loss: 0.2475  Train-Time: 340.669s  Eval-Time: 85.553s 
2021-12-26 12:20:49,025 - root - INFO - Eval P:[0.0000 0.0020 0.0030 0.0070 0.0072 0.0062 ] | R:[0.0000 0.0025 0.0100 0.0386 0.1352 0.2569 ] | NDCG: [0.0000 0.0025 0.0056 0.0155 0.0381 0.0615 ]
2021-12-26 12:20:49,025 - root - INFO - Test P:[0.0100 0.0060 0.0060 0.0085 0.0074 0.0087 ] | R:0.0033 0.0059 0.0292 0.0859 0.1604 0.3341 ] | NDCG:0.0100 0.0076 0.0150 0.0304 0.0488 0.0855 ]
2021-12-26 12:20:49,025 - root - INFO - 
2021-12-26 12:28:04,396 - root - INFO - Epoch 5  Loss: 0.2054  Train-Time: 337.555s  Eval-Time: 82.617s 
2021-12-26 12:28:04,397 - root - INFO - Eval P:[0.0100 0.0060 0.0050 0.0065 0.0078 0.0078 ] | R:[0.0003 0.0031 0.0097 0.0462 0.1603 0.2895 ] | NDCG: [0.0100 0.0064 0.0078 0.0180 0.0447 0.0713 ]
2021-12-26 12:28:04,397 - root - INFO - Test P:[0.0100 0.0020 0.0040 0.0075 0.0062 0.0077 ] | R:0.0100 0.0100 0.0240 0.0631 0.1301 0.2826 ] | NDCG:0.0100 0.0100 0.0153 0.0271 0.0432 0.0755 ]
2021-12-26 12:28:04,397 - root - INFO - 
2021-12-26 12:35:24,402 - root - INFO - Epoch 6  Loss: 0.1769  Train-Time: 333.616s  Eval-Time: 90.934s 
2021-12-26 12:35:24,403 - root - INFO - Eval P:[0.0000 0.0060 0.0050 0.0055 0.0066 0.0074 ] | R:[0.0000 0.0074 0.0194 0.0476 0.1371 0.3271 ] | NDCG: [0.0000 0.0049 0.0091 0.0171 0.0392 0.0754 ]
2021-12-26 12:35:24,403 - root - INFO - Test P:[0.0100 0.0020 0.0030 0.0060 0.0056 0.0065 ] | R:0.0033 0.0033 0.0070 0.0674 0.1673 0.3799 ] | NDCG:0.0100 0.0047 0.0069 0.0225 0.0450 0.0835 ]
2021-12-26 12:35:24,403 - root - INFO - 
2021-12-26 12:42:35,174 - root - INFO - Epoch 7  Loss: 0.1572  Train-Time: 333.392s  Eval-Time: 82.572s 
2021-12-26 12:42:35,175 - root - INFO - Eval P:[0.0000 0.0000 0.0030 0.0035 0.0068 0.0060 ] | R:[0.0000 0.0000 0.0170 0.0520 0.1894 0.3187 ] | NDCG: [0.0000 0.0000 0.0058 0.0148 0.0470 0.0714 ]
2021-12-26 12:42:35,175 - root - INFO - Test P:[0.0100 0.0080 0.0060 0.0115 0.0096 0.0079 ] | R:0.0100 0.0275 0.0387 0.0982 0.1862 0.3014 ] | NDCG:0.0100 0.0189 0.0227 0.0426 0.0653 0.0890 ]
2021-12-26 12:42:35,175 - root - INFO - 
2021-12-26 12:49:45,406 - root - INFO - Epoch 8  Loss: 0.1424  Train-Time: 331.963s  Eval-Time: 82.953s 
2021-12-26 12:49:45,407 - root - INFO - Eval P:[0.0000 0.0040 0.0080 0.0100 0.0084 0.0085 ] | R:[0.0000 0.0020 0.0234 0.0594 0.1510 0.3550 ] | NDCG: [0.0000 0.0043 0.0126 0.0251 0.0475 0.0860 ]
2021-12-26 12:49:45,407 - root - INFO - Test P:[0.0100 0.0060 0.0040 0.0060 0.0066 0.0073 ] | R:0.0033 0.0117 0.0137 0.0514 0.1328 0.3034 ] | NDCG:0.0100 0.0101 0.0112 0.0232 0.0436 0.0774 ]
2021-12-26 12:49:45,407 - root - INFO - 
2021-12-26 12:56:48,487 - root - INFO - Epoch 9  Loss: 0.1309  Train-Time: 332.063s  Eval-Time: 75.719s 
2021-12-26 12:56:48,487 - root - INFO - Eval P:[0.0000 0.0040 0.0080 0.0075 0.0058 0.0061 ] | R:[0.0000 0.0070 0.0343 0.0600 0.1040 0.2275 ] | NDCG: [0.0000 0.0048 0.0148 0.0233 0.0349 0.0603 ]
2021-12-26 12:56:48,487 - root - INFO - Test P:[0.0000 0.0020 0.0020 0.0040 0.0076 0.0071 ] | R:0.0000 0.0100 0.0200 0.0653 0.2164 0.3915 ] | NDCG:0.0000 0.0050 0.0083 0.0200 0.0545 0.0870 ]
2021-12-26 12:56:48,487 - root - INFO - 
2021-12-26 13:03:58,114 - root - INFO - Epoch 10  Loss: 0.1218  Train-Time: 331.965s  Eval-Time: 82.618s 
2021-12-26 13:03:58,114 - root - INFO - Eval P:[0.0000 0.0020 0.0020 0.0065 0.0062 0.0072 ] | R:[0.0000 0.0033 0.0083 0.0810 0.1803 0.3995 ] | NDCG: [0.0000 0.0030 0.0048 0.0242 0.0464 0.0871 ]
2021-12-26 13:03:58,114 - root - INFO - Test P:[0.0000 0.0020 0.0030 0.0045 0.0050 0.0051 ] | R:0.0000 0.0050 0.0087 0.0273 0.1071 0.2511 ] | NDCG:0.0000 0.0024 0.0045 0.0109 0.0298 0.0566 ]
2021-12-26 13:03:58,114 - root - INFO - 
2021-12-26 13:03:58,114 - root - INFO - Total: 76801264 
2021-12-26 13:04:04,204 - root - INFO - 
2021-12-26 13:04:04,205 - root - INFO - Top@k Evaluation
2021-12-26 13:04:04,205 - root - INFO - Top@1:  Best epoch: 1   corresponding Test R: 0.0134    corresponding Test NDCG: 0.0300
2021-12-26 13:04:04,205 - root - INFO - Top@5:  Best epoch: 2   corresponding Test R: 0.0400    corresponding Test NDCG: 0.0241
2021-12-26 13:04:04,205 - root - INFO - Top@10:  Best epoch: 1   corresponding Test R: 0.1736    corresponding Test NDCG: 0.0876
2021-12-26 13:04:04,205 - root - INFO - Top@20:  Best epoch: 1   corresponding Test R: 0.2613    corresponding Test NDCG: 0.1146
2021-12-26 13:04:04,205 - root - INFO - Top@50:  Best epoch: 1   corresponding Test R: 0.4502    corresponding Test NDCG: 0.1595
2021-12-26 13:04:04,205 - root - INFO - Top@100:  Best epoch: 2   corresponding Test R: 0.5301    corresponding Test NDCG: 0.1435
2021-12-26 13:04:04,205 - root - INFO - --------------------------------
2021-12-26 13:04:04,205 - root - INFO - 
2021-12-26 13:04:04,205 - root - INFO - train_3.txt
2021-12-26 13:08:38,106 - root - INFO - n_users:           2298698
2021-12-26 13:08:38,106 - root - INFO - n_items:           1362
2021-12-26 13:08:38,107 - root - INFO - n_entities:         28115
2021-12-26 13:08:38,107 - root - INFO - n_users_entities:   2326813
2021-12-26 13:08:38,107 - root - INFO - n_relations:        7
2021-12-26 13:16:23,876 - root - INFO - Epoch 1  Loss: 0.4280  Train-Time: 330.617s  Eval-Time: 74.553s 
2021-12-26 13:16:23,876 - root - INFO - Eval P:[0.0400 0.0320 0.0280 0.0220 0.0154 0.0126 ] | R:[0.0237 0.0800 0.1453 0.2139 0.3394 0.5307 ] | NDCG: [0.0400 0.0583 0.0811 0.1018 0.1322 0.1719 ]
2021-12-26 13:16:23,876 - root - INFO - Test P:[0.0800 0.0420 0.0360 0.0285 0.0204 0.0152 ] | R:0.0431 0.1183 0.1741 0.2345 0.3755 0.5809 ] | NDCG:0.0800 0.0988 0.1179 0.1361 0.1738 0.2145 ]
2021-12-26 13:16:23,876 - root - INFO - 
2021-12-26 13:23:31,033 - root - INFO - Epoch 2  Loss: 0.3762  Train-Time: 332.085s  Eval-Time: 80.234s 
2021-12-26 13:23:31,033 - root - INFO - Eval P:[0.0200 0.0280 0.0230 0.0230 0.0180 0.0140 ] | R:[0.0011 0.0641 0.0960 0.2599 0.4040 0.5561 ] | NDCG: [0.0200 0.0453 0.0545 0.0955 0.1326 0.1651 ]
2021-12-26 13:23:31,033 - root - INFO - Test P:[0.0100 0.0200 0.0240 0.0250 0.0160 0.0105 ] | R:0.0050 0.0658 0.1566 0.2959 0.4262 0.5297 ] | NDCG:0.0100 0.0374 0.0693 0.1106 0.1423 0.1630 ]
2021-12-26 13:23:31,033 - root - INFO - 
2021-12-26 13:30:39,166 - root - INFO - Epoch 3  Loss: 0.3056  Train-Time: 332.414s  Eval-Time: 80.454s 
2021-12-26 13:30:39,167 - root - INFO - Eval P:[0.0200 0.0160 0.0210 0.0125 0.0084 0.0093 ] | R:[0.0112 0.0355 0.0943 0.1206 0.1483 0.3562 ] | NDCG: [0.0200 0.0273 0.0472 0.0547 0.0638 0.1052 ]
2021-12-26 13:30:39,167 - root - INFO - Test P:[0.0000 0.0160 0.0160 0.0145 0.0118 0.0116 ] | R:0.0000 0.0366 0.0565 0.1111 0.2515 0.4717 ] | NDCG:0.0000 0.0201 0.0295 0.0459 0.0794 0.1232 ]
2021-12-26 13:30:39,167 - root - INFO - 
2021-12-26 13:37:46,000 - root - INFO - Epoch 4  Loss: 0.2441  Train-Time: 333.221s  Eval-Time: 78.943s 
2021-12-26 13:37:46,001 - root - INFO - Eval P:[0.0000 0.0040 0.0090 0.0075 0.0076 0.0079 ] | R:[0.0000 0.0133 0.0568 0.0890 0.1897 0.3893 ] | NDCG: [0.0000 0.0087 0.0239 0.0328 0.0566 0.0946 ]
2021-12-26 13:37:46,001 - root - INFO - Test P:[0.0000 0.0080 0.0080 0.0085 0.0070 0.0080 ] | R:0.0000 0.0238 0.0362 0.0864 0.1480 0.3594 ] | NDCG:0.0000 0.0157 0.0209 0.0349 0.0505 0.0908 ]
2021-12-26 13:37:46,001 - root - INFO - 
2021-12-26 13:44:56,613 - root - INFO - Epoch 5  Loss: 0.2038  Train-Time: 333.766s  Eval-Time: 81.895s 
2021-12-26 13:44:56,613 - root - INFO - Eval P:[0.0100 0.0080 0.0080 0.0070 0.0090 0.0085 ] | R:[0.0050 0.0175 0.0336 0.0634 0.2223 0.3502 ] | NDCG: [0.0100 0.0131 0.0190 0.0267 0.0636 0.0912 ]
2021-12-26 13:44:56,614 - root - INFO - Test P:[0.0100 0.0080 0.0050 0.0060 0.0094 0.0089 ] | R:0.0050 0.0208 0.0225 0.0544 0.1727 0.3137 ] | NDCG:0.0100 0.0143 0.0154 0.0250 0.0546 0.0842 ]
2021-12-26 13:44:56,614 - root - INFO - 
2021-12-26 13:52:32,404 - root - INFO - Epoch 6  Loss: 0.1781  Train-Time: 346.292s  Eval-Time: 94.172s 
2021-12-26 13:52:32,405 - root - INFO - Eval P:[0.0000 0.0060 0.0070 0.0090 0.0076 0.0077 ] | R:[0.0000 0.0107 0.0365 0.1023 0.1963 0.3723 ] | NDCG: [0.0000 0.0086 0.0179 0.0356 0.0580 0.0921 ]
2021-12-26 13:52:32,405 - root - INFO - Test P:[0.0000 0.0040 0.0070 0.0080 0.0090 0.0088 ] | R:0.0000 0.0200 0.0523 0.0737 0.1992 0.3800 ] | NDCG:0.0000 0.0082 0.0189 0.0269 0.0566 0.0918 ]
2021-12-26 13:52:32,405 - root - INFO - 
2021-12-26 13:59:52,675 - root - INFO - Epoch 7  Loss: 0.1595  Train-Time: 330.430s  Eval-Time: 94.837s 
2021-12-26 13:59:52,676 - root - INFO - Eval P:[0.0100 0.0040 0.0030 0.0090 0.0118 0.0104 ] | R:[0.0100 0.0112 0.0146 0.0619 0.1844 0.3596 ] | NDCG: [0.0100 0.0115 0.0126 0.0288 0.0621 0.0975 ]
2021-12-26 13:59:52,676 - root - INFO - Test P:[0.0000 0.0100 0.0090 0.0100 0.0090 0.0080 ] | R:0.0000 0.0173 0.0247 0.0707 0.1565 0.2960 ] | NDCG:0.0000 0.0130 0.0166 0.0302 0.0508 0.0783 ]
2021-12-26 13:59:52,676 - root - INFO - 
2021-12-26 14:07:24,544 - root - INFO - Epoch 8  Loss: 0.1452  Train-Time: 344.456s  Eval-Time: 91.828s 
2021-12-26 14:07:24,545 - root - INFO - Eval P:[0.0000 0.0020 0.0060 0.0065 0.0076 0.0073 ] | R:[0.0000 0.0020 0.0165 0.0452 0.1694 0.3917 ] | NDCG: [0.0000 0.0021 0.0090 0.0179 0.0471 0.0870 ]
2021-12-26 14:07:24,545 - root - INFO - Test P:[0.0000 0.0060 0.0040 0.0060 0.0064 0.0062 ] | R:0.0000 0.0125 0.0225 0.0836 0.1617 0.2954 ] | NDCG:0.0000 0.0071 0.0094 0.0258 0.0446 0.0700 ]
2021-12-26 14:07:24,545 - root - INFO - 
2021-12-26 14:14:49,372 - root - INFO - Epoch 9  Loss: 0.1342  Train-Time: 343.859s  Eval-Time: 85.947s 
2021-12-26 14:14:49,373 - root - INFO - Eval P:[0.0000 0.0060 0.0040 0.0045 0.0056 0.0070 ] | R:[0.0000 0.0043 0.0093 0.0518 0.1348 0.3045 ] | NDCG: [0.0000 0.0056 0.0065 0.0169 0.0361 0.0701 ]
2021-12-26 14:14:49,373 - root - INFO - Test P:[0.0000 0.0000 0.0010 0.0065 0.0070 0.0076 ] | R:0.0000 0.0000 0.0017 0.0658 0.1581 0.2980 ] | NDCG:0.0000 0.0000 0.0011 0.0187 0.0411 0.0712 ]
2021-12-26 14:14:49,373 - root - INFO - 
2021-12-26 14:22:14,527 - root - INFO - Epoch 10  Loss: 0.1254  Train-Time: 342.923s  Eval-Time: 87.199s 
2021-12-26 14:22:14,528 - root - INFO - Eval P:[0.0100 0.0060 0.0050 0.0070 0.0080 0.0078 ] | R:[0.0003 0.0033 0.0100 0.0372 0.1428 0.2804 ] | NDCG: [0.0100 0.0070 0.0083 0.0167 0.0407 0.0687 ]
2021-12-26 14:22:14,528 - root - INFO - Test P:[0.0100 0.0080 0.0070 0.0065 0.0096 0.0082 ] | R:0.0033 0.0217 0.0344 0.0577 0.2145 0.3362 ] | NDCG:0.0100 0.0167 0.0220 0.0290 0.0653 0.0902 ]
2021-12-26 14:22:14,528 - root - INFO - 
2021-12-26 14:22:14,528 - root - INFO - Total: 76801264 
2021-12-26 14:22:20,959 - root - INFO - 
2021-12-26 14:22:20,960 - root - INFO - Top@k Evaluation
2021-12-26 14:22:20,960 - root - INFO - Top@1:  Best epoch: 1   corresponding Test R: 0.0431    corresponding Test NDCG: 0.0800
2021-12-26 14:22:20,961 - root - INFO - Top@5:  Best epoch: 1   corresponding Test R: 0.1183    corresponding Test NDCG: 0.0988
2021-12-26 14:22:20,961 - root - INFO - Top@10:  Best epoch: 1   corresponding Test R: 0.1741    corresponding Test NDCG: 0.1179
2021-12-26 14:22:20,961 - root - INFO - Top@20:  Best epoch: 2   corresponding Test R: 0.2959    corresponding Test NDCG: 0.1106
2021-12-26 14:22:20,961 - root - INFO - Top@50:  Best epoch: 2   corresponding Test R: 0.4262    corresponding Test NDCG: 0.1423
2021-12-26 14:22:20,961 - root - INFO - Top@100:  Best epoch: 2   corresponding Test R: 0.5297    corresponding Test NDCG: 0.1630
2021-12-26 14:22:20,961 - root - INFO - --------------------------------
2021-12-26 14:22:20,961 - root - INFO - 
2021-12-26 14:22:20,961 - root - INFO - train_4.txt
2021-12-26 14:27:00,069 - root - INFO - n_users:           2298698
2021-12-26 14:27:00,070 - root - INFO - n_items:           1362
2021-12-26 14:27:00,070 - root - INFO - n_entities:         28115
2021-12-26 14:27:00,070 - root - INFO - n_users_entities:   2326813
2021-12-26 14:27:00,070 - root - INFO - n_relations:        7
2021-12-26 14:35:09,960 - root - INFO - Epoch 1  Loss: 0.4284  Train-Time: 342.836s  Eval-Time: 86.391s 
2021-12-26 14:35:09,962 - root - INFO - Eval P:[0.0200 0.0320 0.0240 0.0225 0.0180 0.0131 ] | R:[0.0200 0.0837 0.1304 0.1925 0.3541 0.5179 ] | NDCG: [0.0200 0.0601 0.0745 0.0944 0.1362 0.1697 ]
2021-12-26 14:35:09,962 - root - INFO - Test P:[0.0300 0.0340 0.0390 0.0275 0.0198 0.0132 ] | R:0.0161 0.0653 0.1665 0.2323 0.4257 0.5068 ] | NDCG:0.0300 0.0502 0.0865 0.1060 0.1524 0.1719 ]
2021-12-26 14:35:09,962 - root - INFO - 
2021-12-26 14:42:34,374 - root - INFO - Epoch 2  Loss: 0.3787  Train-Time: 342.730s  Eval-Time: 86.714s 
2021-12-26 14:42:34,376 - root - INFO - Eval P:[0.0300 0.0200 0.0210 0.0220 0.0204 0.0139 ] | R:[0.0220 0.0434 0.1016 0.2121 0.4784 0.6408 ] | NDCG: [0.0300 0.0382 0.0588 0.0911 0.1535 0.1853 ]
2021-12-26 14:42:34,376 - root - INFO - Test P:[0.0200 0.0140 0.0240 0.0185 0.0148 0.0119 ] | R:0.0037 0.0210 0.1065 0.1761 0.3360 0.5517 ] | NDCG:0.0200 0.0204 0.0514 0.0701 0.1083 0.1494 ]
2021-12-26 14:42:34,376 - root - INFO - 
2021-12-26 14:50:00,748 - root - INFO - Epoch 3  Loss: 0.3079  Train-Time: 342.940s  Eval-Time: 88.031s 
2021-12-26 14:50:00,749 - root - INFO - Eval P:[0.0000 0.0080 0.0080 0.0115 0.0090 0.0082 ] | R:[0.0000 0.0333 0.0633 0.1364 0.2379 0.4101 ] | NDCG: [0.0000 0.0165 0.0267 0.0485 0.0724 0.1051 ]
2021-12-26 14:50:00,749 - root - INFO - Test P:[0.0000 0.0080 0.0080 0.0130 0.0102 0.0097 ] | R:0.0000 0.0181 0.0493 0.1116 0.2211 0.3757 ] | NDCG:0.0000 0.0111 0.0213 0.0422 0.0676 0.0999 ]
2021-12-26 14:50:00,749 - root - INFO - 
2021-12-26 14:57:30,738 - root - INFO - Epoch 4  Loss: 0.2438  Train-Time: 343.943s  Eval-Time: 90.847s 
2021-12-26 14:57:30,739 - root - INFO - Eval P:[0.0000 0.0000 0.0060 0.0075 0.0074 0.0076 ] | R:[0.0000 0.0000 0.0137 0.0550 0.1506 0.2829 ] | NDCG: [0.0000 0.0000 0.0069 0.0193 0.0422 0.0694 ]
2021-12-26 14:57:30,739 - root - INFO - Test P:[0.0100 0.0060 0.0050 0.0070 0.0076 0.0078 ] | R:0.0013 0.0146 0.0206 0.0646 0.1543 0.3541 ] | NDCG:0.0100 0.0115 0.0135 0.0262 0.0489 0.0864 ]
2021-12-26 14:57:30,739 - root - INFO - 
2021-12-26 15:04:54,352 - root - INFO - Epoch 5  Loss: 0.2031  Train-Time: 343.182s  Eval-Time: 85.534s 
2021-12-26 15:04:54,354 - root - INFO - Eval P:[0.0000 0.0060 0.0040 0.0075 0.0094 0.0076 ] | R:[0.0000 0.0031 0.0131 0.0622 0.1655 0.2868 ] | NDCG: [0.0000 0.0042 0.0064 0.0202 0.0469 0.0715 ]
2021-12-26 15:04:54,354 - root - INFO - Test P:[0.0100 0.0120 0.0090 0.0110 0.0086 0.0091 ] | R:0.0025 0.0224 0.0313 0.1012 0.1712 0.3647 ] | NDCG:0.0100 0.0171 0.0209 0.0409 0.0588 0.0974 ]
2021-12-26 15:04:54,354 - root - INFO - 
2021-12-26 15:12:26,479 - root - INFO - Epoch 6  Loss: 0.1781  Train-Time: 343.674s  Eval-Time: 93.635s 
2021-12-26 15:12:26,479 - root - INFO - Eval P:[0.0000 0.0020 0.0050 0.0075 0.0082 0.0089 ] | R:[0.0000 0.0005 0.0188 0.0621 0.1485 0.3403 ] | NDCG: [0.0000 0.0017 0.0083 0.0210 0.0438 0.0820 ]
2021-12-26 15:12:26,479 - root - INFO - Test P:[0.0000 0.0080 0.0080 0.0080 0.0068 0.0075 ] | R:0.0000 0.0175 0.0358 0.0816 0.1435 0.2608 ] | NDCG:0.0000 0.0105 0.0169 0.0292 0.0447 0.0711 ]
2021-12-26 15:12:26,479 - root - INFO - 
2021-12-26 15:19:53,702 - root - INFO - Epoch 7  Loss: 0.1601  Train-Time: 344.081s  Eval-Time: 87.925s 
2021-12-26 15:19:53,702 - root - INFO - Eval P:[0.0000 0.0060 0.0060 0.0100 0.0096 0.0099 ] | R:[0.0000 0.0057 0.0209 0.0488 0.1712 0.3570 ] | NDCG: [0.0000 0.0070 0.0120 0.0222 0.0500 0.0874 ]
2021-12-26 15:19:53,702 - root - INFO - Test P:[0.0000 0.0120 0.0080 0.0065 0.0080 0.0087 ] | R:0.0000 0.0219 0.0235 0.0388 0.1487 0.3706 ] | NDCG:0.0000 0.0142 0.0141 0.0194 0.0459 0.0880 ]
2021-12-26 15:19:53,702 - root - INFO - 
2021-12-26 15:27:24,301 - root - INFO - Epoch 8  Loss: 0.1463  Train-Time: 342.974s  Eval-Time: 92.205s 
2021-12-26 15:27:24,301 - root - INFO - Eval P:[0.0000 0.0080 0.0080 0.0070 0.0070 0.0065 ] | R:[0.0000 0.0233 0.0467 0.0686 0.1840 0.3201 ] | NDCG: [0.0000 0.0116 0.0191 0.0263 0.0525 0.0784 ]
2021-12-26 15:27:24,301 - root - INFO - Test P:[0.0000 0.0000 0.0020 0.0045 0.0074 0.0076 ] | R:0.0000 0.0000 0.0117 0.0325 0.1617 0.3692 ] | NDCG:0.0000 0.0000 0.0045 0.0119 0.0423 0.0809 ]
2021-12-26 15:27:24,302 - root - INFO - 
2021-12-26 15:34:53,636 - root - INFO - Epoch 9  Loss: 0.1352  Train-Time: 343.438s  Eval-Time: 91.146s 
2021-12-26 15:34:53,637 - root - INFO - Eval P:[0.0000 0.0000 0.0040 0.0045 0.0070 0.0067 ] | R:[0.0000 0.0000 0.0073 0.0267 0.1424 0.3155 ] | NDCG: [0.0000 0.0000 0.0042 0.0100 0.0377 0.0694 ]
2021-12-26 15:34:53,637 - root - INFO - Test P:[0.0000 0.0060 0.0040 0.0055 0.0070 0.0079 ] | R:0.0000 0.0039 0.0044 0.0510 0.1326 0.3645 ] | NDCG:0.0000 0.0045 0.0042 0.0161 0.0376 0.0808 ]
2021-12-26 15:34:53,637 - root - INFO - 
2021-12-26 15:42:24,694 - root - INFO - Epoch 10  Loss: 0.1263  Train-Time: 343.289s  Eval-Time: 92.569s 
2021-12-26 15:42:24,694 - root - INFO - Eval P:[0.0000 0.0020 0.0040 0.0060 0.0050 0.0058 ] | R:[0.0000 0.0100 0.0225 0.0448 0.0922 0.2558 ] | NDCG: [0.0000 0.0063 0.0111 0.0186 0.0307 0.0616 ]
2021-12-26 15:42:24,694 - root - INFO - Test P:[0.0000 0.0000 0.0010 0.0055 0.0058 0.0072 ] | R:0.0000 0.0000 0.0100 0.0521 0.1229 0.2964 ] | NDCG:0.0000 0.0000 0.0033 0.0160 0.0335 0.0673 ]
2021-12-26 15:42:24,694 - root - INFO - 
2021-12-26 15:42:24,695 - root - INFO - Total: 76801264 
2021-12-26 15:42:31,429 - root - INFO - 
2021-12-26 15:42:31,431 - root - INFO - Top@k Evaluation
2021-12-26 15:42:31,431 - root - INFO - Top@1:  Best epoch: 2   corresponding Test R: 0.0037    corresponding Test NDCG: 0.0200
2021-12-26 15:42:31,431 - root - INFO - Top@5:  Best epoch: 1   corresponding Test R: 0.0653    corresponding Test NDCG: 0.0502
2021-12-26 15:42:31,431 - root - INFO - Top@10:  Best epoch: 1   corresponding Test R: 0.1665    corresponding Test NDCG: 0.0865
2021-12-26 15:42:31,431 - root - INFO - Top@20:  Best epoch: 2   corresponding Test R: 0.1761    corresponding Test NDCG: 0.0701
2021-12-26 15:42:31,431 - root - INFO - Top@50:  Best epoch: 2   corresponding Test R: 0.3360    corresponding Test NDCG: 0.1083
2021-12-26 15:42:31,431 - root - INFO - Top@100:  Best epoch: 2   corresponding Test R: 0.5517    corresponding Test NDCG: 0.1494
2021-12-26 15:42:31,431 - root - INFO - --------------------------------
2021-12-26 15:42:31,431 - root - INFO - 
2021-12-26 15:42:31,431 - root - INFO - train_5.txt
2021-12-26 15:47:09,419 - root - INFO - n_users:           2298698
2021-12-26 15:47:09,420 - root - INFO - n_items:           1362
2021-12-26 15:47:09,420 - root - INFO - n_entities:         28115
2021-12-26 15:47:09,420 - root - INFO - n_users_entities:   2326813
2021-12-26 15:47:09,420 - root - INFO - n_relations:        7
2021-12-26 15:55:12,656 - root - INFO - Epoch 1  Loss: 0.4284  Train-Time: 341.767s  Eval-Time: 80.604s 
2021-12-26 15:55:12,657 - root - INFO - Eval P:[0.0600 0.0240 0.0180 0.0165 0.0134 0.0102 ] | R:[0.0453 0.0763 0.1130 0.2048 0.3671 0.5318 ] | NDCG: [0.0600 0.0655 0.0779 0.1025 0.1415 0.1729 ]
2021-12-26 15:55:12,657 - root - INFO - Test P:[0.0400 0.0340 0.0360 0.0295 0.0194 0.0129 ] | R:0.0146 0.0650 0.1509 0.2601 0.3865 0.5226 ] | NDCG:0.0400 0.0532 0.0817 0.1138 0.1462 0.1737 ]
2021-12-26 15:55:12,657 - root - INFO - 
2021-12-26 16:02:32,653 - root - INFO - Epoch 2  Loss: 0.3775  Train-Time: 340.799s  Eval-Time: 84.197s 
2021-12-26 16:02:32,653 - root - INFO - Eval P:[0.0100 0.0080 0.0090 0.0100 0.0108 0.0108 ] | R:[0.0050 0.0300 0.0564 0.1041 0.2736 0.5313 ] | NDCG: [0.0100 0.0198 0.0303 0.0455 0.0846 0.1350 ]
2021-12-26 16:02:32,654 - root - INFO - Test P:[0.0200 0.0180 0.0170 0.0145 0.0116 0.0111 ] | R:0.0117 0.0517 0.1028 0.1665 0.2933 0.5637 ] | NDCG:0.0200 0.0365 0.0530 0.0715 0.1020 0.1541 ]
2021-12-26 16:02:32,654 - root - INFO - 
2021-12-26 16:09:56,689 - root - INFO - Epoch 3  Loss: 0.3082  Train-Time: 341.308s  Eval-Time: 87.684s 
2021-12-26 16:09:56,689 - root - INFO - Eval P:[0.0200 0.0100 0.0060 0.0080 0.0080 0.0089 ] | R:[0.0200 0.0310 0.0410 0.0868 0.2063 0.4362 ] | NDCG: [0.0200 0.0274 0.0301 0.0441 0.0709 0.1149 ]
2021-12-26 16:09:56,689 - root - INFO - Test P:[0.0000 0.0000 0.0050 0.0075 0.0064 0.0064 ] | R:0.0000 0.0000 0.0267 0.0839 0.1831 0.3377 ] | NDCG:0.0000 0.0000 0.0098 0.0263 0.0481 0.0779 ]
2021-12-26 16:09:56,690 - root - INFO - 
2021-12-26 16:17:18,977 - root - INFO - Epoch 4  Loss: 0.2455  Train-Time: 342.545s  Eval-Time: 84.759s 
2021-12-26 16:17:18,977 - root - INFO - Eval P:[0.0000 0.0000 0.0010 0.0040 0.0052 0.0070 ] | R:[0.0000 0.0000 0.0009 0.0307 0.1202 0.3132 ] | NDCG: [0.0000 0.0000 0.0007 0.0103 0.0304 0.0675 ]
2021-12-26 16:17:18,977 - root - INFO - Test P:[0.0000 0.0100 0.0110 0.0085 0.0060 0.0062 ] | R:0.0000 0.0113 0.0444 0.0672 0.1387 0.2732 ] | NDCG:0.0000 0.0102 0.0223 0.0292 0.0455 0.0724 ]
2021-12-26 16:17:18,977 - root - INFO - 
2021-12-26 16:24:49,317 - root - INFO - Epoch 5  Loss: 0.2063  Train-Time: 342.733s  Eval-Time: 92.685s 
2021-12-26 16:24:49,318 - root - INFO - Eval P:[0.0100 0.0060 0.0040 0.0075 0.0098 0.0094 ] | R:[0.0007 0.0140 0.0240 0.0566 0.2049 0.4149 ] | NDCG: [0.0100 0.0127 0.0148 0.0256 0.0602 0.1002 ]
2021-12-26 16:24:49,318 - root - INFO - Test P:[0.0000 0.0040 0.0030 0.0065 0.0094 0.0083 ] | R:0.0000 0.0125 0.0139 0.0550 0.2119 0.3460 ] | NDCG:0.0000 0.0058 0.0066 0.0195 0.0565 0.0845 ]
2021-12-26 16:24:49,318 - root - INFO - 
2021-12-26 16:32:17,161 - root - INFO - Epoch 6  Loss: 0.1796  Train-Time: 343.507s  Eval-Time: 88.998s 
2021-12-26 16:32:17,161 - root - INFO - Eval P:[0.0000 0.0040 0.0060 0.0075 0.0082 0.0084 ] | R:[0.0000 0.0108 0.0335 0.0775 0.1768 0.3456 ] | NDCG: [0.0000 0.0076 0.0155 0.0278 0.0522 0.0857 ]
2021-12-26 16:32:17,161 - root - INFO - Test P:[0.0000 0.0020 0.0030 0.0050 0.0054 0.0056 ] | R:0.0000 0.0050 0.0133 0.0417 0.1145 0.2527 ] | NDCG:0.0000 0.0039 0.0075 0.0166 0.0341 0.0607 ]
2021-12-26 16:32:17,162 - root - INFO - 
2021-12-26 16:39:46,331 - root - INFO - Epoch 7  Loss: 0.1604  Train-Time: 341.900s  Eval-Time: 92.214s 
2021-12-26 16:39:46,331 - root - INFO - Eval P:[0.0000 0.0000 0.0040 0.0090 0.0096 0.0088 ] | R:[0.0000 0.0000 0.0119 0.0572 0.1989 0.3488 ] | NDCG: [0.0000 0.0000 0.0054 0.0198 0.0516 0.0811 ]
2021-12-26 16:39:46,331 - root - INFO - Test P:[0.0000 0.0040 0.0050 0.0065 0.0078 0.0068 ] | R:0.0000 0.0133 0.0188 0.0566 0.1715 0.2783 ] | NDCG:0.0000 0.0068 0.0098 0.0204 0.0477 0.0695 ]
2021-12-26 16:39:46,332 - root - INFO - 
2021-12-26 16:47:04,103 - root - INFO - Epoch 8  Loss: 0.1451  Train-Time: 339.504s  Eval-Time: 83.226s 
2021-12-26 16:47:04,104 - root - INFO - Eval P:[0.0000 0.0020 0.0030 0.0070 0.0094 0.0088 ] | R:[0.0000 0.0011 0.0144 0.0572 0.1815 0.3542 ] | NDCG: [0.0000 0.0017 0.0060 0.0193 0.0506 0.0846 ]
2021-12-26 16:47:04,104 - root - INFO - Test P:[0.0000 0.0040 0.0050 0.0075 0.0074 0.0081 ] | R:0.0000 0.0054 0.0196 0.0492 0.1403 0.3043 ] | NDCG:0.0000 0.0038 0.0084 0.0185 0.0400 0.0723 ]
2021-12-26 16:47:04,104 - root - INFO - 
2021-12-26 16:54:14,205 - root - INFO - Epoch 9  Loss: 0.1332  Train-Time: 334.954s  Eval-Time: 79.827s 
2021-12-26 16:54:14,205 - root - INFO - Eval P:[0.0100 0.0020 0.0060 0.0060 0.0070 0.0070 ] | R:[0.0033 0.0033 0.0177 0.0444 0.1272 0.3161 ] | NDCG: [0.0100 0.0047 0.0117 0.0198 0.0411 0.0760 ]
2021-12-26 16:54:14,205 - root - INFO - Test P:[0.0000 0.0000 0.0020 0.0045 0.0058 0.0058 ] | R:0.0000 0.0000 0.0114 0.0473 0.1653 0.3283 ] | NDCG:0.0000 0.0000 0.0042 0.0145 0.0396 0.0688 ]
2021-12-26 16:54:14,205 - root - INFO - 
2021-12-26 17:01:23,301 - root - INFO - Epoch 10  Loss: 0.1241  Train-Time: 335.948s  Eval-Time: 78.590s 
2021-12-26 17:01:23,301 - root - INFO - Eval P:[0.0000 0.0080 0.0060 0.0070 0.0082 0.0068 ] | R:[0.0000 0.0104 0.0174 0.0638 0.1861 0.2966 ] | NDCG: [0.0000 0.0071 0.0096 0.0231 0.0522 0.0747 ]
2021-12-26 17:01:23,301 - root - INFO - Test P:[0.0000 0.0040 0.0040 0.0090 0.0088 0.0097 ] | R:0.0000 0.0200 0.0216 0.0718 0.1251 0.3128 ] | NDCG:0.0000 0.0113 0.0126 0.0283 0.0443 0.0827 ]
2021-12-26 17:01:23,301 - root - INFO - 
2021-12-26 17:01:23,301 - root - INFO - Total: 76801264 
2021-12-26 17:01:28,791 - root - INFO - 
2021-12-26 17:01:28,792 - root - INFO - Top@k Evaluation
2021-12-26 17:01:28,793 - root - INFO - Top@1:  Best epoch: 1   corresponding Test R: 0.0146    corresponding Test NDCG: 0.0400
2021-12-26 17:01:28,793 - root - INFO - Top@5:  Best epoch: 1   corresponding Test R: 0.0650    corresponding Test NDCG: 0.0532
2021-12-26 17:01:28,793 - root - INFO - Top@10:  Best epoch: 1   corresponding Test R: 0.1509    corresponding Test NDCG: 0.0817
2021-12-26 17:01:28,793 - root - INFO - Top@20:  Best epoch: 1   corresponding Test R: 0.2601    corresponding Test NDCG: 0.1138
2021-12-26 17:01:28,793 - root - INFO - Top@50:  Best epoch: 1   corresponding Test R: 0.3865    corresponding Test NDCG: 0.1462
2021-12-26 17:01:28,793 - root - INFO - Top@100:  Best epoch: 1   corresponding Test R: 0.5226    corresponding Test NDCG: 0.1737
2021-12-26 17:01:28,793 - root - INFO - --------------------------------
2021-12-26 17:01:28,793 - root - INFO - 
2021-12-26 17:01:28,793 - root - INFO - Top@1 recommendation:   Avg-best-R 0.0188 | Avg-best-NDCG: 0.0420 
2021-12-26 17:01:28,793 - root - INFO - Top@5 recommendation:   Avg-best-R 0.0711 | Avg-best-NDCG: 0.0566 
2021-12-26 17:01:28,793 - root - INFO - Top@10 recommendation:   Avg-best-R 0.1548 | Avg-best-NDCG: 0.0889 
2021-12-26 17:01:28,793 - root - INFO - Top@20 recommendation:   Avg-best-R 0.2497 | Avg-best-NDCG: 0.1045 
2021-12-26 17:01:28,794 - root - INFO - Top@50 recommendation:   Avg-best-R 0.3811 | Avg-best-NDCG: 0.1311 
2021-12-26 17:01:28,794 - root - INFO - Top@100 recommendation:   Avg-best-R 0.5318 | Avg-best-NDCG: 0.1545 
2021-12-26 17:01:28,794 - root - INFO - ********************************************************************************************
2021-12-26 17:01:28,794 - root - INFO - ********************************************************************************************
