2021-12-25 20:42:09,850 - root - INFO - Namespace(agg_type='sum', batch_size=4096, curvature=1.0, data_dir='/cache/chenyankai/LKGR_final/data/', data_name='movie', dropout=0.0, gpu_id=0, kg_file='kg_final.txt', l2_weight=1e-07, lr=0.002, n_epochs=20, n_layer=2, node_dim=32, sample_size=8, saved_dir='logs/movie/Dim32/', seed=2021)
2021-12-25 20:42:09,850 - root - INFO - Run-exp-TopK_recommendation
2021-12-25 20:42:09,850 - root - INFO - train_1.txt
2021-12-25 20:44:37,874 - root - INFO - n_users:           138159
2021-12-25 20:44:37,874 - root - INFO - n_items:           16954
2021-12-25 20:44:37,874 - root - INFO - n_entities:         102569
2021-12-25 20:44:37,874 - root - INFO - n_users_entities:   240728
2021-12-25 20:44:37,874 - root - INFO - n_relations:        32
2021-12-25 20:53:21,683 - root - INFO - Epoch 1  Loss: 0.2121  Train-Time: 478.206s  Eval-Time: 30.200s 
2021-12-25 20:53:21,684 - root - INFO - Eval P:[0.1100 0.1040 0.1070 0.0915 0.0678 0.0473 ] | R:[0.0111 0.0648 0.1246 0.1975 0.3702 0.4824 ] | NDCG: [0.1100 0.1099 0.1310 0.1530 0.2095 0.2451 ]
2021-12-25 20:53:21,684 - root - INFO - Test P:[0.0800 0.0760 0.0770 0.0660 0.0494 0.0358 ] | R:0.0109 0.0497 0.1160 0.1938 0.3324 0.4726 ] | NDCG:0.0800 0.0860 0.1076 0.1302 0.1694 0.2054 ]
2021-12-25 20:53:21,684 - root - INFO - 
2021-12-25 21:01:59,815 - root - INFO - Epoch 2  Loss: 0.1545  Train-Time: 476.046s  Eval-Time: 33.842s 
2021-12-25 21:01:59,816 - root - INFO - Eval P:[0.1500 0.1120 0.1230 0.0955 0.0708 0.0517 ] | R:[0.0141 0.0744 0.1478 0.2381 0.3826 0.5218 ] | NDCG: [0.1500 0.1280 0.1534 0.1740 0.2222 0.2650 ]
2021-12-25 21:01:59,816 - root - INFO - Test P:[0.1700 0.1220 0.0990 0.0825 0.0582 0.0408 ] | R:0.0235 0.0789 0.1253 0.2151 0.3575 0.4912 ] | NDCG:0.1700 0.1406 0.1433 0.1651 0.2121 0.2529 ]
2021-12-25 21:01:59,816 - root - INFO - 
2021-12-25 21:10:36,378 - root - INFO - Epoch 3  Loss: 0.1329  Train-Time: 476.078s  Eval-Time: 32.472s 
2021-12-25 21:10:36,378 - root - INFO - Eval P:[0.1400 0.1080 0.0890 0.0780 0.0586 0.0415 ] | R:[0.0197 0.0875 0.1385 0.2611 0.4237 0.5651 ] | NDCG: [0.1400 0.1257 0.1346 0.1719 0.2300 0.2732 ]
2021-12-25 21:10:36,378 - root - INFO - Test P:[0.2000 0.1360 0.1150 0.0920 0.0614 0.0428 ] | R:0.0307 0.0985 0.1628 0.2674 0.4103 0.5626 ] | NDCG:0.2000 0.1673 0.1737 0.2013 0.2487 0.2946 ]
2021-12-25 21:10:36,378 - root - INFO - 
2021-12-25 21:19:13,260 - root - INFO - Epoch 4  Loss: 0.1181  Train-Time: 476.529s  Eval-Time: 32.204s 
2021-12-25 21:19:13,261 - root - INFO - Eval P:[0.1500 0.1060 0.0900 0.0825 0.0602 0.0416 ] | R:[0.0163 0.0788 0.1326 0.2068 0.3815 0.5204 ] | NDCG: [0.1500 0.1203 0.1299 0.1581 0.2109 0.2503 ]
2021-12-25 21:19:13,261 - root - INFO - Test P:[0.0900 0.1120 0.0950 0.0845 0.0586 0.0432 ] | R:0.0135 0.0722 0.1185 0.2011 0.3573 0.4867 ] | NDCG:0.0900 0.1179 0.1251 0.1512 0.1980 0.2378 ]
2021-12-25 21:19:13,261 - root - INFO - 
2021-12-25 21:27:49,072 - root - INFO - Epoch 5  Loss: 0.1072  Train-Time: 475.103s  Eval-Time: 32.749s 
2021-12-25 21:27:49,072 - root - INFO - Eval P:[0.1900 0.1080 0.1020 0.0845 0.0602 0.0475 ] | R:[0.0194 0.0640 0.1264 0.1988 0.3339 0.5046 ] | NDCG: [0.1900 0.1301 0.1424 0.1590 0.2004 0.2525 ]
2021-12-25 21:27:49,072 - root - INFO - Test P:[0.1900 0.1240 0.1130 0.0925 0.0670 0.0480 ] | R:0.0343 0.0788 0.1328 0.2186 0.3805 0.5054 ] | NDCG:0.1900 0.1486 0.1568 0.1812 0.2331 0.2753 ]
2021-12-25 21:27:49,072 - root - INFO - 
2021-12-25 21:36:28,260 - root - INFO - Epoch 6  Loss: 0.0990  Train-Time: 476.469s  Eval-Time: 34.693s 
2021-12-25 21:36:28,261 - root - INFO - Eval P:[0.1200 0.1000 0.0920 0.0840 0.0572 0.0415 ] | R:[0.0205 0.0652 0.1273 0.2196 0.3666 0.5133 ] | NDCG: [0.1200 0.1165 0.1333 0.1608 0.2033 0.2453 ]
2021-12-25 21:36:28,261 - root - INFO - Test P:[0.1100 0.1100 0.1010 0.0875 0.0676 0.0533 ] | R:0.0141 0.0655 0.1195 0.2038 0.3569 0.5217 ] | NDCG:0.1100 0.1164 0.1299 0.1534 0.2019 0.2570 ]
2021-12-25 21:36:28,261 - root - INFO - 
2021-12-25 21:45:05,484 - root - INFO - Epoch 7  Loss: 0.0927  Train-Time: 476.493s  Eval-Time: 32.622s 
2021-12-25 21:45:05,485 - root - INFO - Eval P:[0.0600 0.0920 0.0830 0.0735 0.0510 0.0358 ] | R:[0.0086 0.0725 0.1236 0.2038 0.3627 0.4647 ] | NDCG: [0.0600 0.0978 0.1130 0.1419 0.1914 0.2241 ]
2021-12-25 21:45:05,485 - root - INFO - Test P:[0.0800 0.1000 0.0870 0.0660 0.0476 0.0342 ] | R:0.0100 0.0754 0.1106 0.1915 0.3216 0.4595 ] | NDCG:0.0800 0.1069 0.1138 0.1348 0.1808 0.2203 ]
2021-12-25 21:45:05,485 - root - INFO - 
2021-12-25 21:53:44,921 - root - INFO - Epoch 8  Loss: 0.0879  Train-Time: 477.397s  Eval-Time: 34.020s 
2021-12-25 21:53:44,921 - root - INFO - Eval P:[0.0800 0.0860 0.0800 0.0660 0.0516 0.0396 ] | R:[0.0154 0.0534 0.1017 0.1625 0.3123 0.4608 ] | NDCG: [0.0800 0.0946 0.1064 0.1221 0.1691 0.2138 ]
2021-12-25 21:53:44,921 - root - INFO - Test P:[0.1300 0.1120 0.0920 0.0730 0.0556 0.0434 ] | R:0.0155 0.0642 0.0953 0.1393 0.2765 0.4455 ] | NDCG:0.1300 0.1211 0.1196 0.1298 0.1738 0.2228 ]
2021-12-25 21:53:44,921 - root - INFO - 
2021-12-25 22:02:18,083 - root - INFO - Epoch 9  Loss: 0.0840  Train-Time: 473.829s  Eval-Time: 31.078s 
2021-12-25 22:02:18,083 - root - INFO - Eval P:[0.0600 0.0860 0.0790 0.0655 0.0458 0.0356 ] | R:[0.0097 0.0655 0.1216 0.2015 0.3349 0.5053 ] | NDCG: [0.0600 0.0915 0.1063 0.1315 0.1752 0.2234 ]
2021-12-25 22:02:18,083 - root - INFO - Test P:[0.1100 0.0920 0.0800 0.0640 0.0510 0.0375 ] | R:0.0146 0.0565 0.0864 0.1768 0.3405 0.4710 ] | NDCG:0.1100 0.0962 0.1006 0.1227 0.1745 0.2105 ]
2021-12-25 22:02:18,084 - root - INFO - 
2021-12-25 22:10:55,650 - root - INFO - Epoch 10  Loss: 0.0809  Train-Time: 473.913s  Eval-Time: 35.718s 
2021-12-25 22:10:55,651 - root - INFO - Eval P:[0.0900 0.0640 0.0480 0.0510 0.0428 0.0370 ] | R:[0.0057 0.0318 0.0530 0.1275 0.2691 0.4243 ] | NDCG: [0.0900 0.0752 0.0691 0.0892 0.1288 0.1787 ]
2021-12-25 22:10:55,651 - root - INFO - Test P:[0.0700 0.0720 0.0640 0.0590 0.0494 0.0368 ] | R:0.0057 0.0446 0.0881 0.1918 0.3520 0.5014 ] | NDCG:0.0700 0.0738 0.0837 0.1161 0.1715 0.2159 ]
2021-12-25 22:10:55,651 - root - INFO - 
2021-12-25 22:19:31,273 - root - INFO - Epoch 11  Loss: 0.0782  Train-Time: 476.353s  Eval-Time: 31.238s 
2021-12-25 22:19:31,273 - root - INFO - Eval P:[0.0900 0.0580 0.0530 0.0560 0.0498 0.0378 ] | R:[0.0171 0.0413 0.0665 0.1223 0.2908 0.4318 ] | NDCG: [0.0900 0.0677 0.0750 0.1004 0.1558 0.1954 ]
2021-12-25 22:19:31,273 - root - INFO - Test P:[0.0500 0.0640 0.0690 0.0615 0.0494 0.0362 ] | R:0.0094 0.0501 0.1248 0.2111 0.4036 0.5383 ] | NDCG:0.0500 0.0727 0.0985 0.1286 0.1857 0.2256 ]
2021-12-25 22:19:31,274 - root - INFO - 
2021-12-25 22:28:05,463 - root - INFO - Epoch 12  Loss: 0.0760  Train-Time: 473.775s  Eval-Time: 32.321s 
2021-12-25 22:28:05,463 - root - INFO - Eval P:[0.1000 0.1040 0.0890 0.0690 0.0512 0.0413 ] | R:[0.0145 0.0658 0.1079 0.1760 0.2971 0.4518 ] | NDCG: [0.1000 0.1118 0.1186 0.1336 0.1740 0.2227 ]
2021-12-25 22:28:05,463 - root - INFO - Test P:[0.0700 0.0860 0.0660 0.0585 0.0458 0.0346 ] | R:0.0140 0.0626 0.0869 0.1676 0.3130 0.4592 ] | NDCG:0.0700 0.0968 0.0947 0.1198 0.1682 0.2118 ]
2021-12-25 22:28:05,463 - root - INFO - 
2021-12-25 22:36:40,911 - root - INFO - Epoch 13  Loss: 0.0741  Train-Time: 475.132s  Eval-Time: 32.349s 
2021-12-25 22:36:40,911 - root - INFO - Eval P:[0.1300 0.0840 0.0730 0.0660 0.0500 0.0386 ] | R:[0.0185 0.0536 0.1004 0.1929 0.3286 0.4759 ] | NDCG: [0.1300 0.1026 0.1093 0.1326 0.1787 0.2247 ]
2021-12-25 22:36:40,911 - root - INFO - Test P:[0.1000 0.1060 0.1020 0.0865 0.0646 0.0509 ] | R:0.0221 0.0770 0.1373 0.1990 0.3337 0.4972 ] | NDCG:0.1000 0.1205 0.1422 0.1601 0.2028 0.2526 ]
2021-12-25 22:36:40,911 - root - INFO - 
2021-12-25 22:45:16,456 - root - INFO - Epoch 14  Loss: 0.0725  Train-Time: 473.532s  Eval-Time: 33.969s 
2021-12-25 22:45:16,456 - root - INFO - Eval P:[0.0900 0.0780 0.0770 0.0630 0.0502 0.0390 ] | R:[0.0077 0.0409 0.0848 0.1360 0.2515 0.4077 ] | NDCG: [0.0900 0.0888 0.0962 0.1067 0.1496 0.1966 ]
2021-12-25 22:45:16,456 - root - INFO - Test P:[0.1400 0.0860 0.0620 0.0525 0.0426 0.0315 ] | R:0.0206 0.0601 0.0756 0.1513 0.3179 0.4247 ] | NDCG:0.1400 0.1022 0.0939 0.1166 0.1699 0.2051 ]
2021-12-25 22:45:16,456 - root - INFO - 
2021-12-25 22:54:00,298 - root - INFO - Epoch 15  Loss: 0.0711  Train-Time: 483.538s  Eval-Time: 32.235s 
2021-12-25 22:54:00,299 - root - INFO - Eval P:[0.0600 0.0860 0.0700 0.0595 0.0454 0.0347 ] | R:[0.0181 0.0959 0.1483 0.2019 0.3505 0.4827 ] | NDCG: [0.0600 0.1041 0.1198 0.1407 0.1892 0.2305 ]
2021-12-25 22:54:00,299 - root - INFO - Test P:[0.1200 0.1020 0.0810 0.0675 0.0552 0.0438 ] | R:0.0289 0.0725 0.1296 0.2066 0.3845 0.5533 ] | NDCG:0.1200 0.1209 0.1275 0.1492 0.2088 0.2624 ]
2021-12-25 22:54:00,299 - root - INFO - 
2021-12-25 23:02:36,559 - root - INFO - Epoch 16  Loss: 0.0699  Train-Time: 474.708s  Eval-Time: 33.617s 
2021-12-25 23:02:36,559 - root - INFO - Eval P:[0.1400 0.1160 0.0940 0.0755 0.0534 0.0426 ] | R:[0.0134 0.0834 0.1372 0.2119 0.3561 0.5096 ] | NDCG: [0.1400 0.1316 0.1377 0.1557 0.1994 0.2471 ]
2021-12-25 23:02:36,559 - root - INFO - Test P:[0.1700 0.1000 0.0820 0.0685 0.0548 0.0420 ] | R:0.0221 0.0667 0.1183 0.1842 0.3549 0.4907 ] | NDCG:0.1700 0.1214 0.1266 0.1450 0.1972 0.2402 ]
2021-12-25 23:02:36,560 - root - INFO - 
2021-12-25 23:11:14,253 - root - INFO - Epoch 17  Loss: 0.0689  Train-Time: 477.193s  Eval-Time: 32.315s 
2021-12-25 23:11:14,253 - root - INFO - Eval P:[0.0700 0.0460 0.0530 0.0520 0.0474 0.0382 ] | R:[0.0177 0.0336 0.0867 0.1508 0.3170 0.4706 ] | NDCG: [0.0700 0.0586 0.0776 0.1014 0.1570 0.2034 ]
2021-12-25 23:11:14,253 - root - INFO - Test P:[0.0900 0.0820 0.0690 0.0565 0.0456 0.0342 ] | R:0.0119 0.0553 0.1019 0.1715 0.3390 0.4971 ] | NDCG:0.0900 0.0920 0.0992 0.1176 0.1688 0.2129 ]
2021-12-25 23:11:14,253 - root - INFO - 
2021-12-25 23:19:57,144 - root - INFO - Epoch 18  Loss: 0.0680  Train-Time: 480.338s  Eval-Time: 34.310s 
2021-12-25 23:19:57,144 - root - INFO - Eval P:[0.0600 0.0780 0.0680 0.0605 0.0524 0.0383 ] | R:[0.0078 0.0603 0.1030 0.1690 0.3434 0.4619 ] | NDCG: [0.0600 0.0809 0.0935 0.1154 0.1740 0.2122 ]
2021-12-25 23:19:57,144 - root - INFO - Test P:[0.1000 0.0780 0.0800 0.0715 0.0570 0.0405 ] | R:0.0242 0.0684 0.1335 0.2283 0.3779 0.5103 ] | NDCG:0.1000 0.0964 0.1204 0.1502 0.2015 0.2411 ]
2021-12-25 23:19:57,144 - root - INFO - 
2021-12-25 23:28:40,425 - root - INFO - Epoch 19  Loss: 0.0671  Train-Time: 481.409s  Eval-Time: 33.806s 
2021-12-25 23:28:40,426 - root - INFO - Eval P:[0.0600 0.0640 0.0700 0.0590 0.0496 0.0379 ] | R:[0.0095 0.0625 0.1180 0.2146 0.3619 0.5353 ] | NDCG: [0.0600 0.0701 0.0933 0.1257 0.1793 0.2304 ]
2021-12-25 23:28:40,426 - root - INFO - Test P:[0.0900 0.0900 0.0740 0.0595 0.0458 0.0329 ] | R:0.0143 0.0747 0.1167 0.1805 0.3047 0.4161 ] | NDCG:0.0900 0.1021 0.1092 0.1262 0.1683 0.2014 ]
2021-12-25 23:28:40,426 - root - INFO - 
2021-12-25 23:37:17,352 - root - INFO - Epoch 20  Loss: 0.0664  Train-Time: 475.363s  Eval-Time: 33.364s 
2021-12-25 23:37:17,353 - root - INFO - Eval P:[0.0900 0.0880 0.0700 0.0645 0.0514 0.0394 ] | R:[0.0279 0.0796 0.1033 0.1916 0.3622 0.4875 ] | NDCG: [0.0900 0.1133 0.1152 0.1403 0.1940 0.2356 ]
2021-12-25 23:37:17,353 - root - INFO - Test P:[0.0900 0.0740 0.0710 0.0620 0.0426 0.0286 ] | R:0.0222 0.0731 0.1446 0.2419 0.3702 0.4438 ] | NDCG:0.0900 0.0917 0.1157 0.1509 0.1948 0.2195 ]
2021-12-25 23:37:17,353 - root - INFO - 
2021-12-25 23:37:17,353 - root - INFO - Total: 7982206 
2021-12-25 23:37:19,653 - root - INFO - 
2021-12-25 23:37:19,656 - root - INFO - Top@k Evaluation
2021-12-25 23:37:19,656 - root - INFO - Top@1:  Best epoch: 20   corresponding Test R: 0.0222    corresponding Test NDCG: 0.0900
2021-12-25 23:37:19,657 - root - INFO - Top@5:  Best epoch: 15   corresponding Test R: 0.0725    corresponding Test NDCG: 0.1209
2021-12-25 23:37:19,657 - root - INFO - Top@10:  Best epoch: 15   corresponding Test R: 0.1296    corresponding Test NDCG: 0.1275
2021-12-25 23:37:19,657 - root - INFO - Top@20:  Best epoch: 3   corresponding Test R: 0.2674    corresponding Test NDCG: 0.2013
2021-12-25 23:37:19,657 - root - INFO - Top@50:  Best epoch: 3   corresponding Test R: 0.4103    corresponding Test NDCG: 0.2487
2021-12-25 23:37:19,657 - root - INFO - Top@100:  Best epoch: 3   corresponding Test R: 0.5626    corresponding Test NDCG: 0.2946
2021-12-25 23:37:19,657 - root - INFO - --------------------------------
2021-12-25 23:37:19,657 - root - INFO - 
2021-12-25 23:37:19,657 - root - INFO - train_2.txt
2021-12-25 23:39:47,053 - root - INFO - n_users:           138159
2021-12-25 23:39:47,054 - root - INFO - n_items:           16954
2021-12-25 23:39:47,054 - root - INFO - n_entities:         102569
2021-12-25 23:39:47,054 - root - INFO - n_users_entities:   240728
2021-12-25 23:39:47,054 - root - INFO - n_relations:        32
2021-12-25 23:48:31,154 - root - INFO - Epoch 1  Loss: 0.2143  Train-Time: 477.720s  Eval-Time: 30.347s 
2021-12-25 23:48:31,154 - root - INFO - Eval P:[0.1500 0.1420 0.1040 0.0925 0.0688 0.0465 ] | R:[0.0286 0.1247 0.1645 0.2832 0.4661 0.5552 ] | NDCG: [0.1500 0.1717 0.1679 0.1987 0.2548 0.2841 ]
2021-12-25 23:48:31,154 - root - INFO - Test P:[0.0900 0.1020 0.1080 0.0845 0.0624 0.0429 ] | R:0.0074 0.0668 0.1408 0.2046 0.3544 0.4788 ] | NDCG:0.0900 0.1056 0.1339 0.1517 0.2005 0.2369 ]
2021-12-25 23:48:31,154 - root - INFO - 
2021-12-25 23:57:05,873 - root - INFO - Epoch 2  Loss: 0.1571  Train-Time: 474.996s  Eval-Time: 31.699s 
2021-12-25 23:57:05,874 - root - INFO - Eval P:[0.1200 0.1040 0.0910 0.0765 0.0570 0.0433 ] | R:[0.0104 0.0569 0.1026 0.1738 0.3384 0.5161 ] | NDCG: [0.1200 0.1099 0.1149 0.1358 0.1872 0.2411 ]
2021-12-25 23:57:05,874 - root - INFO - Test P:[0.1500 0.1060 0.1050 0.0865 0.0598 0.0430 ] | R:0.0212 0.0725 0.1442 0.2337 0.3937 0.5354 ] | NDCG:0.1500 0.1216 0.1432 0.1678 0.2215 0.2657 ]
2021-12-25 23:57:05,874 - root - INFO - 
2021-12-26 00:05:43,447 - root - INFO - Epoch 3  Loss: 0.1355  Train-Time: 478.115s  Eval-Time: 31.421s 
2021-12-26 00:05:43,447 - root - INFO - Eval P:[0.1900 0.1240 0.1110 0.0965 0.0706 0.0512 ] | R:[0.0305 0.0839 0.1437 0.2572 0.3825 0.5235 ] | NDCG: [0.1900 0.1557 0.1614 0.1913 0.2378 0.2830 ]
2021-12-26 00:05:43,447 - root - INFO - Test P:[0.1500 0.1240 0.0990 0.0830 0.0604 0.0448 ] | R:0.0257 0.0996 0.1411 0.2095 0.3584 0.4974 ] | NDCG:0.1500 0.1453 0.1477 0.1700 0.2195 0.2631 ]
2021-12-26 00:05:43,447 - root - INFO - 
2021-12-26 00:14:21,001 - root - INFO - Epoch 4  Loss: 0.1200  Train-Time: 476.021s  Eval-Time: 33.595s 
2021-12-26 00:14:21,001 - root - INFO - Eval P:[0.1400 0.1460 0.1340 0.1050 0.0760 0.0530 ] | R:[0.0229 0.1050 0.1673 0.2481 0.3764 0.5303 ] | NDCG: [0.1400 0.1686 0.1822 0.1989 0.2420 0.2857 ]
2021-12-26 00:14:21,002 - root - INFO - Test P:[0.1100 0.0900 0.0820 0.0705 0.0558 0.0413 ] | R:0.0133 0.0526 0.0994 0.2167 0.3966 0.5503 ] | NDCG:0.1100 0.1010 0.1100 0.1405 0.1917 0.2368 ]
2021-12-26 00:14:21,002 - root - INFO - 
2021-12-26 00:22:58,560 - root - INFO - Epoch 5  Loss: 0.1089  Train-Time: 475.096s  Eval-Time: 34.431s 
2021-12-26 00:22:58,561 - root - INFO - Eval P:[0.1100 0.0960 0.0900 0.0790 0.0562 0.0419 ] | R:[0.0092 0.0601 0.1201 0.2067 0.3357 0.4961 ] | NDCG: [0.1100 0.1047 0.1200 0.1462 0.1877 0.2340 ]
2021-12-26 00:22:58,561 - root - INFO - Test P:[0.1300 0.1080 0.0890 0.0780 0.0540 0.0403 ] | R:0.0189 0.0860 0.1302 0.2174 0.3715 0.5073 ] | NDCG:0.1300 0.1249 0.1311 0.1602 0.2076 0.2507 ]
2021-12-26 00:22:58,561 - root - INFO - 
2021-12-26 00:31:35,672 - root - INFO - Epoch 6  Loss: 0.1006  Train-Time: 475.083s  Eval-Time: 34.075s 
2021-12-26 00:31:35,672 - root - INFO - Eval P:[0.1300 0.0840 0.0660 0.0600 0.0486 0.0374 ] | R:[0.0160 0.0592 0.1069 0.1897 0.3720 0.5036 ] | NDCG: [0.1300 0.1029 0.1052 0.1292 0.1861 0.2266 ]
2021-12-26 00:31:35,672 - root - INFO - Test P:[0.0800 0.1020 0.0910 0.0755 0.0560 0.0421 ] | R:0.0102 0.0824 0.1660 0.2334 0.3884 0.5423 ] | NDCG:0.0800 0.1114 0.1343 0.1553 0.2061 0.2531 ]
2021-12-26 00:31:35,672 - root - INFO - 
2021-12-26 00:40:16,229 - root - INFO - Epoch 7  Loss: 0.0943  Train-Time: 478.154s  Eval-Time: 34.522s 
2021-12-26 00:40:16,229 - root - INFO - Eval P:[0.1000 0.0960 0.0960 0.0845 0.0652 0.0533 ] | R:[0.0055 0.0440 0.1054 0.1748 0.3091 0.5000 ] | NDCG: [0.1000 0.1016 0.1161 0.1327 0.1740 0.2323 ]
2021-12-26 00:40:16,229 - root - INFO - Test P:[0.0800 0.0840 0.0760 0.0645 0.0516 0.0385 ] | R:0.0091 0.0613 0.1029 0.1903 0.3502 0.4769 ] | NDCG:0.0800 0.0925 0.1018 0.1282 0.1827 0.2231 ]
2021-12-26 00:40:16,230 - root - INFO - 
2021-12-26 00:48:55,342 - root - INFO - Epoch 8  Loss: 0.0894  Train-Time: 477.298s  Eval-Time: 33.719s 
2021-12-26 00:48:55,343 - root - INFO - Eval P:[0.1100 0.0900 0.0860 0.0700 0.0526 0.0412 ] | R:[0.0104 0.0432 0.1068 0.1617 0.3046 0.4553 ] | NDCG: [0.1100 0.0967 0.1102 0.1246 0.1685 0.2151 ]
2021-12-26 00:48:55,343 - root - INFO - Test P:[0.0500 0.0780 0.0580 0.0585 0.0476 0.0358 ] | R:0.0095 0.0735 0.1071 0.1986 0.3932 0.5027 ] | NDCG:0.0500 0.0862 0.0934 0.1280 0.1872 0.2209 ]
2021-12-26 00:48:55,343 - root - INFO - 
2021-12-26 00:57:33,689 - root - INFO - Epoch 9  Loss: 0.0854  Train-Time: 475.457s  Eval-Time: 34.769s 
2021-12-26 00:57:33,689 - root - INFO - Eval P:[0.1000 0.0760 0.0710 0.0680 0.0516 0.0408 ] | R:[0.0120 0.0567 0.1066 0.1706 0.3219 0.4491 ] | NDCG: [0.1000 0.0905 0.1033 0.1237 0.1690 0.2093 ]
2021-12-26 00:57:33,689 - root - INFO - Test P:[0.0800 0.0760 0.0750 0.0650 0.0480 0.0359 ] | R:0.0095 0.0688 0.1140 0.1858 0.3195 0.4673 ] | NDCG:0.0800 0.0893 0.1033 0.1247 0.1676 0.2097 ]
2021-12-26 00:57:33,690 - root - INFO - 
2021-12-26 01:06:10,908 - root - INFO - Epoch 10  Loss: 0.0821  Train-Time: 477.672s  Eval-Time: 31.427s 
2021-12-26 01:06:10,909 - root - INFO - Eval P:[0.0900 0.0800 0.0810 0.0705 0.0516 0.0372 ] | R:[0.0181 0.0580 0.1091 0.1971 0.3597 0.4763 ] | NDCG: [0.0900 0.0911 0.1070 0.1374 0.1902 0.2282 ]
2021-12-26 01:06:10,909 - root - INFO - Test P:[0.1400 0.0880 0.0670 0.0615 0.0488 0.0383 ] | R:0.0324 0.0792 0.1057 0.1742 0.3123 0.4977 ] | NDCG:0.1400 0.1197 0.1186 0.1410 0.1905 0.2446 ]
2021-12-26 01:06:10,909 - root - INFO - 
2021-12-26 01:14:48,695 - root - INFO - Epoch 11  Loss: 0.0793  Train-Time: 475.257s  Eval-Time: 34.683s 
2021-12-26 01:14:48,695 - root - INFO - Eval P:[0.1000 0.0940 0.0850 0.0795 0.0564 0.0422 ] | R:[0.0171 0.0752 0.1115 0.1973 0.3427 0.4569 ] | NDCG: [0.1000 0.1153 0.1204 0.1457 0.1861 0.2207 ]
2021-12-26 01:14:48,696 - root - INFO - Test P:[0.0600 0.0740 0.0830 0.0705 0.0546 0.0418 ] | R:0.0031 0.0348 0.0921 0.1642 0.3416 0.4851 ] | NDCG:0.0600 0.0765 0.0959 0.1136 0.1667 0.2109 ]
2021-12-26 01:14:48,696 - root - INFO - 
2021-12-26 01:23:27,529 - root - INFO - Epoch 12  Loss: 0.0770  Train-Time: 479.515s  Eval-Time: 31.360s 
2021-12-26 01:23:27,530 - root - INFO - Eval P:[0.1200 0.0980 0.0820 0.0715 0.0528 0.0425 ] | R:[0.0218 0.0645 0.0903 0.1654 0.3199 0.4744 ] | NDCG: [0.1200 0.1137 0.1134 0.1341 0.1831 0.2334 ]
2021-12-26 01:23:27,530 - root - INFO - Test P:[0.0500 0.0720 0.0620 0.0585 0.0476 0.0389 ] | R:0.0061 0.0338 0.0522 0.1243 0.2862 0.4517 ] | NDCG:0.0500 0.0701 0.0709 0.0904 0.1368 0.1860 ]
2021-12-26 01:23:27,530 - root - INFO - 
2021-12-26 01:32:03,693 - root - INFO - Epoch 13  Loss: 0.0750  Train-Time: 475.586s  Eval-Time: 32.604s 
2021-12-26 01:32:03,694 - root - INFO - Eval P:[0.0600 0.0780 0.0750 0.0715 0.0532 0.0399 ] | R:[0.0219 0.0666 0.1413 0.2249 0.3559 0.4715 ] | NDCG: [0.0600 0.0899 0.1157 0.1487 0.1941 0.2294 ]
2021-12-26 01:32:03,694 - root - INFO - Test P:[0.0800 0.0780 0.0700 0.0695 0.0524 0.0418 ] | R:0.0148 0.0550 0.0856 0.1603 0.2911 0.4932 ] | NDCG:0.0800 0.0861 0.0936 0.1221 0.1670 0.2245 ]
2021-12-26 01:32:03,694 - root - INFO - 
2021-12-26 01:40:39,235 - root - INFO - Epoch 14  Loss: 0.0733  Train-Time: 475.461s  Eval-Time: 32.205s 
2021-12-26 01:40:39,236 - root - INFO - Eval P:[0.1100 0.0840 0.0690 0.0675 0.0470 0.0341 ] | R:[0.0186 0.0645 0.1058 0.2018 0.3681 0.4904 ] | NDCG: [0.1100 0.1019 0.1088 0.1393 0.1855 0.2221 ]
2021-12-26 01:40:39,236 - root - INFO - Test P:[0.0900 0.1080 0.0930 0.0750 0.0588 0.0413 ] | R:0.0240 0.0938 0.1409 0.2094 0.3701 0.4738 ] | NDCG:0.0900 0.1282 0.1392 0.1581 0.2086 0.2422 ]
2021-12-26 01:40:39,236 - root - INFO - 
2021-12-26 01:49:19,217 - root - INFO - Epoch 15  Loss: 0.0719  Train-Time: 477.698s  Eval-Time: 34.441s 
2021-12-26 01:49:19,217 - root - INFO - Eval P:[0.0900 0.0800 0.0730 0.0590 0.0476 0.0386 ] | R:[0.0115 0.0471 0.0855 0.1683 0.2814 0.4376 ] | NDCG: [0.0900 0.0850 0.0954 0.1155 0.1549 0.2019 ]
2021-12-26 01:49:19,217 - root - INFO - Test P:[0.1000 0.0880 0.0810 0.0720 0.0578 0.0428 ] | R:0.0152 0.0693 0.0973 0.1860 0.3312 0.4618 ] | NDCG:0.1000 0.1041 0.1079 0.1304 0.1780 0.2198 ]
2021-12-26 01:49:19,218 - root - INFO - 
2021-12-26 01:57:58,180 - root - INFO - Epoch 16  Loss: 0.0706  Train-Time: 476.311s  Eval-Time: 34.701s 
2021-12-26 01:57:58,181 - root - INFO - Eval P:[0.0900 0.0980 0.0840 0.0705 0.0522 0.0400 ] | R:[0.0171 0.0629 0.1042 0.1666 0.3056 0.4397 ] | NDCG: [0.0900 0.1100 0.1157 0.1313 0.1736 0.2155 ]
2021-12-26 01:57:58,181 - root - INFO - Test P:[0.0900 0.0800 0.0710 0.0620 0.0476 0.0373 ] | R:0.0120 0.0693 0.1036 0.1765 0.3196 0.4732 ] | NDCG:0.0900 0.0940 0.1008 0.1238 0.1694 0.2154 ]
2021-12-26 01:57:58,181 - root - INFO - 
2021-12-26 02:06:38,801 - root - INFO - Epoch 17  Loss: 0.0695  Train-Time: 478.115s  Eval-Time: 34.496s 
2021-12-26 02:06:38,802 - root - INFO - Eval P:[0.0600 0.0780 0.0580 0.0550 0.0440 0.0334 ] | R:[0.0053 0.0441 0.0609 0.1269 0.2674 0.3846 ] | NDCG: [0.0600 0.0798 0.0746 0.0950 0.1416 0.1804 ]
2021-12-26 02:06:38,802 - root - INFO - Test P:[0.1100 0.0900 0.0740 0.0635 0.0472 0.0348 ] | R:0.0229 0.0792 0.1351 0.2307 0.3630 0.5003 ] | NDCG:0.1100 0.1117 0.1203 0.1458 0.1910 0.2334 ]
2021-12-26 02:06:38,802 - root - INFO - 
2021-12-26 02:15:15,277 - root - INFO - Epoch 18  Loss: 0.0685  Train-Time: 476.477s  Eval-Time: 31.972s 
2021-12-26 02:15:15,277 - root - INFO - Eval P:[0.0900 0.0660 0.0570 0.0545 0.0504 0.0387 ] | R:[0.0147 0.0648 0.0994 0.1480 0.2687 0.3969 ] | NDCG: [0.0900 0.0819 0.0912 0.1101 0.1561 0.1955 ]
2021-12-26 02:15:15,277 - root - INFO - Test P:[0.0700 0.0700 0.0710 0.0660 0.0532 0.0403 ] | R:0.0090 0.0606 0.1099 0.1922 0.3463 0.4878 ] | NDCG:0.0700 0.0746 0.0953 0.1230 0.1786 0.2235 ]
2021-12-26 02:15:15,277 - root - INFO - 
2021-12-26 02:23:52,931 - root - INFO - Epoch 19  Loss: 0.0676  Train-Time: 476.587s  Eval-Time: 32.979s 
2021-12-26 02:23:52,931 - root - INFO - Eval P:[0.0500 0.0560 0.0640 0.0640 0.0494 0.0360 ] | R:[0.0066 0.0472 0.1014 0.1862 0.3535 0.4728 ] | NDCG: [0.0500 0.0625 0.0834 0.1159 0.1685 0.2069 ]
2021-12-26 02:23:52,931 - root - INFO - Test P:[0.1000 0.0760 0.0700 0.0645 0.0542 0.0407 ] | R:0.0131 0.0384 0.0786 0.1431 0.2986 0.4381 ] | NDCG:0.1000 0.0835 0.0913 0.1104 0.1595 0.2029 ]
2021-12-26 02:23:52,932 - root - INFO - 
2021-12-26 02:32:27,254 - root - INFO - Epoch 20  Loss: 0.0668  Train-Time: 474.430s  Eval-Time: 31.777s 
2021-12-26 02:32:27,255 - root - INFO - Eval P:[0.0600 0.0680 0.0670 0.0640 0.0488 0.0382 ] | R:[0.0088 0.0542 0.1149 0.1980 0.3151 0.4774 ] | NDCG: [0.0600 0.0723 0.0941 0.1239 0.1634 0.2083 ]
2021-12-26 02:32:27,255 - root - INFO - Test P:[0.1200 0.0860 0.0680 0.0590 0.0458 0.0369 ] | R:0.0355 0.0965 0.1208 0.1952 0.3207 0.4834 ] | NDCG:0.1200 0.1150 0.1167 0.1382 0.1822 0.2320 ]
2021-12-26 02:32:27,255 - root - INFO - 
2021-12-26 02:32:27,255 - root - INFO - Total: 7982206 
2021-12-26 02:32:29,655 - root - INFO - 
2021-12-26 02:32:29,656 - root - INFO - Top@k Evaluation
2021-12-26 02:32:29,659 - root - INFO - Top@1:  Best epoch: 3   corresponding Test R: 0.0257    corresponding Test NDCG: 0.1500
2021-12-26 02:32:29,659 - root - INFO - Top@5:  Best epoch: 1   corresponding Test R: 0.0668    corresponding Test NDCG: 0.1056
2021-12-26 02:32:29,659 - root - INFO - Top@10:  Best epoch: 4   corresponding Test R: 0.0994    corresponding Test NDCG: 0.1100
2021-12-26 02:32:29,659 - root - INFO - Top@20:  Best epoch: 1   corresponding Test R: 0.2046    corresponding Test NDCG: 0.1517
2021-12-26 02:32:29,659 - root - INFO - Top@50:  Best epoch: 1   corresponding Test R: 0.3544    corresponding Test NDCG: 0.2005
2021-12-26 02:32:29,659 - root - INFO - Top@100:  Best epoch: 1   corresponding Test R: 0.4788    corresponding Test NDCG: 0.2369
2021-12-26 02:32:29,659 - root - INFO - --------------------------------
2021-12-26 02:32:29,659 - root - INFO - 
2021-12-26 02:32:29,659 - root - INFO - train_3.txt
2021-12-26 02:34:59,287 - root - INFO - n_users:           138159
2021-12-26 02:34:59,288 - root - INFO - n_items:           16954
2021-12-26 02:34:59,288 - root - INFO - n_entities:         102569
2021-12-26 02:34:59,288 - root - INFO - n_users_entities:   240728
2021-12-26 02:34:59,288 - root - INFO - n_relations:        32
2021-12-26 02:43:41,413 - root - INFO - Epoch 1  Loss: 0.2095  Train-Time: 475.362s  Eval-Time: 30.978s 
2021-12-26 02:43:41,414 - root - INFO - Eval P:[0.0600 0.1020 0.1030 0.0900 0.0634 0.0434 ] | R:[0.0049 0.0751 0.1515 0.2300 0.3570 0.4850 ] | NDCG: [0.0600 0.1051 0.1313 0.1561 0.1996 0.2389 ]
2021-12-26 02:43:41,414 - root - INFO - Test P:[0.1500 0.1060 0.0950 0.0850 0.0576 0.0397 ] | R:0.0170 0.0509 0.1090 0.2209 0.3516 0.4797 ] | NDCG:0.1500 0.1169 0.1248 0.1567 0.1980 0.2368 ]
2021-12-26 02:43:41,414 - root - INFO - 
2021-12-26 02:52:17,173 - root - INFO - Epoch 2  Loss: 0.1552  Train-Time: 476.991s  Eval-Time: 30.689s 
2021-12-26 02:52:17,174 - root - INFO - Eval P:[0.1300 0.1340 0.1180 0.1055 0.0758 0.0529 ] | R:[0.0133 0.0652 0.1162 0.2169 0.4171 0.5440 ] | NDCG: [0.1300 0.1377 0.1432 0.1737 0.2344 0.2734 ]
2021-12-26 02:52:17,174 - root - INFO - Test P:[0.1600 0.1180 0.1040 0.0845 0.0614 0.0453 ] | R:0.0331 0.0880 0.1606 0.2569 0.4104 0.5423 ] | NDCG:0.1600 0.1486 0.1645 0.1863 0.2341 0.2771 ]
2021-12-26 02:52:17,174 - root - INFO - 
2021-12-26 03:00:53,674 - root - INFO - Epoch 3  Loss: 0.1351  Train-Time: 476.736s  Eval-Time: 31.688s 
2021-12-26 03:00:53,675 - root - INFO - Eval P:[0.1300 0.1180 0.0980 0.0880 0.0690 0.0505 ] | R:[0.0131 0.0816 0.1199 0.1967 0.3975 0.5477 ] | NDCG: [0.1300 0.1319 0.1345 0.1571 0.2231 0.2699 ]
2021-12-26 03:00:53,675 - root - INFO - Test P:[0.1400 0.1420 0.1250 0.0980 0.0736 0.0562 ] | R:0.0153 0.0887 0.1426 0.2144 0.3761 0.5047 ] | NDCG:0.1400 0.1517 0.1591 0.1723 0.2250 0.2715 ]
2021-12-26 03:00:53,675 - root - INFO - 
2021-12-26 03:09:30,964 - root - INFO - Epoch 4  Loss: 0.1190  Train-Time: 477.965s  Eval-Time: 31.110s 
2021-12-26 03:09:30,965 - root - INFO - Eval P:[0.1700 0.1200 0.1030 0.0820 0.0600 0.0431 ] | R:[0.0331 0.0904 0.1478 0.2215 0.3890 0.5203 ] | NDCG: [0.1700 0.1529 0.1623 0.1788 0.2289 0.2684 ]
2021-12-26 03:09:30,965 - root - INFO - Test P:[0.1300 0.0920 0.0830 0.0775 0.0570 0.0413 ] | R:0.0280 0.0851 0.1374 0.2205 0.4208 0.5553 ] | NDCG:0.1300 0.1185 0.1290 0.1598 0.2242 0.2675 ]
2021-12-26 03:09:30,965 - root - INFO - 
2021-12-26 03:18:07,798 - root - INFO - Epoch 5  Loss: 0.1080  Train-Time: 476.668s  Eval-Time: 32.180s 
2021-12-26 03:18:07,799 - root - INFO - Eval P:[0.1400 0.1060 0.0960 0.0755 0.0586 0.0406 ] | R:[0.0183 0.0840 0.1398 0.2129 0.4120 0.5305 ] | NDCG: [0.1400 0.1294 0.1416 0.1586 0.2198 0.2541 ]
2021-12-26 03:18:07,799 - root - INFO - Test P:[0.0700 0.0900 0.0930 0.0880 0.0634 0.0457 ] | R:0.0043 0.0574 0.1315 0.2247 0.3775 0.4922 ] | NDCG:0.0700 0.0998 0.1201 0.1489 0.1968 0.2326 ]
2021-12-26 03:18:07,799 - root - INFO - 
2021-12-26 03:26:48,295 - root - INFO - Epoch 6  Loss: 0.1002  Train-Time: 477.181s  Eval-Time: 35.169s 
2021-12-26 03:26:48,296 - root - INFO - Eval P:[0.1600 0.1340 0.1070 0.0875 0.0618 0.0458 ] | R:[0.0201 0.0848 0.1351 0.2271 0.3598 0.5082 ] | NDCG: [0.1600 0.1589 0.1586 0.1762 0.2149 0.2595 ]
2021-12-26 03:26:48,296 - root - INFO - Test P:[0.1000 0.0900 0.0910 0.0795 0.0568 0.0427 ] | R:0.0124 0.0825 0.1452 0.2304 0.3689 0.5332 ] | NDCG:0.1000 0.1083 0.1298 0.1566 0.1989 0.2464 ]
2021-12-26 03:26:48,296 - root - INFO - 
2021-12-26 03:35:31,440 - root - INFO - Epoch 7  Loss: 0.0941  Train-Time: 480.175s  Eval-Time: 34.803s 
2021-12-26 03:35:31,441 - root - INFO - Eval P:[0.1100 0.0840 0.0780 0.0720 0.0546 0.0413 ] | R:[0.0174 0.0599 0.1046 0.1785 0.3263 0.4650 ] | NDCG: [0.1100 0.0989 0.1099 0.1338 0.1802 0.2250 ]
2021-12-26 03:35:31,441 - root - INFO - Test P:[0.0700 0.1100 0.1040 0.0865 0.0646 0.0470 ] | R:0.0072 0.0571 0.1025 0.1876 0.3527 0.5261 ] | NDCG:0.0700 0.1061 0.1183 0.1394 0.1928 0.2430 ]
2021-12-26 03:35:31,441 - root - INFO - 
2021-12-26 03:44:09,911 - root - INFO - Epoch 8  Loss: 0.0892  Train-Time: 477.044s  Eval-Time: 33.078s 
2021-12-26 03:44:09,911 - root - INFO - Eval P:[0.1500 0.1220 0.1010 0.0780 0.0562 0.0412 ] | R:[0.0205 0.0974 0.1649 0.2372 0.3760 0.4939 ] | NDCG: [0.1500 0.1399 0.1529 0.1722 0.2162 0.2551 ]
2021-12-26 03:44:09,911 - root - INFO - Test P:[0.0900 0.0920 0.0730 0.0675 0.0512 0.0363 ] | R:0.0102 0.0605 0.1109 0.2026 0.3471 0.4624 ] | NDCG:0.0900 0.1011 0.1050 0.1324 0.1792 0.2136 ]
2021-12-26 03:44:09,911 - root - INFO - 
2021-12-26 03:52:52,805 - root - INFO - Epoch 9  Loss: 0.0851  Train-Time: 481.245s  Eval-Time: 33.605s 
2021-12-26 03:52:52,806 - root - INFO - Eval P:[0.1400 0.0980 0.0830 0.0690 0.0504 0.0392 ] | R:[0.0212 0.0989 0.1417 0.2168 0.3593 0.4740 ] | NDCG: [0.1400 0.1245 0.1351 0.1573 0.2040 0.2436 ]
2021-12-26 03:52:52,806 - root - INFO - Test P:[0.1600 0.0880 0.0740 0.0695 0.0544 0.0412 ] | R:0.0202 0.0493 0.0982 0.2156 0.3805 0.5373 ] | NDCG:0.1600 0.1090 0.1127 0.1464 0.1965 0.2418 ]
2021-12-26 03:52:52,806 - root - INFO - 
2021-12-26 04:01:31,124 - root - INFO - Epoch 10  Loss: 0.0817  Train-Time: 477.598s  Eval-Time: 32.630s 
2021-12-26 04:01:31,124 - root - INFO - Eval P:[0.1200 0.1140 0.0950 0.0770 0.0504 0.0371 ] | R:[0.0234 0.0856 0.1372 0.2307 0.3869 0.5379 ] | NDCG: [0.1200 0.1294 0.1378 0.1675 0.2152 0.2593 ]
2021-12-26 04:01:31,124 - root - INFO - Test P:[0.1000 0.1080 0.0940 0.0735 0.0486 0.0371 ] | R:0.0246 0.0995 0.1488 0.1994 0.3250 0.4721 ] | NDCG:0.1000 0.1286 0.1426 0.1561 0.1945 0.2377 ]
2021-12-26 04:01:31,124 - root - INFO - 
2021-12-26 04:10:12,057 - root - INFO - Epoch 11  Loss: 0.0788  Train-Time: 477.469s  Eval-Time: 35.234s 
2021-12-26 04:10:12,058 - root - INFO - Eval P:[0.1100 0.0960 0.0960 0.0750 0.0542 0.0384 ] | R:[0.0190 0.0710 0.1564 0.2220 0.3665 0.4769 ] | NDCG: [0.1100 0.1107 0.1361 0.1513 0.1971 0.2323 ]
2021-12-26 04:10:12,058 - root - INFO - Test P:[0.1300 0.1120 0.0910 0.0845 0.0592 0.0415 ] | R:0.0201 0.0778 0.1388 0.2151 0.3535 0.4607 ] | NDCG:0.1300 0.1238 0.1349 0.1627 0.2044 0.2376 ]
2021-12-26 04:10:12,058 - root - INFO - 
2021-12-26 04:18:50,169 - root - INFO - Epoch 12  Loss: 0.0765  Train-Time: 476.603s  Eval-Time: 33.446s 
2021-12-26 04:18:50,170 - root - INFO - Eval P:[0.1200 0.0820 0.0820 0.0785 0.0594 0.0448 ] | R:[0.0137 0.0531 0.1094 0.2078 0.3485 0.4997 ] | NDCG: [0.1200 0.0967 0.1118 0.1439 0.1895 0.2325 ]
2021-12-26 04:18:50,170 - root - INFO - Test P:[0.1500 0.0980 0.0820 0.0690 0.0580 0.0446 ] | R:0.0167 0.0613 0.1250 0.1953 0.3616 0.5102 ] | NDCG:0.1500 0.1136 0.1231 0.1420 0.1975 0.2434 ]
2021-12-26 04:18:50,170 - root - INFO - 
2021-12-26 04:27:31,234 - root - INFO - Epoch 13  Loss: 0.0745  Train-Time: 477.929s  Eval-Time: 34.896s 
2021-12-26 04:27:31,235 - root - INFO - Eval P:[0.0900 0.0960 0.0860 0.0745 0.0592 0.0450 ] | R:[0.0086 0.0464 0.1078 0.1818 0.3284 0.4688 ] | NDCG: [0.0900 0.0976 0.1077 0.1289 0.1767 0.2223 ]
2021-12-26 04:27:31,235 - root - INFO - Test P:[0.0900 0.1040 0.0880 0.0735 0.0570 0.0414 ] | R:0.0080 0.0730 0.1274 0.2115 0.3715 0.5043 ] | NDCG:0.0900 0.1109 0.1214 0.1432 0.1960 0.2360 ]
2021-12-26 04:27:31,235 - root - INFO - 
2021-12-26 04:36:11,452 - root - INFO - Epoch 14  Loss: 0.0728  Train-Time: 477.928s  Eval-Time: 34.072s 
2021-12-26 04:36:11,453 - root - INFO - Eval P:[0.1000 0.0860 0.0760 0.0750 0.0588 0.0443 ] | R:[0.0072 0.0573 0.0856 0.1614 0.2824 0.4055 ] | NDCG: [0.1000 0.1005 0.1024 0.1233 0.1649 0.2062 ]
2021-12-26 04:36:11,453 - root - INFO - Test P:[0.1000 0.0700 0.0760 0.0625 0.0502 0.0403 ] | R:0.0246 0.0734 0.1431 0.2025 0.3593 0.5214 ] | NDCG:0.1000 0.0962 0.1241 0.1449 0.1947 0.2421 ]
2021-12-26 04:36:11,453 - root - INFO - 
2021-12-26 04:44:50,920 - root - INFO - Epoch 15  Loss: 0.0713  Train-Time: 477.092s  Eval-Time: 34.250s 
2021-12-26 04:44:50,921 - root - INFO - Eval P:[0.1000 0.1080 0.0890 0.0800 0.0576 0.0417 ] | R:[0.0088 0.0862 0.1310 0.2195 0.3641 0.5054 ] | NDCG: [0.1000 0.1210 0.1254 0.1578 0.2062 0.2468 ]
2021-12-26 04:44:50,921 - root - INFO - Test P:[0.1300 0.1020 0.0790 0.0680 0.0534 0.0395 ] | R:0.0151 0.0655 0.1057 0.1946 0.3636 0.5119 ] | NDCG:0.1300 0.1146 0.1160 0.1422 0.1973 0.2421 ]
2021-12-26 04:44:50,921 - root - INFO - 
2021-12-26 04:53:31,196 - root - INFO - Epoch 16  Loss: 0.0702  Train-Time: 478.771s  Eval-Time: 33.485s 
2021-12-26 04:53:31,197 - root - INFO - Eval P:[0.1400 0.1240 0.0990 0.0795 0.0590 0.0458 ] | R:[0.0147 0.0685 0.1173 0.1776 0.3190 0.4434 ] | NDCG: [0.1400 0.1339 0.1372 0.1491 0.1914 0.2319 ]
2021-12-26 04:53:31,197 - root - INFO - Test P:[0.1100 0.0920 0.0780 0.0700 0.0508 0.0367 ] | R:0.0176 0.0727 0.1225 0.2116 0.3508 0.5008 ] | NDCG:0.1100 0.1123 0.1206 0.1479 0.1915 0.2316 ]
2021-12-26 04:53:31,197 - root - INFO - 
2021-12-26 05:02:09,114 - root - INFO - Epoch 17  Loss: 0.0691  Train-Time: 475.999s  Eval-Time: 33.843s 
2021-12-26 05:02:09,115 - root - INFO - Eval P:[0.1500 0.0860 0.0870 0.0790 0.0600 0.0437 ] | R:[0.0223 0.0600 0.1107 0.1808 0.3254 0.4497 ] | NDCG: [0.1500 0.1055 0.1225 0.1440 0.1923 0.2327 ]
2021-12-26 05:02:09,115 - root - INFO - Test P:[0.2000 0.1280 0.1050 0.0895 0.0658 0.0507 ] | R:0.0122 0.0554 0.0924 0.2056 0.3261 0.4877 ] | NDCG:0.2000 0.1427 0.1316 0.1566 0.1969 0.2453 ]
2021-12-26 05:02:09,115 - root - INFO - 
2021-12-26 05:10:46,548 - root - INFO - Epoch 18  Loss: 0.0681  Train-Time: 476.417s  Eval-Time: 32.758s 
2021-12-26 05:10:46,549 - root - INFO - Eval P:[0.1200 0.0940 0.0760 0.0670 0.0498 0.0415 ] | R:[0.0072 0.0570 0.1068 0.1659 0.3061 0.4632 ] | NDCG: [0.1200 0.1040 0.1057 0.1203 0.1617 0.2103 ]
2021-12-26 05:10:46,549 - root - INFO - Test P:[0.0500 0.0740 0.0810 0.0715 0.0576 0.0452 ] | R:0.0080 0.0466 0.1138 0.2071 0.3729 0.5233 ] | NDCG:0.0500 0.0756 0.1029 0.1330 0.1867 0.2320 ]
2021-12-26 05:10:46,549 - root - INFO - 
2021-12-26 05:19:22,847 - root - INFO - Epoch 19  Loss: 0.0673  Train-Time: 475.616s  Eval-Time: 32.666s 
2021-12-26 05:19:22,848 - root - INFO - Eval P:[0.1300 0.0960 0.0810 0.0695 0.0546 0.0421 ] | R:[0.0235 0.0707 0.1020 0.1578 0.2976 0.4722 ] | NDCG: [0.1300 0.1195 0.1199 0.1342 0.1807 0.2319 ]
2021-12-26 05:19:22,848 - root - INFO - Test P:[0.1300 0.1060 0.0860 0.0740 0.0576 0.0428 ] | R:0.0217 0.0694 0.1083 0.1800 0.3127 0.4219 ] | NDCG:0.1300 0.1208 0.1223 0.1422 0.1873 0.2254 ]
2021-12-26 05:19:22,848 - root - INFO - 
2021-12-26 05:28:01,686 - root - INFO - Epoch 20  Loss: 0.0666  Train-Time: 478.613s  Eval-Time: 31.984s 
2021-12-26 05:28:01,686 - root - INFO - Eval P:[0.0800 0.0820 0.0860 0.0730 0.0536 0.0408 ] | R:[0.0164 0.0704 0.1443 0.2077 0.3692 0.5245 ] | NDCG: [0.0800 0.0936 0.1198 0.1441 0.1977 0.2451 ]
2021-12-26 05:28:01,686 - root - INFO - Test P:[0.0600 0.0760 0.0700 0.0645 0.0470 0.0353 ] | R:0.0093 0.0603 0.0926 0.1847 0.3289 0.4557 ] | NDCG:0.0600 0.0816 0.0941 0.1234 0.1689 0.2083 ]
2021-12-26 05:28:01,687 - root - INFO - 
2021-12-26 05:28:01,687 - root - INFO - Total: 7982206 
2021-12-26 05:28:03,894 - root - INFO - 
2021-12-26 05:28:03,895 - root - INFO - Top@k Evaluation
2021-12-26 05:28:03,898 - root - INFO - Top@1:  Best epoch: 4   corresponding Test R: 0.0280    corresponding Test NDCG: 0.1300
2021-12-26 05:28:03,898 - root - INFO - Top@5:  Best epoch: 9   corresponding Test R: 0.0493    corresponding Test NDCG: 0.1090
2021-12-26 05:28:03,898 - root - INFO - Top@10:  Best epoch: 8   corresponding Test R: 0.1109    corresponding Test NDCG: 0.1050
2021-12-26 05:28:03,898 - root - INFO - Top@20:  Best epoch: 8   corresponding Test R: 0.2026    corresponding Test NDCG: 0.1324
2021-12-26 05:28:03,898 - root - INFO - Top@50:  Best epoch: 2   corresponding Test R: 0.4104    corresponding Test NDCG: 0.2341
2021-12-26 05:28:03,899 - root - INFO - Top@100:  Best epoch: 3   corresponding Test R: 0.5047    corresponding Test NDCG: 0.2715
2021-12-26 05:28:03,899 - root - INFO - --------------------------------
2021-12-26 05:28:03,899 - root - INFO - 
2021-12-26 05:28:03,899 - root - INFO - train_4.txt
2021-12-26 05:30:32,868 - root - INFO - n_users:           138159
2021-12-26 05:30:32,869 - root - INFO - n_items:           16954
2021-12-26 05:30:32,869 - root - INFO - n_entities:         102569
2021-12-26 05:30:32,869 - root - INFO - n_users_entities:   240728
2021-12-26 05:30:32,869 - root - INFO - n_relations:        32
2021-12-26 05:39:15,715 - root - INFO - Epoch 1  Loss: 0.2118  Train-Time: 477.560s  Eval-Time: 29.624s 
2021-12-26 05:39:15,716 - root - INFO - Eval P:[0.1100 0.1080 0.0910 0.0785 0.0590 0.0424 ] | R:[0.0272 0.0816 0.1213 0.2155 0.3868 0.5106 ] | NDCG: [0.1100 0.1262 0.1334 0.1632 0.2170 0.2549 ]
2021-12-26 05:39:15,716 - root - INFO - Test P:[0.1500 0.1200 0.0900 0.0805 0.0576 0.0400 ] | R:0.0195 0.0766 0.1208 0.2245 0.3923 0.5124 ] | NDCG:0.1500 0.1283 0.1314 0.1666 0.2200 0.2577 ]
2021-12-26 05:39:15,716 - root - INFO - 
2021-12-26 05:47:52,571 - root - INFO - Epoch 2  Loss: 0.1557  Train-Time: 476.443s  Eval-Time: 32.391s 
2021-12-26 05:47:52,572 - root - INFO - Eval P:[0.1000 0.1100 0.1100 0.0890 0.0650 0.0472 ] | R:[0.0067 0.0490 0.1215 0.2127 0.3849 0.5042 ] | NDCG: [0.1000 0.1153 0.1333 0.1497 0.1982 0.2386 ]
2021-12-26 05:47:52,572 - root - INFO - Test P:[0.0800 0.1120 0.1140 0.0900 0.0628 0.0481 ] | R:0.0116 0.0885 0.1496 0.2066 0.3317 0.4819 ] | NDCG:0.0800 0.1199 0.1437 0.1565 0.1958 0.2453 ]
2021-12-26 05:47:52,572 - root - INFO - 
2021-12-26 05:56:29,560 - root - INFO - Epoch 3  Loss: 0.1355  Train-Time: 477.612s  Eval-Time: 31.388s 
2021-12-26 05:56:29,561 - root - INFO - Eval P:[0.0900 0.1060 0.0940 0.0760 0.0530 0.0384 ] | R:[0.0073 0.1034 0.1612 0.2558 0.4047 0.5406 ] | NDCG: [0.0900 0.1210 0.1356 0.1657 0.2144 0.2556 ]
2021-12-26 05:56:29,561 - root - INFO - Test P:[0.2100 0.1700 0.1260 0.1010 0.0702 0.0480 ] | R:0.0337 0.1474 0.2086 0.3105 0.4877 0.6138 ] | NDCG:0.2100 0.2003 0.2051 0.2354 0.2945 0.3352 ]
2021-12-26 05:56:29,561 - root - INFO - 
2021-12-26 06:05:09,058 - root - INFO - Epoch 4  Loss: 0.1206  Train-Time: 477.767s  Eval-Time: 33.585s 
2021-12-26 06:05:09,059 - root - INFO - Eval P:[0.1600 0.1020 0.1010 0.0830 0.0568 0.0420 ] | R:[0.0270 0.0842 0.1571 0.2444 0.4236 0.5938 ] | NDCG: [0.1600 0.1256 0.1516 0.1797 0.2319 0.2814 ]
2021-12-26 06:05:09,059 - root - INFO - Test P:[0.1100 0.1080 0.0910 0.0685 0.0548 0.0394 ] | R:0.0186 0.0855 0.1302 0.1853 0.3653 0.4782 ] | NDCG:0.1100 0.1242 0.1347 0.1499 0.2099 0.2469 ]
2021-12-26 06:05:09,059 - root - INFO - 
2021-12-26 06:13:49,378 - root - INFO - Epoch 5  Loss: 0.1087  Train-Time: 478.209s  Eval-Time: 33.873s 
2021-12-26 06:13:49,379 - root - INFO - Eval P:[0.1200 0.1140 0.1000 0.0780 0.0588 0.0422 ] | R:[0.0143 0.0787 0.1388 0.2030 0.3525 0.4405 ] | NDCG: [0.1200 0.1297 0.1414 0.1558 0.2014 0.2309 ]
2021-12-26 06:13:49,379 - root - INFO - Test P:[0.1600 0.1100 0.1040 0.0830 0.0588 0.0412 ] | R:0.0178 0.0649 0.1569 0.2366 0.3803 0.5291 ] | NDCG:0.1600 0.1250 0.1445 0.1644 0.2165 0.2610 ]
2021-12-26 06:13:49,379 - root - INFO - 
2021-12-26 06:22:32,416 - root - INFO - Epoch 6  Loss: 0.1000  Train-Time: 482.294s  Eval-Time: 32.650s 
2021-12-26 06:22:32,416 - root - INFO - Eval P:[0.1000 0.0880 0.0790 0.0730 0.0502 0.0346 ] | R:[0.0254 0.0791 0.1579 0.2464 0.3897 0.5007 ] | NDCG: [0.1000 0.1062 0.1316 0.1668 0.2129 0.2467 ]
2021-12-26 06:22:32,416 - root - INFO - Test P:[0.1500 0.1160 0.1030 0.0815 0.0578 0.0447 ] | R:0.0195 0.0862 0.1399 0.2000 0.3268 0.4855 ] | NDCG:0.1500 0.1424 0.1531 0.1678 0.2053 0.2496 ]
2021-12-26 06:22:32,417 - root - INFO - 
2021-12-26 06:31:10,099 - root - INFO - Epoch 7  Loss: 0.0935  Train-Time: 476.507s  Eval-Time: 33.141s 
2021-12-26 06:31:10,099 - root - INFO - Eval P:[0.1300 0.0860 0.0910 0.0730 0.0522 0.0408 ] | R:[0.0194 0.0567 0.1280 0.1944 0.3348 0.4969 ] | NDCG: [0.1300 0.1027 0.1272 0.1419 0.1836 0.2310 ]
2021-12-26 06:31:10,100 - root - INFO - Test P:[0.0900 0.0840 0.0790 0.0775 0.0544 0.0423 ] | R:0.0155 0.0821 0.1224 0.2015 0.3292 0.4875 ] | NDCG:0.0900 0.1076 0.1217 0.1492 0.1871 0.2356 ]
2021-12-26 06:31:10,100 - root - INFO - 
2021-12-26 06:39:45,478 - root - INFO - Epoch 8  Loss: 0.0885  Train-Time: 475.605s  Eval-Time: 31.615s 
2021-12-26 06:39:45,479 - root - INFO - Eval P:[0.1300 0.0960 0.0990 0.0780 0.0586 0.0400 ] | R:[0.0212 0.0741 0.1377 0.2339 0.3962 0.4894 ] | NDCG: [0.1300 0.1137 0.1350 0.1609 0.2139 0.2420 ]
2021-12-26 06:39:45,479 - root - INFO - Test P:[0.1500 0.1200 0.0980 0.0810 0.0554 0.0419 ] | R:0.0164 0.0773 0.1193 0.2002 0.3308 0.5023 ] | NDCG:0.1500 0.1330 0.1351 0.1581 0.1971 0.2466 ]
2021-12-26 06:39:45,479 - root - INFO - 
2021-12-26 06:48:25,294 - root - INFO - Epoch 9  Loss: 0.0845  Train-Time: 478.796s  Eval-Time: 32.983s 
2021-12-26 06:48:25,294 - root - INFO - Eval P:[0.0900 0.0980 0.0830 0.0735 0.0542 0.0409 ] | R:[0.0062 0.0720 0.1135 0.1774 0.2922 0.4676 ] | NDCG: [0.0900 0.1063 0.1113 0.1326 0.1739 0.2242 ]
2021-12-26 06:48:25,294 - root - INFO - Test P:[0.1500 0.1360 0.1220 0.0980 0.0688 0.0497 ] | R:0.0146 0.0929 0.1687 0.2499 0.3876 0.5202 ] | NDCG:0.1500 0.1527 0.1680 0.1906 0.2350 0.2778 ]
2021-12-26 06:48:25,295 - root - INFO - 
2021-12-26 06:57:04,541 - root - INFO - Epoch 10  Loss: 0.0813  Train-Time: 478.331s  Eval-Time: 32.807s 
2021-12-26 06:57:04,541 - root - INFO - Eval P:[0.1800 0.1200 0.0920 0.0760 0.0522 0.0398 ] | R:[0.0251 0.0791 0.1271 0.2243 0.3667 0.5098 ] | NDCG: [0.1800 0.1383 0.1408 0.1657 0.2127 0.2588 ]
2021-12-26 06:57:04,542 - root - INFO - Test P:[0.1100 0.1020 0.0910 0.0710 0.0548 0.0407 ] | R:0.0114 0.0485 0.0947 0.1633 0.3342 0.4943 ] | NDCG:0.1100 0.1084 0.1147 0.1292 0.1817 0.2257 ]
2021-12-26 06:57:04,542 - root - INFO - 
2021-12-26 07:05:44,020 - root - INFO - Epoch 11  Loss: 0.0786  Train-Time: 478.287s  Eval-Time: 33.105s 
2021-12-26 07:05:44,021 - root - INFO - Eval P:[0.1300 0.1120 0.0950 0.0765 0.0610 0.0461 ] | R:[0.0166 0.0950 0.1360 0.2145 0.3882 0.5292 ] | NDCG: [0.1300 0.1361 0.1423 0.1624 0.2183 0.2633 ]
2021-12-26 07:05:44,021 - root - INFO - Test P:[0.0900 0.0940 0.0880 0.0810 0.0566 0.0429 ] | R:0.0105 0.0761 0.1269 0.2038 0.3712 0.5467 ] | NDCG:0.0900 0.1061 0.1233 0.1494 0.1958 0.2434 ]
2021-12-26 07:05:44,021 - root - INFO - 
2021-12-26 07:14:23,344 - root - INFO - Epoch 12  Loss: 0.0764  Train-Time: 479.440s  Eval-Time: 31.717s 
2021-12-26 07:14:23,345 - root - INFO - Eval P:[0.0900 0.0920 0.0740 0.0650 0.0496 0.0360 ] | R:[0.0268 0.0882 0.1344 0.2049 0.3449 0.4632 ] | NDCG: [0.0900 0.1114 0.1212 0.1452 0.1904 0.2262 ]
2021-12-26 07:14:23,345 - root - INFO - Test P:[0.0900 0.0920 0.0920 0.0720 0.0542 0.0413 ] | R:0.0122 0.0565 0.1201 0.1800 0.3208 0.4575 ] | NDCG:0.0900 0.0994 0.1183 0.1346 0.1832 0.2273 ]
2021-12-26 07:14:23,345 - root - INFO - 
2021-12-26 07:23:04,298 - root - INFO - Epoch 13  Loss: 0.0745  Train-Time: 480.155s  Eval-Time: 32.717s 
2021-12-26 07:23:04,299 - root - INFO - Eval P:[0.1500 0.1020 0.0850 0.0715 0.0502 0.0406 ] | R:[0.0138 0.0759 0.1261 0.1878 0.3066 0.4586 ] | NDCG: [0.1500 0.1242 0.1287 0.1458 0.1822 0.2306 ]
2021-12-26 07:23:04,299 - root - INFO - Test P:[0.0700 0.0820 0.0730 0.0625 0.0520 0.0402 ] | R:0.0172 0.0610 0.0994 0.1648 0.3216 0.4510 ] | NDCG:0.0700 0.0935 0.1008 0.1196 0.1709 0.2105 ]
2021-12-26 07:23:04,299 - root - INFO - 
2021-12-26 07:31:42,404 - root - INFO - Epoch 14  Loss: 0.0728  Train-Time: 477.861s  Eval-Time: 32.223s 
2021-12-26 07:31:42,405 - root - INFO - Eval P:[0.0600 0.0820 0.0840 0.0705 0.0584 0.0462 ] | R:[0.0129 0.0602 0.1354 0.1856 0.3771 0.5222 ] | NDCG: [0.0600 0.0875 0.1151 0.1324 0.1893 0.2330 ]
2021-12-26 07:31:42,405 - root - INFO - Test P:[0.1300 0.1080 0.0880 0.0745 0.0538 0.0381 ] | R:0.0155 0.0985 0.1497 0.2234 0.3534 0.4602 ] | NDCG:0.1300 0.1291 0.1356 0.1585 0.2030 0.2380 ]
2021-12-26 07:31:42,405 - root - INFO - 
2021-12-26 07:40:22,671 - root - INFO - Epoch 15  Loss: 0.0714  Train-Time: 479.265s  Eval-Time: 33.064s 
2021-12-26 07:40:22,672 - root - INFO - Eval P:[0.1100 0.1020 0.0910 0.0760 0.0594 0.0465 ] | R:[0.0146 0.0656 0.1159 0.1860 0.3106 0.4740 ] | NDCG: [0.1100 0.1118 0.1219 0.1400 0.1838 0.2333 ]
2021-12-26 07:40:22,672 - root - INFO - Test P:[0.1800 0.1080 0.0900 0.0750 0.0590 0.0422 ] | R:0.0237 0.0704 0.1404 0.2059 0.3571 0.4809 ] | NDCG:0.1800 0.1346 0.1432 0.1630 0.2133 0.2527 ]
2021-12-26 07:40:22,672 - root - INFO - 
2021-12-26 07:49:05,126 - root - INFO - Epoch 16  Loss: 0.0702  Train-Time: 480.306s  Eval-Time: 33.828s 
2021-12-26 07:49:05,127 - root - INFO - Eval P:[0.1000 0.1100 0.0950 0.0720 0.0488 0.0358 ] | R:[0.0171 0.0974 0.1691 0.2208 0.3679 0.5205 ] | NDCG: [0.1000 0.1255 0.1434 0.1569 0.2009 0.2440 ]
2021-12-26 07:49:05,127 - root - INFO - Test P:[0.0600 0.0680 0.0600 0.0655 0.0530 0.0417 ] | R:0.0122 0.0379 0.0744 0.1535 0.3230 0.4582 ] | NDCG:0.0600 0.0720 0.0804 0.1113 0.1660 0.2116 ]
2021-12-26 07:49:05,127 - root - INFO - 
2021-12-26 07:57:44,460 - root - INFO - Epoch 17  Loss: 0.0692  Train-Time: 478.118s  Eval-Time: 33.114s 
2021-12-26 07:57:44,461 - root - INFO - Eval P:[0.0800 0.1080 0.0950 0.0805 0.0620 0.0434 ] | R:[0.0082 0.0531 0.1224 0.2133 0.3747 0.4926 ] | NDCG: [0.0800 0.1101 0.1202 0.1446 0.1959 0.2302 ]
2021-12-26 07:57:44,461 - root - INFO - Test P:[0.1500 0.0820 0.0830 0.0680 0.0510 0.0388 ] | R:0.0188 0.0549 0.1197 0.1882 0.3197 0.4414 ] | NDCG:0.1500 0.0968 0.1164 0.1356 0.1795 0.2198 ]
2021-12-26 07:57:44,461 - root - INFO - 
2021-12-26 08:06:22,241 - root - INFO - Epoch 18  Loss: 0.0682  Train-Time: 477.280s  Eval-Time: 32.436s 
2021-12-26 08:06:22,241 - root - INFO - Eval P:[0.0900 0.0780 0.0600 0.0545 0.0442 0.0329 ] | R:[0.0177 0.0566 0.0872 0.1620 0.3021 0.4448 ] | NDCG: [0.0900 0.0866 0.0893 0.1170 0.1643 0.2037 ]
2021-12-26 08:06:22,241 - root - INFO - Test P:[0.1700 0.1160 0.0860 0.0765 0.0550 0.0430 ] | R:0.0310 0.0829 0.1190 0.1987 0.3501 0.4862 ] | NDCG:0.1700 0.1449 0.1364 0.1593 0.2057 0.2508 ]
2021-12-26 08:06:22,241 - root - INFO - 
2021-12-26 08:15:03,018 - root - INFO - Epoch 19  Loss: 0.0674  Train-Time: 478.994s  Eval-Time: 33.650s 
2021-12-26 08:15:03,019 - root - INFO - Eval P:[0.1100 0.0980 0.0890 0.0680 0.0496 0.0402 ] | R:[0.0143 0.0562 0.1032 0.1450 0.2702 0.4240 ] | NDCG: [0.1100 0.1072 0.1192 0.1262 0.1605 0.2060 ]
2021-12-26 08:15:03,019 - root - INFO - Test P:[0.1100 0.1000 0.0880 0.0695 0.0490 0.0333 ] | R:0.0098 0.0694 0.1437 0.2156 0.3640 0.4803 ] | NDCG:0.1100 0.1132 0.1255 0.1423 0.1872 0.2214 ]
2021-12-26 08:15:03,019 - root - INFO - 
2021-12-26 08:23:43,462 - root - INFO - Epoch 20  Loss: 0.0667  Train-Time: 478.665s  Eval-Time: 33.680s 
2021-12-26 08:23:43,463 - root - INFO - Eval P:[0.1300 0.0920 0.0760 0.0710 0.0558 0.0411 ] | R:[0.0141 0.0731 0.1013 0.1847 0.3284 0.4656 ] | NDCG: [0.1300 0.1086 0.1128 0.1369 0.1809 0.2204 ]
2021-12-26 08:23:43,463 - root - INFO - Test P:[0.0700 0.0640 0.0610 0.0560 0.0434 0.0367 ] | R:0.0086 0.0403 0.0755 0.1362 0.3046 0.4520 ] | NDCG:0.0700 0.0718 0.0823 0.1000 0.1481 0.1950 ]
2021-12-26 08:23:43,463 - root - INFO - 
2021-12-26 08:23:43,463 - root - INFO - Total: 7982206 
2021-12-26 08:23:45,891 - root - INFO - 
2021-12-26 08:23:45,902 - root - INFO - Top@k Evaluation
2021-12-26 08:23:45,902 - root - INFO - Top@1:  Best epoch: 1   corresponding Test R: 0.0195    corresponding Test NDCG: 0.1500
2021-12-26 08:23:45,902 - root - INFO - Top@5:  Best epoch: 3   corresponding Test R: 0.1474    corresponding Test NDCG: 0.2003
2021-12-26 08:23:45,902 - root - INFO - Top@10:  Best epoch: 16   corresponding Test R: 0.0744    corresponding Test NDCG: 0.0804
2021-12-26 08:23:45,902 - root - INFO - Top@20:  Best epoch: 3   corresponding Test R: 0.3105    corresponding Test NDCG: 0.2354
2021-12-26 08:23:45,902 - root - INFO - Top@50:  Best epoch: 4   corresponding Test R: 0.3653    corresponding Test NDCG: 0.2099
2021-12-26 08:23:45,902 - root - INFO - Top@100:  Best epoch: 4   corresponding Test R: 0.4782    corresponding Test NDCG: 0.2469
2021-12-26 08:23:45,902 - root - INFO - --------------------------------
2021-12-26 08:23:45,902 - root - INFO - 
2021-12-26 08:23:45,902 - root - INFO - train_5.txt
2021-12-26 08:26:12,253 - root - INFO - n_users:           138159
2021-12-26 08:26:12,253 - root - INFO - n_items:           16954
2021-12-26 08:26:12,253 - root - INFO - n_entities:         102569
2021-12-26 08:26:12,253 - root - INFO - n_users_entities:   240728
2021-12-26 08:26:12,253 - root - INFO - n_relations:        32
2021-12-26 08:34:59,199 - root - INFO - Epoch 1  Loss: 0.2124  Train-Time: 480.748s  Eval-Time: 30.604s 
2021-12-26 08:34:59,200 - root - INFO - Eval P:[0.1200 0.1140 0.0930 0.0845 0.0590 0.0418 ] | R:[0.0102 0.0864 0.1425 0.2163 0.3365 0.4482 ] | NDCG: [0.1200 0.1277 0.1318 0.1561 0.1965 0.2321 ]
2021-12-26 08:34:59,200 - root - INFO - Test P:[0.0900 0.1240 0.1030 0.0850 0.0566 0.0397 ] | R:0.0194 0.0899 0.1594 0.2463 0.3700 0.4809 ] | NDCG:0.0900 0.1371 0.1495 0.1772 0.2185 0.2526 ]
2021-12-26 08:34:59,200 - root - INFO - 
2021-12-26 08:43:35,844 - root - INFO - Epoch 2  Loss: 0.1566  Train-Time: 477.463s  Eval-Time: 31.027s 
2021-12-26 08:43:35,844 - root - INFO - Eval P:[0.1600 0.1320 0.1170 0.0985 0.0694 0.0472 ] | R:[0.0183 0.0909 0.1485 0.2555 0.4369 0.5599 ] | NDCG: [0.1600 0.1490 0.1588 0.1926 0.2460 0.2849 ]
2021-12-26 08:43:35,844 - root - INFO - Test P:[0.0900 0.1000 0.0990 0.0795 0.0562 0.0425 ] | R:0.0151 0.0599 0.1408 0.2286 0.3564 0.5400 ] | NDCG:0.0900 0.1083 0.1294 0.1519 0.1975 0.2508 ]
2021-12-26 08:43:35,844 - root - INFO - 
2021-12-26 08:52:14,576 - root - INFO - Epoch 3  Loss: 0.1332  Train-Time: 477.246s  Eval-Time: 33.498s 
2021-12-26 08:52:14,577 - root - INFO - Eval P:[0.1500 0.1020 0.1000 0.0845 0.0660 0.0480 ] | R:[0.0223 0.0794 0.1499 0.2365 0.4145 0.5445 ] | NDCG: [0.1500 0.1290 0.1497 0.1720 0.2291 0.2712 ]
2021-12-26 08:52:14,577 - root - INFO - Test P:[0.1800 0.1320 0.1030 0.0850 0.0606 0.0458 ] | R:0.0248 0.0967 0.1344 0.2217 0.3860 0.5422 ] | NDCG:0.1800 0.1555 0.1536 0.1772 0.2279 0.2776 ]
2021-12-26 08:52:14,577 - root - INFO - 
2021-12-26 09:00:50,325 - root - INFO - Epoch 4  Loss: 0.1183  Train-Time: 476.320s  Eval-Time: 31.400s 
2021-12-26 09:00:50,326 - root - INFO - Eval P:[0.1700 0.1480 0.1280 0.1095 0.0786 0.0569 ] | R:[0.0144 0.0938 0.1557 0.2561 0.4335 0.5467 ] | NDCG: [0.1700 0.1655 0.1711 0.1939 0.2448 0.2845 ]
2021-12-26 09:00:50,326 - root - INFO - Test P:[0.1100 0.1260 0.1240 0.1010 0.0734 0.0508 ] | R:0.0161 0.0905 0.1828 0.2718 0.4649 0.5883 ] | NDCG:0.1100 0.1392 0.1688 0.1962 0.2550 0.2960 ]
2021-12-26 09:00:50,326 - root - INFO - 
2021-12-26 09:09:32,600 - root - INFO - Epoch 5  Loss: 0.1073  Train-Time: 480.582s  Eval-Time: 33.724s 
2021-12-26 09:09:32,600 - root - INFO - Eval P:[0.1900 0.1280 0.1080 0.0890 0.0646 0.0494 ] | R:[0.0160 0.0853 0.1323 0.2140 0.3764 0.5249 ] | NDCG: [0.1900 0.1491 0.1519 0.1706 0.2161 0.2587 ]
2021-12-26 09:09:32,600 - root - INFO - Test P:[0.0900 0.1100 0.1060 0.0950 0.0692 0.0486 ] | R:0.0101 0.0699 0.1242 0.2248 0.3622 0.4863 ] | NDCG:0.0900 0.1149 0.1305 0.1613 0.2082 0.2480 ]
2021-12-26 09:09:32,600 - root - INFO - 
2021-12-26 09:18:10,901 - root - INFO - Epoch 6  Loss: 0.0991  Train-Time: 477.136s  Eval-Time: 33.128s 
2021-12-26 09:18:10,902 - root - INFO - Eval P:[0.1400 0.1040 0.0950 0.0855 0.0650 0.0479 ] | R:[0.0164 0.0677 0.1282 0.2185 0.3862 0.5372 ] | NDCG: [0.1400 0.1202 0.1325 0.1587 0.2155 0.2625 ]
2021-12-26 09:18:10,902 - root - INFO - Test P:[0.1000 0.1260 0.1130 0.0975 0.0718 0.0520 ] | R:0.0103 0.0895 0.1411 0.2318 0.3993 0.5445 ] | NDCG:0.1000 0.1341 0.1458 0.1722 0.2218 0.2675 ]
2021-12-26 09:18:10,902 - root - INFO - 
2021-12-26 09:26:52,172 - root - INFO - Epoch 7  Loss: 0.0929  Train-Time: 479.243s  Eval-Time: 34.153s 
2021-12-26 09:26:52,173 - root - INFO - Eval P:[0.1000 0.0880 0.0900 0.0730 0.0574 0.0437 ] | R:[0.0216 0.0656 0.1298 0.1963 0.3549 0.5287 ] | NDCG: [0.1000 0.1039 0.1249 0.1438 0.1959 0.2480 ]
2021-12-26 09:26:52,173 - root - INFO - Test P:[0.1000 0.0920 0.0870 0.0825 0.0564 0.0398 ] | R:0.0103 0.0554 0.1250 0.2181 0.3697 0.4984 ] | NDCG:0.1000 0.0960 0.1144 0.1478 0.1969 0.2367 ]
2021-12-26 09:26:52,173 - root - INFO - 
2021-12-26 09:35:32,172 - root - INFO - Epoch 8  Loss: 0.0879  Train-Time: 479.624s  Eval-Time: 32.216s 
2021-12-26 09:35:32,173 - root - INFO - Eval P:[0.1300 0.0920 0.0970 0.0900 0.0666 0.0503 ] | R:[0.0171 0.0670 0.1358 0.2120 0.3673 0.5257 ] | NDCG: [0.1300 0.1101 0.1346 0.1604 0.2068 0.2563 ]
2021-12-26 09:35:32,173 - root - INFO - Test P:[0.0700 0.1020 0.0860 0.0800 0.0572 0.0475 ] | R:0.0047 0.0603 0.0947 0.1678 0.2887 0.4623 ] | NDCG:0.0700 0.1052 0.1079 0.1294 0.1654 0.2196 ]
2021-12-26 09:35:32,173 - root - INFO - 
2021-12-26 09:44:12,385 - root - INFO - Epoch 9  Loss: 0.0839  Train-Time: 477.207s  Eval-Time: 34.907s 
2021-12-26 09:44:12,385 - root - INFO - Eval P:[0.0500 0.0920 0.0770 0.0700 0.0556 0.0393 ] | R:[0.0086 0.0640 0.1178 0.2115 0.3890 0.5139 ] | NDCG: [0.0500 0.0911 0.1044 0.1351 0.1930 0.2324 ]
2021-12-26 09:44:12,386 - root - INFO - Test P:[0.1100 0.0900 0.0750 0.0650 0.0488 0.0332 ] | R:0.0280 0.0958 0.1547 0.2489 0.3934 0.5187 ] | NDCG:0.1100 0.1152 0.1316 0.1629 0.2121 0.2472 ]
2021-12-26 09:44:12,386 - root - INFO - 
2021-12-26 09:52:50,729 - root - INFO - Epoch 10  Loss: 0.0808  Train-Time: 477.896s  Eval-Time: 32.510s 
2021-12-26 09:52:50,729 - root - INFO - Eval P:[0.1100 0.0880 0.0710 0.0690 0.0532 0.0395 ] | R:[0.0154 0.0766 0.0994 0.1781 0.3035 0.4517 ] | NDCG: [0.1100 0.1112 0.1090 0.1339 0.1745 0.2154 ]
2021-12-26 09:52:50,729 - root - INFO - Test P:[0.1000 0.1080 0.1010 0.0845 0.0644 0.0475 ] | R:0.0198 0.0916 0.1420 0.2504 0.4138 0.5290 ] | NDCG:0.1000 0.1220 0.1407 0.1708 0.2246 0.2613 ]
2021-12-26 09:52:50,729 - root - INFO - 
2021-12-26 10:01:29,528 - root - INFO - Epoch 11  Loss: 0.0781  Train-Time: 477.531s  Eval-Time: 33.199s 
2021-12-26 10:01:29,529 - root - INFO - Eval P:[0.1400 0.0960 0.0870 0.0780 0.0556 0.0386 ] | R:[0.0303 0.0863 0.1646 0.2529 0.4080 0.5361 ] | NDCG: [0.1400 0.1249 0.1464 0.1783 0.2282 0.2654 ]
2021-12-26 10:01:29,529 - root - INFO - Test P:[0.1400 0.1140 0.0970 0.0890 0.0622 0.0467 ] | R:0.0164 0.0743 0.1201 0.2349 0.3615 0.5108 ] | NDCG:0.1400 0.1312 0.1361 0.1704 0.2087 0.2544 ]
2021-12-26 10:01:29,529 - root - INFO - 
2021-12-26 10:10:09,386 - root - INFO - Epoch 12  Loss: 0.0760  Train-Time: 478.680s  Eval-Time: 33.123s 
2021-12-26 10:10:09,387 - root - INFO - Eval P:[0.0700 0.0980 0.0950 0.0770 0.0552 0.0394 ] | R:[0.0133 0.0603 0.1127 0.1871 0.3195 0.4561 ] | NDCG: [0.0700 0.1076 0.1206 0.1397 0.1823 0.2204 ]
2021-12-26 10:10:09,387 - root - INFO - Test P:[0.0800 0.0800 0.0700 0.0690 0.0498 0.0371 ] | R:0.0159 0.0568 0.0912 0.2077 0.3470 0.4893 ] | NDCG:0.0800 0.0915 0.1013 0.1390 0.1809 0.2219 ]
2021-12-26 10:10:09,387 - root - INFO - 
2021-12-26 10:18:46,603 - root - INFO - Epoch 13  Loss: 0.0741  Train-Time: 475.650s  Eval-Time: 33.584s 
2021-12-26 10:18:46,604 - root - INFO - Eval P:[0.0700 0.0900 0.0760 0.0605 0.0478 0.0379 ] | R:[0.0064 0.0722 0.1222 0.2041 0.3552 0.5308 ] | NDCG: [0.0700 0.0974 0.1063 0.1302 0.1815 0.2316 ]
2021-12-26 10:18:46,604 - root - INFO - Test P:[0.0800 0.0760 0.0920 0.0790 0.0578 0.0407 ] | R:0.0161 0.0616 0.1360 0.2177 0.3556 0.4634 ] | NDCG:0.0800 0.0892 0.1204 0.1486 0.1970 0.2315 ]
2021-12-26 10:18:46,604 - root - INFO - 
2021-12-26 10:27:24,643 - root - INFO - Epoch 14  Loss: 0.0726  Train-Time: 475.790s  Eval-Time: 34.238s 
2021-12-26 10:27:24,644 - root - INFO - Eval P:[0.1200 0.0860 0.0720 0.0605 0.0520 0.0415 ] | R:[0.0143 0.0442 0.0871 0.1425 0.2917 0.4215 ] | NDCG: [0.1200 0.0994 0.1023 0.1161 0.1640 0.2076 ]
2021-12-26 10:27:24,644 - root - INFO - Test P:[0.1400 0.0900 0.0820 0.0760 0.0554 0.0426 ] | R:0.0102 0.0523 0.1040 0.1983 0.3228 0.4863 ] | NDCG:0.1400 0.1046 0.1094 0.1373 0.1800 0.2282 ]
2021-12-26 10:27:24,644 - root - INFO - 
2021-12-26 10:36:06,691 - root - INFO - Epoch 15  Loss: 0.0712  Train-Time: 480.869s  Eval-Time: 33.085s 
2021-12-26 10:36:06,692 - root - INFO - Eval P:[0.0800 0.1080 0.0910 0.0770 0.0580 0.0410 ] | R:[0.0120 0.0627 0.1251 0.2091 0.3855 0.5265 ] | NDCG: [0.0800 0.1098 0.1209 0.1466 0.2037 0.2453 ]
2021-12-26 10:36:06,692 - root - INFO - Test P:[0.0900 0.0740 0.0630 0.0550 0.0410 0.0332 ] | R:0.0206 0.0571 0.0954 0.1655 0.2779 0.4634 ] | NDCG:0.0900 0.0863 0.0950 0.1187 0.1572 0.2086 ]
2021-12-26 10:36:06,692 - root - INFO - 
2021-12-26 10:44:43,276 - root - INFO - Epoch 16  Loss: 0.0701  Train-Time: 475.891s  Eval-Time: 32.706s 
2021-12-26 10:44:43,277 - root - INFO - Eval P:[0.1200 0.0840 0.0790 0.0745 0.0592 0.0463 ] | R:[0.0227 0.0625 0.1025 0.1999 0.3773 0.5426 ] | NDCG: [0.1200 0.1027 0.1114 0.1417 0.1951 0.2461 ]
2021-12-26 10:44:43,277 - root - INFO - Test P:[0.1100 0.0820 0.0690 0.0660 0.0550 0.0407 ] | R:0.0208 0.0649 0.0981 0.1796 0.3432 0.4588 ] | NDCG:0.1100 0.1006 0.1025 0.1297 0.1825 0.2217 ]
2021-12-26 10:44:43,277 - root - INFO - 
2021-12-26 10:53:18,825 - root - INFO - Epoch 17  Loss: 0.0691  Train-Time: 474.381s  Eval-Time: 33.212s 
2021-12-26 10:53:18,825 - root - INFO - Eval P:[0.0600 0.0700 0.0660 0.0580 0.0438 0.0328 ] | R:[0.0117 0.0677 0.1096 0.1892 0.3313 0.4755 ] | NDCG: [0.0600 0.0782 0.0946 0.1249 0.1708 0.2119 ]
2021-12-26 10:53:18,825 - root - INFO - Test P:[0.1300 0.0840 0.0750 0.0645 0.0530 0.0386 ] | R:0.0156 0.0640 0.1109 0.1992 0.3748 0.5189 ] | NDCG:0.1300 0.1020 0.1100 0.1355 0.1945 0.2390 ]
2021-12-26 10:53:18,825 - root - INFO - 
2021-12-26 11:01:51,133 - root - INFO - Epoch 18  Loss: 0.0682  Train-Time: 475.847s  Eval-Time: 28.581s 
2021-12-26 11:01:51,133 - root - INFO - Eval P:[0.0700 0.0920 0.0750 0.0610 0.0476 0.0369 ] | R:[0.0076 0.0735 0.1174 0.2030 0.3440 0.4917 ] | NDCG: [0.0700 0.0989 0.1077 0.1292 0.1735 0.2187 ]
2021-12-26 11:01:51,134 - root - INFO - Test P:[0.1200 0.0940 0.0780 0.0690 0.0548 0.0411 ] | R:0.0222 0.0577 0.0931 0.1588 0.3295 0.4834 ] | NDCG:0.1200 0.1107 0.1116 0.1292 0.1799 0.2245 ]
2021-12-26 11:01:51,134 - root - INFO - 
2021-12-26 11:10:19,896 - root - INFO - Epoch 19  Loss: 0.0674  Train-Time: 469.645s  Eval-Time: 31.258s 
2021-12-26 11:10:19,897 - root - INFO - Eval P:[0.1100 0.0760 0.0750 0.0655 0.0538 0.0399 ] | R:[0.0082 0.0606 0.1048 0.1624 0.3213 0.4695 ] | NDCG: [0.1100 0.0919 0.1040 0.1209 0.1790 0.2237 ]
2021-12-26 11:10:19,897 - root - INFO - Test P:[0.1100 0.0820 0.0750 0.0660 0.0540 0.0422 ] | R:0.0089 0.0576 0.0895 0.1851 0.3339 0.4871 ] | NDCG:0.1100 0.0969 0.1016 0.1284 0.1790 0.2269 ]
2021-12-26 11:10:19,897 - root - INFO - 
2021-12-26 11:18:45,657 - root - INFO - Epoch 20  Loss: 0.0667  Train-Time: 469.416s  Eval-Time: 28.495s 
2021-12-26 11:18:45,658 - root - INFO - Eval P:[0.0700 0.0680 0.0730 0.0700 0.0554 0.0407 ] | R:[0.0092 0.0822 0.1334 0.2156 0.3958 0.5232 ] | NDCG: [0.0700 0.0897 0.1123 0.1417 0.1979 0.2383 ]
2021-12-26 11:18:45,658 - root - INFO - Test P:[0.0800 0.0780 0.0760 0.0715 0.0516 0.0386 ] | R:0.0099 0.0612 0.1253 0.2088 0.3498 0.5009 ] | NDCG:0.0800 0.0948 0.1126 0.1424 0.1858 0.2280 ]
2021-12-26 11:18:45,658 - root - INFO - 
2021-12-26 11:18:45,658 - root - INFO - Total: 7982206 
2021-12-26 11:18:47,789 - root - INFO - 
2021-12-26 11:18:47,793 - root - INFO - Top@k Evaluation
2021-12-26 11:18:47,793 - root - INFO - Top@1:  Best epoch: 11   corresponding Test R: 0.0164    corresponding Test NDCG: 0.1400
2021-12-26 11:18:47,793 - root - INFO - Top@5:  Best epoch: 4   corresponding Test R: 0.0905    corresponding Test NDCG: 0.1392
2021-12-26 11:18:47,793 - root - INFO - Top@10:  Best epoch: 11   corresponding Test R: 0.1201    corresponding Test NDCG: 0.1361
2021-12-26 11:18:47,793 - root - INFO - Top@20:  Best epoch: 4   corresponding Test R: 0.2718    corresponding Test NDCG: 0.1962
2021-12-26 11:18:47,793 - root - INFO - Top@50:  Best epoch: 2   corresponding Test R: 0.3564    corresponding Test NDCG: 0.1975
2021-12-26 11:18:47,793 - root - INFO - Top@100:  Best epoch: 2   corresponding Test R: 0.5400    corresponding Test NDCG: 0.2508
2021-12-26 11:18:47,793 - root - INFO - --------------------------------
2021-12-26 11:18:47,793 - root - INFO - 
2021-12-26 11:18:47,793 - root - INFO - Top@1 recommendation:   Avg-best-R 0.0224 | Avg-best-NDCG: 0.1320 
2021-12-26 11:18:47,793 - root - INFO - Top@5 recommendation:   Avg-best-R 0.0853 | Avg-best-NDCG: 0.1350 
2021-12-26 11:18:47,793 - root - INFO - Top@10 recommendation:   Avg-best-R 0.1069 | Avg-best-NDCG: 0.1118 
2021-12-26 11:18:47,793 - root - INFO - Top@20 recommendation:   Avg-best-R 0.2514 | Avg-best-NDCG: 0.1834 
2021-12-26 11:18:47,794 - root - INFO - Top@50 recommendation:   Avg-best-R 0.3794 | Avg-best-NDCG: 0.2182 
2021-12-26 11:18:47,794 - root - INFO - Top@100 recommendation:   Avg-best-R 0.5129 | Avg-best-NDCG: 0.2601 
2021-12-26 11:18:47,794 - root - INFO - ********************************************************************************************
2021-12-26 11:18:47,794 - root - INFO - ********************************************************************************************
